1
503250742
18
937222166
244216951
289872105
153722970
711820321
501501
5
34
1
28
36
288029851
784
437500343
444444674
171875181
160000246
678240967
387755315
650205970
960271906
1
3
1
9
36
100
225
441
46
14
14
30
59
928409348
458597329
670376359
163940589
104961020
678432795
286676
241260382
791949988
567579327
735023112
260739740
260895830
409201265
216931206
433054090
45976633
911841157
813672760
571045993
917652298
577245654
235860198
414898433
130930738
638227786
546856946
651099498
82212021
686491477
765477516
95569115
495869187
491744740
5761397
668649540
53758432
88395080
129425391
571163878
370880326
933342208
415367319
294285098
283263695
661863211
129053886
348913353
45405115
691992017
425377541
692506484
367518123
887725505
137108870
666508131
688095491
829528068
816605181
538045155
294945613
790261477
712402112
