Case #1: 1 0
Case #2: 1 0
Case #3: 1 1
Case #4: 0 0
Case #5: 500 499
Case #6: 0 0
Case #7: 499 499
Case #8: 1 1
Case #9: 0 0
Case #10: 1 1
Case #11: 1 0
Case #12: 1 1
Case #13: 0 0
Case #14: 1 0
Case #15: 0 0
Case #16: 0 0
Case #17: 0 0
Case #18: 250 249
Case #19: 0 0
Case #20: 0 0
Case #21: 1 1
Case #22: 3 2
Case #23: 0 0
Case #24: 0 0
Case #25: 0 0
Case #26: 0 0
Case #27: 0 0
Case #28: 0 0
Case #29: 3 3
Case #30: 0 0
Case #31: 125 124
Case #32: 0 0
Case #33: 1 0
Case #34: 0 0
Case #35: 0 0
Case #36: 0 0
Case #37: 1 0
Case #38: 0 0
Case #39: 1 0
Case #40: 3 2
Case #41: 0 0
Case #42: 0 0
Case #43: 0 0
Case #44: 3 3
Case #45: 1 1
Case #46: 1 1
Case #47: 0 0
Case #48: 0 0
Case #49: 3 3
Case #50: 0 0
Case #51: 0 0
Case #52: 1 0
Case #53: 0 0
Case #54: 0 0
Case #55: 0 0
Case #56: 1 0
Case #57: 1 0
Case #58: 0 0
Case #59: 0 0
Case #60: 0 0
Case #61: 0 0
Case #62: 2 1
Case #63: 3 3
Case #64: 0 0
Case #65: 1 1
Case #66: 0 0
Case #67: 0 0
Case #68: 0 0
Case #69: 1 0
Case #70: 1 0
Case #71: 0 0
Case #72: 1 0
Case #73: 1 1
Case #74: 0 0
Case #75: 1 1
Case #76: 0 0
Case #77: 0 0
Case #78: 0 0
Case #79: 3 2
Case #80: 1 0
Case #81: 1 0
Case #82: 1 0
Case #83: 0 0
Case #84: 7 6
Case #85: 2 2
Case #86: 0 0
Case #87: 3 2
Case #88: 250 249
Case #89: 1 0
Case #90: 249 249
Case #91: 7 6
Case #92: 0 0
Case #93: 0 0
Case #94: 1 0
Case #95: 1 0
Case #96: 1 1
Case #97: 0 0
Case #98: 1 0
Case #99: 1 0
Case #100: 0 0
