Case #1: 1 0
Case #2: 1 0
Case #3: 1 1
Case #4: 0 0
Case #5: 500 499
Case #6: 249999 249999
Case #7: 0 0
Case #8: 0 0
Case #9: 0 0
Case #10: 1 0
Case #11: 7812 7811
Case #12: 3 2
Case #13: 0 0
Case #14: 0 0
Case #15: 0 0
Case #16: 0 0
Case #17: 0 0
Case #18: 0 0
Case #19: 1 1
Case #20: 2 1
Case #21: 1 0
Case #22: 1 0
Case #23: 1 1
Case #24: 0 0
Case #25: 0 0
Case #26: 0 0
Case #27: 1 0
Case #28: 1 1
Case #29: 1 0
Case #30: 1 1
Case #31: 3906 3905
Case #32: 1 0
Case #33: 3 2
Case #34: 2 2
Case #35: 1 0
Case #36: 499999 499999
Case #37: 0 0
Case #38: 0 0
Case #39: 3905 3905
Case #40: 0 0
Case #41: 0 0
Case #42: 0 0
Case #43: 0 0
Case #44: 1 1
Case #45: 0 0
Case #46: 0 0
Case #47: 0 0
Case #48: 0 0
Case #49: 0 0
Case #50: 0 0
Case #51: 1 0
Case #52: 1 0
Case #53: 1 1
Case #54: 0 0
Case #55: 1 0
Case #56: 0 0
Case #57: 0 0
Case #58: 1 1
Case #59: 500000 499999
Case #60: 0 0
Case #61: 1 1
Case #62: 0 0
Case #63: 1 0
Case #64: 1 0
Case #65: 0 0
Case #66: 3906 3905
Case #67: 0 0
Case #68: 0 0
Case #69: 0 0
Case #70: 0 0
Case #71: 1953 1952
Case #72: 0 0
Case #73: 0 0
Case #74: 7812 7811
Case #75: 0 0
Case #76: 0 0
Case #77: 0 0
Case #78: 1 0
Case #79: 1 0
Case #80: 1 0
Case #81: 0 0
Case #82: 1 1
Case #83: 1 0
Case #84: 125000 124999
Case #85: 0 0
Case #86: 1 0
Case #87: 0 0
Case #88: 0 0
Case #89: 3 2
Case #90: 0 0
Case #91: 0 0
Case #92: 1 1
Case #93: 0 0
Case #94: 0 0
Case #95: 0 0
Case #96: 1 0
Case #97: 1 0
Case #98: 250000 249999
Case #99: 0 0
Case #100: 250000 249999
