Case #1: 1 1
Case #2: 2 0
Case #3: 2 0
Case #4: 2 1
Case #5: 2 1
Case #6: 500 0
Case #7: 500 0
Case #8: 500 0
Case #9: 333 0
Case #10: 10 0
Case #11: 333 1
Case #12: 333 0
Case #13: 499 1
Case #14: 111 3
Case #15: 1000 0
Case #16: 500 0
Case #17: 333 0
Case #18: 333 1
Case #19: 22 1
Case #20: 1 999
Case #21: 499 0
Case #22: 5 54
Case #23: 14 0
Case #24: 333 0
Case #25: 333 0
Case #26: 499 0
Case #27: 33 49
Case #28: 7 53
Case #29: 8 45
Case #30: 500 0
Case #31: 333 0
Case #32: 333 0
Case #33: 333 0
Case #34: 500 0
Case #35: 500 0
Case #36: 500 0
Case #37: 500 0
Case #38: 10 51
Case #39: 7 1
Case #40: 96 54
Case #41: 5 0
Case #42: 111 2
Case #43: 1000 0
Case #44: 111 0
Case #45: 4 1
Case #46: 333 1
Case #47: 3 0
Case #48: 11 0
Case #49: 9 0
Case #50: 5 1
Case #51: 36 46
Case #52: 19 47
Case #53: 333 1
Case #54: 16 38
Case #55: 42 58
Case #56: 7 49
Case #57: 500 0
Case #58: 5 53
Case #59: 5 1
Case #60: 333 1
Case #61: 521 479
Case #62: 143 857
Case #63: 1 0
Case #64: 11 47
Case #65: 3 59
Case #66: 9 1
Case #67: 127 82
Case #68: 89 64
Case #69: 12 1
Case #70: 25 46
Case #71: 18 40
Case #72: 1 1
Case #73: 333 0
Case #74: 16 1
Case #75: 10 44
Case #76: 43 0
Case #77: 111 0
Case #78: 500 1
Case #79: 9 1
Case #80: 500 0
Case #81: 52 1
Case #82: 333 0
Case #83: 333 0
Case #84: 111 1
Case #85: 5 57
Case #86: 500 0
Case #87: 111 1
Case #88: 500 0
Case #89: 22 46
Case #90: 500 0
Case #91: 333 0
Case #92: 500 0
Case #93: 500 0
Case #94: 54 1
Case #95: 333 0
Case #96: 333 1
Case #97: 9 1
Case #98: 56 0
Case #99: 333 0
Case #100: 125 0
