Case #1: 1 1
Case #2: 2 0
Case #3: 2 0
Case #4: 195 1
Case #5: 187 1
Case #6: 191 101
Case #7: 201 108
Case #8: 500 0
Case #9: 247 1
Case #10: 210 107
Case #11: 244 103
Case #12: 1 1
Case #13: 1 0
Case #14: 195 100
Case #15: 221 104
Case #16: 223 101
Case #17: 182 108
Case #18: 212 110
Case #19: 168 105
Case #20: 171 106
Case #21: 209 0
Case #22: 500 0
Case #23: 500 0
Case #24: 500 0
Case #25: 514 0
Case #26: 500 0
Case #27: 215 102
Case #28: 241 106
Case #29: 226 103
Case #30: 1000 0
Case #31: 203 102
Case #32: 184 102
Case #33: 178 1
Case #34: 209 0
Case #35: 231 0
Case #36: 181 0
Case #37: 207 102
Case #38: 500 0
Case #39: 173 102
Case #40: 224 0
Case #41: 187 1
Case #42: 510 490
Case #43: 241 0
Case #44: 186 0
Case #45: 3 0
Case #46: 215 108
Case #47: 190 103
Case #48: 236 105
Case #49: 187 1
Case #50: 197 0
Case #51: 177 107
Case #52: 500 0
Case #53: 178 103
Case #54: 527 473
Case #55: 185 107
Case #56: 176 103
Case #57: 229 109
Case #58: 187 0
Case #59: 500 0
Case #60: 175 103
Case #61: 214 1
Case #62: 221 107
Case #63: 244 0
Case #64: 172 0
Case #65: 500 0
Case #66: 228 0
Case #67: 225 102
Case #68: 212 1
Case #69: 178 103
Case #70: 2 0
Case #71: 500 0
Case #72: 233 1
Case #73: 236 0
Case #74: 196 105
Case #75: 500 0
Case #76: 191 104
Case #77: 172 106
Case #78: 184 0
Case #79: 217 0
Case #80: 195 110
Case #81: 189 103
Case #82: 223 100
Case #83: 215 106
Case #84: 200 109
Case #85: 169 110
Case #86: 238 1
Case #87: 187 101
Case #88: 500 0
Case #89: 210 0
Case #90: 500 0
Case #91: 220 1
Case #92: 500 0
Case #93: 188 0
Case #94: 200 0
Case #95: 176 1
Case #96: 230 100
Case #97: 500 0
Case #98: 245 102
Case #99: 222 1
Case #100: 500 0
