Case #1:
GGG
CCC
JJJ
Case #2:
CODE
CODE
JJAM
Case #3:
CA
KE
Case #4:
AB
AB
Case #5:
HHHH
BBED
CFGA
Case #6:
TTTTTTTTTTTTTTTTTTTTTTTTT
TTTTTTTTTTTTTTTTTTTTTTTTT
TTTTTTTTTTTTTTTTTTTTTTTTT
TTTTTTTTTTTTTTTTTTTTTTTTT
TTTTTTTTTTTTTTTTTTTTTTTTT
TTTTTTTTTTTTTTTTTTTTTTTTT
TTTTTTTTTTTTTTTTTTTTTTTTT
TTTTTTTTTTTTTTTTTTTTTTTTT
TTTTTTTTTTTTTTTTTTTTTTTTT
TTTTTTTTTTTTTTTTTTTTTTTTT
QQQQQQQQQQQBBBBBBBBBBBBBB
WWWWWWWWWWJJRDDDDDDDDDDDD
HHHHHHHHHHHHIGSSSSSSSSSSS
VVVVVVZZKXCCCPMMMMMMMMMMM
FFFFFFFFOOOOOUYYYYYYYYYYY
AAAAAAAAAAENNNNNNNNNNNNNN
AAAAAAAAAAENNNNNNNNNNNNNN
LLLLLLLLLLLLLLLLLLLLLLLLL
LLLLLLLLLLLLLLLLLLLLLLLLL
LLLLLLLLLLLLLLLLLLLLLLLLL
LLLLLLLLLLLLLLLLLLLLLLLLL
LLLLLLLLLLLLLLLLLLLLLLLLL
LLLLLLLLLLLLLLLLLLLLLLLLL
LLLLLLLLLLLLLLLLLLLLLLLLL
LLLLLLLLLLLLLLLLLLLLLLLLL
Case #7:
ZZZZZZZZZZZZZZZZZZZZZZZZZ
ZZZZZZZZZZZZZZZZZZZZZZZZZ
ZZZZZZZZZZZZZZZZZZZZZZZZZ
ZZZZZZZZZZZZZZZZZZZZZZZZZ
ZZZZZZZZZZZZZZZZZZZZZZZZZ
ZZZZZZZZZZZZZZZZZZZZZZZZZ
DDDDDDDDDDDDDDDDDDDDDDDDD
WWWSSSSCCCCCCCCCCCCCCCCCC
QQQQQQIIIYYYYYYYYYYYYYYYY
HHHHHHEEEEEBBBBBBBBBBBBBB
RRRRRRRRRRRRRRRRRRRRRRRRR
LLLLOOOOOOOOOOOOOOOOOOOOO
MMMMMMPVNJJAAAAAAAAAAAAAA
MMMMMMPVNJJAAAAAAAAAAAAAA
UUUUXXXXXXXXXXXXXXXXXXXXX
TTTFFFFFFFFFFFFFFFFFFFFFF
GGGGGGGGGGGGGGGGGGGGGGGGG
KKKKKKKKKKKKKKKKKKKKKKKKK
KKKKKKKKKKKKKKKKKKKKKKKKK
KKKKKKKKKKKKKKKKKKKKKKKKK
KKKKKKKKKKKKKKKKKKKKKKKKK
KKKKKKKKKKKKKKKKKKKKKKKKK
KKKKKKKKKKKKKKKKKKKKKKKKK
KKKKKKKKKKKKKKKKKKKKKKKKK
KKKKKKKKKKKKKKKKKKKKKKKKK
Case #8:
ABCDEFGHIJKLMNOPQRSTUVWXY
ABCDEFGHIJKLMNOPQRSTUVWXY
ABCDEFGHIJKLMNOPQRSTUVWXY
ABCDEFGHIJKLMNOPQRSTUVWXY
ABCDEFGHIJKLMNOPQRSTUVWXY
ABCDEFGHIJKLMNOPQRSTUVWXY
ABCDEFGHIJKLMNOPQRSTUVWXY
ABCDEFGHIJKLMNOPQRSTUVWXY
ABCDEFGHIJKLMNOPQRSTUVWXY
ABCDEFGHIJKLMNOPQRSTUVWXY
ABCDEFGHIJKLMNOPQRSTUVWXY
ABCDEFGHIJKLMNOPQRSTUVWXY
ABCDEFGHIJKLMNOPQRSTUVWXY
ABCDEFGHIJKLMNOPQRSTUVWXY
ABCDEFGHIJKLMNOPQRSTUVWXY
ABCDEFGHIJKLMNOPQRSTUVWXY
ABCDEFGHIJKLMNOPQRSTUVWXY
ABCDEFGHIJKLMNOPQRSTUVWXY
ABCDEFGHIJKLMNOPQRSTUVWXY
ABCDEFGHIJKLMNOPQRSTUVWXY
ABCDEFGHIJKLMNOPQRSTUVWXY
ABCDEFGHIJKLMNOPQRSTUVWXY
ABCDEFGHIJKLMNOPQRSTUVWXY
ABCDEFGHIJKLMNOPQRSTUVWXY
ABCDEFGHIJKLMNOPQRSTUVWXY
Case #9:
AB
Case #10:
AAAAAAABBBBBBBBBBBBBBBBBB
AAAAAAABBBBBBBBBBBBBBBBBB
AAAAAAABBBBBBBBBBBBBBBBBB
AAAAAAABBBBBBBBBBBBBBBBBB
CCCCCCCCCCCCCCCCCCCCCCCCC
DDDDDDDDDDDDDDDDDDDDDDDDD
EEEEEEEEEEEEEEEEEEEEEEEEE
EEEEEEEEEEEEEEEEEEEEEEEEE
EEEEEEEEEEEEEEEEEEEEEEEEE
EEEEEEEEEEEEEEEEEEEEEEEEE
EEEEEEEEEEEEEEEEEEEEEEEEE
EEEEEEEEEEEEEEEEEEEEEEEEE
EEEEEEEEEEEEEEEEEEEEEEEEE
EEEEEEEEEEEEEEEEEEEEEEEEE
EEEEEEEEEEEEEEEEEEEEEEEEE
EEEEEEEEEEEEEEEEEEEEEEEEE
EEEEEEEEEEEEEEEEEEEEEEEEE
EEEEEEEEEEEEEEEEEEEEEEEEE
EEEEEEEEEEEEEEEEEEEEEEEEE
FFFFFFFFFFFFFFFFFFFHHHHHH
JJJJJJJJJJJJJJJJJJJJJJJJJ
JJJJJJJJJJJJJJJJJJJJJJJJJ
JJJJJJJJJJJJJJJJJJJJJJJJJ
JJJJJJJJJJJJJJJJJJJJJJJJJ
GGGGGGGGGGGGGGGGGGGGIIIII
Case #11:
ABCDEFGHIJKLMNOPQRSTUVWXY
ABCDEFGHIJKLMNOPQRSTUVWXY
ABCDEFGHIJKLMNOPQRSTUVWXY
ABCDEFGHIJKLMNOPQRSTUVWXY
ABCDEFGHIJKLMNOPQRSTUVWXY
ABCDEFGHIJKLMNOPQRSTUVWXY
ABCDEFGHIJKLMNOPQRSTUVWXY
ABCDEFGHIJKLMNOPQRSTUVWXY
ABCDEFGHIJKLMNOPQRSTUVWXY
ABCDEFGHIJKLMNOPQRSTUVWXY
ABCDEFGHIJKLMNOPQRSTUVWXY
ABCDEFGHIJKLMNOPQRSTUVWXY
ABCDEFGHIJKLMNOPQRSTUVWXY
ABCDEFGHIJKLMNOPQRSTUVWXY
ABCDEFGHIJKLMNOPQRSTUVWXY
ABCDEFGHIJKLMNOPQRSTUVWXY
ABCDEFGHIJKLMNOPQRSTUVWXY
ABCDEFGHIJKLMNOPQRSTUVWXY
ABCDEFGHIJKLMNOPQRSTUVWXY
ABCDEFGHIJKLMNOPQRSTUVWXY
ABCDEFGHIJKLMNOPQRSTUVWXY
ABCDEFGHIJKLMNOPQRSTUVWXY
ABCDEFGHIJKLMNOPQRSTUVWXY
ABCDEFGHIJKLMNOPQRSTUVWXY
ABCDEFGHIJKLMNOPQRSTUVWXY
Case #12:
BBBBBBBBBBBBBBBBBBBBBBBBB
OOOOOOOOOOOOOOOOOOOOOOOOO
TTTTTLLLLLLLLLLLLLLLLLLLW
PPPPPPPPPPPPPPPPPPPPPPPPP
AAAAAAEEEEEEEEEEEEYYYYYYY
IIIIIIIIIIIIIIIIIIIIIIIII
SSSSSSSSSSSSSSSSSSSSSSSSS
ZZZZZZZZZZZZZZZZZZZZZZZZZ
CCCCCCCCCCCCCCCCCCCCCCCCC
QQQQQQQQQQQQQQQQQQQQFFFFF
QQQQQQQQQQQQQQQQQQQQFFFFF
HHHHHHHHHHHHHHHHHHHHHHVVV
DDDDDDDDDDDDDDDDDDDDDDDDD
DDDDDDDDDDDDDDDDDDDDDDDDD
MMMMMMMMMMMMMMMMMMMMMMMMM
MMMMMMMMMMMMMMMMMMMMMMMMM
MMMMMMMMMMMMMMMMMMMMMMMMM
MMMMMMMMMMMMMMMMMMMMMMMMM
RRRRRRRRRRRRRRRRRRRRRRNNN
XXXXXXXXXXXXXXXXXXXXXXXXX
JJJJJJJJJJJJJJJJJJJJJJJJJ
UUUUGGGGGGGGGGGGGGGGGGGGG
UUUUGGGGGGGGGGGGGGGGGGGGG
UUUUGGGGGGGGGGGGGGGGGGGGG
KKKKKKKKKKKKKKKKKKKKKKKKK
Case #13:
QQQQQQQQQQQQQVVVWRYYZUTKK
DDDDDDDDDDDDDLBBBNNHHHHHH
PPPPPPPPPPPPPPJOOIIFFSSSS
GGGGGGGGGGGGGGGMAAAAAXXXX
EEEEEEEEEEEEEEEEEEEEEEEEE
CCCCCCCCCCCCCCCCCCCCCCCCC
CCCCCCCCCCCCCCCCCCCCCCCCC
CCCCCCCCCCCCCCCCCCCCCCCCC
CCCCCCCCCCCCCCCCCCCCCCCCC
CCCCCCCCCCCCCCCCCCCCCCCCC
CCCCCCCCCCCCCCCCCCCCCCCCC
CCCCCCCCCCCCCCCCCCCCCCCCC
CCCCCCCCCCCCCCCCCCCCCCCCC
CCCCCCCCCCCCCCCCCCCCCCCCC
CCCCCCCCCCCCCCCCCCCCCCCCC
CCCCCCCCCCCCCCCCCCCCCCCCC
CCCCCCCCCCCCCCCCCCCCCCCCC
CCCCCCCCCCCCCCCCCCCCCCCCC
CCCCCCCCCCCCCCCCCCCCCCCCC
CCCCCCCCCCCCCCCCCCCCCCCCC
CCCCCCCCCCCCCCCCCCCCCCCCC
CCCCCCCCCCCCCCCCCCCCCCCCC
CCCCCCCCCCCCCCCCCCCCCCCCC
CCCCCCCCCCCCCCCCCCCCCCCCC
CCCCCCCCCCCCCCCCCCCCCCCCC
Case #14:
AAAA
EEEE
BBCF
DDDD
DDDD
DDDD
Case #15:
EEEFG
CCHIA
BBBBB
DDDDD
DDDDD
DDDDD
DDDDD
Case #16:
AAAAAAAAAAAAAAAAAAAAAAAAA
BBBBBBBBBBBBBBBBBBBBBBBBB
CCCCCCCCCCCCCCCCCCCCCCCCC
DDDDDDDDDDDDDDDDDDDDDDDDD
EEEEEEEEEEEEEEEEEEEEEEEEE
FFFFFFFFFFFFFFFFFFFFFFFFF
GGGGGGGGGGGGGGGGGGGGGGGGG
HHHHHHHHHHHHHHHHHHHHHHHHH
IIIIIIIIIIIIIIIIIIIIIIIII
JJJJJJJJJJJJJJJJJJJJJJJJJ
KKKKKKKKKKKKKKKKKKKKKKKKK
LLLLLLLLLLLLLLLLLLLLLLLLL
MMMMMMMMMMMMMMMMMMMMMMMMM
NNNNNNNNNNNNNNNNNNNNNNNNN
OOOOOOOOOOOOOOOOOOOOOOOOO
PPPPPPPPPPPPPPPPPPPPPPPPP
QQQQQQQQQQQQQQQQQQQQQQQQQ
RRRRRRRRRRRRRRRRRRRRRRRRR
SSSSSSSSSSSSSSSSSSSSSSSSS
TTTTTTTTTTTTTTTTTTTTTTTTT
UUUUUUUUUUUUUUUUUUUUUUUUU
VVVVVVVVVVVVVVVVVVVVVVVVV
WWWWWWWWWWWWWWWWWWWWWWWWW
XXXXXXXXXXXXXXXXXXXXXXXXX
YYYYYYYYYYYYYYYYYYYYYYYYY
Case #17:
IIIIIIIIIIIIIIIIIIIIIIIIA
IIIIIIIIIIIIIIIIIIIIIIIIA
IIIIIIIIIIIIIIIIIIIIIIIIA
IIIIIIIIIIIIIIIIIIIIIIIIA
QQQQQQQQQQQQQQQQQQQQQQQQN
DDDDDDDDDDDDDDDDDDDDDDDDT
HHHHHHHHHHHHHHHHHHHHHHHHH
GGGGGGGGGGGGGGGGGGGGGGGFF
UUUUUUUUUUUUUUUUUULLLLLLL
PPPPPPPPPPPPPPPPPPPPSSSSS
MMMMMMMMMMMMMMMMMMMJJYYYY
OOOOOOOOOOOOOOOOOOOOXXXXX
ZZZZZZZZZZZZZZZZZZZZZZZZZ
VVVVVVVVVVVVVVVVVVVVVVVVR
VVVVVVVVVVVVVVVVVVVVVVVVR
BBBBBBBBBBBBBBBBBBBBBBBWW
CCCCCCCCCCCCCCCCCCCCCCCCC
EEEEEEEEEEEEEEEEEEEEEEEEE
KKKKKKKKKKKKKKKKKKKKKKKKK
KKKKKKKKKKKKKKKKKKKKKKKKK
KKKKKKKKKKKKKKKKKKKKKKKKK
KKKKKKKKKKKKKKKKKKKKKKKKK
KKKKKKKKKKKKKKKKKKKKKKKKK
KKKKKKKKKKKKKKKKKKKKKKKKK
KKKKKKKKKKKKKKKKKKKKKKKKK
Case #18:
AAAAAAAAAAAAAAAAAAAAAAAAA
BBBBBBBBBBBBBBBBBBBBBBBBB
CCCCCCCCCCCCCCCCCCCCCCCCC
DDDDDDDDDDDDDDDDDDDDDDDDD
EEEEEEEEEEEEEEEEEEEEEEEEE
FFFFFFFFFFFFFFFFFFFFFFFFF
GGGGGGGGGGGGGGGGGGGGGGGGG
HHHHHHHHHHHHHHHHHHHHHHHHH
IIIIIIIIIIIIIIIIIIIIIIIII
JJJJJJJJJJJJJJJJJJJJJJJJJ
KKKKKKKKKKKKKKKKKKKKKKKKK
LLLLLLLLLLLLLLLLLLLLLLLLL
MMMMMMMMMMMMMMMMMMMMMMMMM
NNNNNNNNNNNNNNNNNNNNNNNNN
OOOOOOOOOOOOOOOOOOOOOOOOO
PPPPPPPPPPPPPPPPPPPPPPPPP
QQQQQQQQQQQQQQQQQQQQQQQQQ
RRRRRRRRRRRRRRRRRRRRRRRRR
SSSSSSSSSSSSSSSSSSSSSSSSS
TTTTTTTTTTTTTTTTTTTTTTTTT
UUUUUUUUUUUUUUUUUUUUUUUUU
VVVVVVVVVVVVVVVVVVVVVVVVV
WWWWWWWWWWWWWWWWWWWWWWWWW
XXXXXXXXXXXXXXXXXXXXXXXXX
YYYYYYYYYYYYYYYYYYYYYYYYY
Case #19:
NNNNNNNNNNNNNNNNNNNNNNNNN
IIIIIIIIIIIIIIIIIIIIIIIII
UUUUUUUUUUUUUUUUUUUUUUUJJ
UUUUUUUUUUUUUUUUUUUUUUUJJ
DDDDDDDDDDDDDDDDDDDDDDDDD
DDDDDDDDDDDDDDDDDDDDDDDDD
RRRRRRRRRRRRRRRRRRRRRRRRR
RRRRRRRRRRRRRRRRRRRRRRRRR
RRRRRRRRRRRRRRRRRRRRRRRRR
FFFFFFFFFFFFFFFFFFFFFFFFF
FFFFFFFFFFFFFFFFFFFFFFFFF
QQQQQQQQQQQQQQQQQQQQQQQQQ
MMMMMMMMMMMMMMMMMMMMMMMMM
LLLLLLLLLLLLLLLLLLLLLLLLL
WWWWWWWWWWWWWVVVVVVVVVVVV
OOOOOOOOOOOOOOOOOOHHHHHTT
OOOOOOOOOOOOOOOOOOHHHHHTT
EEEEEEEEEEEEEEEEEEEEEEEEE
ZZZZZZZZZZZZZZZZZZZZZZZZZ
XXXXXXXXXXXXXXXXXKKKKKKKK
XXXXXXXXXXXXXXXXXKKKKKKKK
XXXXXXXXXXXXXXXXXKKKKKKKK
CCCCCCCCCCCCCCCCCCCCSSSSS
BBBBBBBBBPPPPPPPPPPPPPPPP
GGGGGGAAAAAAAAAAYYYYYYYYY
Case #20:
UUUXXXXXXXXFFFFFFFFFFFFFF
PVVVVVVDYYYYYYYYYYYYYYYYY
HHHGGGGAAAAAAAAAAAAAAAAAA
NNNNNQQEEEWRRRRRRRRRRRRRR
JJJJJJJJJJJJJJJJJJJJJJJJJ
SSIBBBBMMMMMMMMMMMMMMMMMM
ZZZZZZLLLLLLLLLLLLLLLLLLL
ZZZZZZLLLLLLLLLLLLLLLLLLL
TTTTTTTOOOOOOOOOOOOOOOOOO
TTTTTTTOOOOOOOOOOOOOOOOOO
CCCCCCCCCCCCCCCCCCCCCCCCC
KKKKKKKKKKKKKKKKKKKKKKKKK
KKKKKKKKKKKKKKKKKKKKKKKKK
KKKKKKKKKKKKKKKKKKKKKKKKK
KKKKKKKKKKKKKKKKKKKKKKKKK
KKKKKKKKKKKKKKKKKKKKKKKKK
KKKKKKKKKKKKKKKKKKKKKKKKK
KKKKKKKKKKKKKKKKKKKKKKKKK
KKKKKKKKKKKKKKKKKKKKKKKKK
KKKKKKKKKKKKKKKKKKKKKKKKK
KKKKKKKKKKKKKKKKKKKKKKKKK
KKKKKKKKKKKKKKKKKKKKKKKKK
KKKKKKKKKKKKKKKKKKKKKKKKK
KKKKKKKKKKKKKKKKKKKKKKKKK
KKKKKKKKKKKKKKKKKKKKKKKKK
Case #21:
ZZZZZZZZZZZZZZZZZZZZZZZZZ
ZZZZZZZZZZZZZZZZZZZZZZZZZ
ZZZZZZZZZZZZZZZZZZZZZZZZZ
ZZZZZZZZZZZZZZZZZZZZZZZZZ
WWWWWWWWWWXXGGGGGCCCCCCCC
NNNNNNNNNNNNNNRRRRRRRRRRR
PPPPPPPPPPPPPPPPPPPFFFFFF
PPPPPPPPPPPPPPPPPPPFFFFFF
TTTTTTTTTTTTTTTTTTTTTTTTT
TTTTTTTTTTTTTTTTTTTTTTTTT
TTTTTTTTTTTTTTTTTTTTTTTTT
TTTTTTTTTTTTTTTTTTTTTTTTT
TTTTTTTTTTTTTTTTTTTTTTTTT
HHHHHEEEEJJJJJJJJJJJJJJJJ
OOOOOOOOOOOOOOOOOOOOOOOOO
LLLLLLLLLLLLLLLLLLLLLLIII
BBBBBBBBBBBBBBBBBBBBBBBBB
SSSSSSSSSSSSSSSSSUUUUUUUU
AAAAAMMMMMMMMMVVVVVVVYYYY
KKKKKKKKKKKKKKKKKKKKKKKKK
DDDDDDDDDDDDDDDDDDDDDDDDD
DDDDDDDDDDDDDDDDDDDDDDDDD
DDDDDDDDDDDDDDDDDDDDDDDDD
DDDDDDDDDDDDDDDDDDDDDDDDD
QQQQQQQQQQQQQQQQQQQQQQQQQ
Case #22:
ACCCCCCCCCCCCCCCCCCCCCCCC
ACCCCCCCCCCCCCCCCCCCCCCCC
ACCCCCCCCCCCCCCCCCCCCCCCC
ACCCCCCCCCCCCCCCCCCCCCCCC
ACCCCCCCCCCCCCCCCCCCCCCCC
ACCCCCCCCCCCCCCCCCCCCCCCC
ACCCCCCCCCCCCCCCCCCCCCCCC
EEEEEEEEEEEEEEEEEEEEEEEEE
EEEEEEEEEEEEEEEEEEEEEEEEE
EEEEEEEEEEEEEEEEEEEEEEEEE
EEEEEEEEEEEEEEEEEEEEEEEEE
BBDDDDDDDDDDDDDDDDDDDDDDD
BBDDDDDDDDDDDDDDDDDDDDDDD
BBDDDDDDDDDDDDDDDDDDDDDDD
BBDDDDDDDDDDDDDDDDDDDDDDD
FFFFFFFFFFFFFFFFFFFFFFFGG
HHHHHHHHHHHHHHHHHHHHHHHHH
IIIIIIIIIIIIIIIIIIIIIIIII
JJJJJJJJJJJJJJJJJJJJJJJJJ
JJJJJJJJJJJJJJJJJJJJJJJJJ
JJJJJJJJJJJJJJJJJJJJJJJJJ
JJJJJJJJJJJJJJJJJJJJJJJJJ
JJJJJJJJJJJJJJJJJJJJJJJJJ
JJJJJJJJJJJJJJJJJJJJJJJJJ
JJJJJJJJJJJJJJJJJJJJJJJJJ
Case #23:
A
A
Case #24:
YYYYYYYYYYFFFFFFFFFFFFFFF
QQQQQQQQQQQQQQQQQQQQQQQQQ
PPPPPPPPPPPPPPPPPPPPPPPPP
IIIIIIIIIIIIIIIIIIIIIIIII
SSSSSSSSSSSSSSJJJJJJJJDDD
HHHHHHHHHHHHHHHHHHHHHHHHH
CCCCCCCCCCCCCCCCTTTTTTTTT
LLLLLLLLLLLLLNNNNVVVVVVVU
WWWWWWWWWWWWWWWWWWWWWWWWW
WWWWWWWWWWWWWWWWWWWWWWWWW
WWWWWWWWWWWWWWWWWWWWWWWWW
OOOOOOOOOOOOOOOOOOOOOOOOO
XXXXXXXXXXXXXXXXXXXXXXXXX
BBBBBBBBBBBBBBBBBBBBBBBBB
ZZZZZZZZZZZZZZZZZZZZZZZZZ
ZZZZZZZZZZZZZZZZZZZZZZZZZ
RRRRRRRRRRRRRRRRRRRRRRRRR
GGGGGGGGGGGGGGGGGGGGGGGGG
MMMMMMMMMMMMMMMMMMMMMMMMM
MMMMMMMMMMMMMMMMMMMMMMMMM
MMMMMMMMMMMMMMMMMMMMMMMMM
EEEEEEEEEEEEKKKKKKKKKKKKK
AAAAAAAAAAAAAAAAAAAAAAAAA
AAAAAAAAAAAAAAAAAAAAAAAAA
AAAAAAAAAAAAAAAAAAAAAAAAA
Case #25:
EAA
DFB
CCC
CCC
CCC
Case #26:
ABCDEFGHIJKLMNOPQRSTUVWXY
ABCDEFGHIJKLMNOPQRSTUVWXY
ABCDEFGHIJKLMNOPQRSTUVWXY
ABCDEFGHIJKLMNOPQRSTUVWXY
ABCDEFGHIJKLMNOPQRSTUVWXY
ABCDEFGHIJKLMNOPQRSTUVWXY
ABCDEFGHIJKLMNOPQRSTUVWXY
ABCDEFGHIJKLMNOPQRSTUVWXY
ABCDEFGHIJKLMNOPQRSTUVWXY
ABCDEFGHIJKLMNOPQRSTUVWXY
ABCDEFGHIJKLMNOPQRSTUVWXY
ABCDEFGHIJKLMNOPQRSTUVWXY
ABCDEFGHIJKLMNOPQRSTUVWXY
ABCDEFGHIJKLMNOPQRSTUVWXY
ABCDEFGHIJKLMNOPQRSTUVWXY
ABCDEFGHIJKLMNOPQRSTUVWXY
ABCDEFGHIJKLMNOPQRSTUVWXY
ABCDEFGHIJKLMNOPQRSTUVWXY
ABCDEFGHIJKLMNOPQRSTUVWXY
ABCDEFGHIJKLMNOPQRSTUVWXY
ABCDEFGHIJKLMNOPQRSTUVWXY
ABCDEFGHIJKLMNOPQRSTUVWXY
ABCDEFGHIJKLMNOPQRSTUVWXY
ABCDEFGHIJKLMNOPQRSTUVWXY
ABCDEFGHIJKLMNOPQRSTUVWXY
Case #27:
AAAAAAAABBBBBBBBBBBBBBBBB
AAAAAAAABBBBBBBBBBBBBBBBB
AAAAAAAABBBBBBBBBBBBBBBBB
AAAAAAAABBBBBBBBBBBBBBBBB
AAAAAAAABBBBBBBBBBBBBBBBB
AAAAAAAABBBBBBBBBBBBBBBBB
AAAAAAAABBBBBBBBBBBBBBBBB
AAAAAAAABBBBBBBBBBBBBBBBB
CCCCCCCCCCCCCCCCCCCCCCCCC
DDDDDDDDDDDDDDDDDDDDDDDDD
EEEEEEEEEEEEEEEEEEEEEEEEE
EEEEEEEEEEEEEEEEEEEEEEEEE
EEEEEEEEEEEEEEEEEEEEEEEEE
FFFFFFFFFFFFFHHHHHHHHHHHH
JJJJJJJJJJJJJJJJJJJJJJJJJ
JJJJJJJJJJJJJJJJJJJJJJJJJ
JJJJJJJJJJJJJJJJJJJJJJJJJ
JJJJJJJJJJJJJJJJJJJJJJJJJ
GGGGGGGGGGGGGGIIIIIIIIIII
GGGGGGGGGGGGGGIIIIIIIIIII
GGGGGGGGGGGGGGIIIIIIIIIII
GGGGGGGGGGGGGGIIIIIIIIIII
GGGGGGGGGGGGGGIIIIIIIIIII
GGGGGGGGGGGGGGIIIIIIIIIII
GGGGGGGGGGGGGGIIIIIIIIIII
Case #28:
CCB
DDA
EEE
EEE
Case #29:
DDDDDDDDDDDDDDDDDDDDDDDDD
DDDDDDDDDDDDDDDDDDDDDDDDD
DDDDDDDDDDDDDDDDDDDDDDDDD
DDDDDDDDDDDDDDDDDDDDDDDDD
WWWWWWWWWWWWWWWWWWWWWWWWW
WWWWWWWWWWWWWWWWWWWWWWWWW
ZZZZZZZZZZZZZZZZZZZZZZZZZ
XXXXXXXXXXXXXXYYYYYYYYYYY
XXXXXXXXXXXXXXYYYYYYYYYYY
FFFFFFFFFFFFFFFFFFFFFFFFF
OOOOOOOOOOOOEEEEEEEEEEEEE
SSSSSSSSSSSSSSSSSSSSSSSSS
QQQQQQQQQQQQQQQQQQQQVVVVV
CCCCCCCCCCCCCCCCIIIIIIIII
KKKKKKKKKKKKKKKKKKKKKKKKK
TTTTTTTTTTTTTTTTTTTTTAAAA
TTTTTTTTTTTTTTTTTTTTTAAAA
TTTTTTTTTTTTTTTTTTTTTAAAA
PPPPPPPPPPPPPPPPPPPPPPPPP
NNNNNNNNNNNNNNNNNNNNNNNNN
MMMMMMMMMMMMMMMMMMMMMMMBB
GGGGGGGGGGGGGGGGGGGGGGGGG
LLLLLLLLLLLLLLLLLLLHUUUUU
JJJJJJJJJJJJJJJJJJJJJJJJJ
RRRRRRRRRRRRRRRRRRRRRRRRR
Case #30:
DDDDDDDDDDDDDDDDDDDDDDDDD
AAAAAAAAAAAAAAAAAAAAAAAAA
EEEEEEEEEEEEEEEEEEEEEEEER
XXXXXXXXXXXXXXXXXXXXXXXXX
NNNNNNNNNNNNNNNNNBBBBBBBB
MMMMMMMMMMMMMMMGGGIIIPVVV
ZZZZZZZZZZZZZZZZZZZZZZZZZ
SSSSSSSSSSSSSSSSSSSSSSSSS
YYYYYYYYYYYYYYYYYYYYCCCCH
TTTTTTTTTTTTTTTTTTTTTTTQQ
WWWWWWWWWWWWWWWWWWWWWWWWU
LLLLLLLLLLLLLLLLLLLKFFFFF
JJJJJJJJJJJJJJJJJJJJJJJJJ
OOOOOOOOOOOOOOOOOOOOOOOOO
OOOOOOOOOOOOOOOOOOOOOOOOO
OOOOOOOOOOOOOOOOOOOOOOOOO
OOOOOOOOOOOOOOOOOOOOOOOOO
OOOOOOOOOOOOOOOOOOOOOOOOO
OOOOOOOOOOOOOOOOOOOOOOOOO
OOOOOOOOOOOOOOOOOOOOOOOOO
OOOOOOOOOOOOOOOOOOOOOOOOO
OOOOOOOOOOOOOOOOOOOOOOOOO
OOOOOOOOOOOOOOOOOOOOOOOOO
OOOOOOOOOOOOOOOOOOOOOOOOO
OOOOOOOOOOOOOOOOOOOOOOOOO
Case #31:
MMMMMMMMMMMMUUHHNNGBPYYYY
DDDDDDDDDDDDDDDDDCCCCCCCC
SSSSSSSSSSSSSSSREQXOOOOOO
VVVVVVVVVVVVVVVLLLKKKKKKK
WWWWWWWWWWWWWWWZTFFFFFFFF
JJJJJJJJJJJJJJJJIIIIIIIII
JJJJJJJJJJJJJJJJIIIIIIIII
AAAAAAAAAAAAAAAAAAAAAAAAA
AAAAAAAAAAAAAAAAAAAAAAAAA
AAAAAAAAAAAAAAAAAAAAAAAAA
AAAAAAAAAAAAAAAAAAAAAAAAA
AAAAAAAAAAAAAAAAAAAAAAAAA
AAAAAAAAAAAAAAAAAAAAAAAAA
AAAAAAAAAAAAAAAAAAAAAAAAA
AAAAAAAAAAAAAAAAAAAAAAAAA
AAAAAAAAAAAAAAAAAAAAAAAAA
AAAAAAAAAAAAAAAAAAAAAAAAA
AAAAAAAAAAAAAAAAAAAAAAAAA
AAAAAAAAAAAAAAAAAAAAAAAAA
AAAAAAAAAAAAAAAAAAAAAAAAA
AAAAAAAAAAAAAAAAAAAAAAAAA
AAAAAAAAAAAAAAAAAAAAAAAAA
AAAAAAAAAAAAAAAAAAAAAAAAA
AAAAAAAAAAAAAAAAAAAAAAAAA
AAAAAAAAAAAAAAAAAAAAAAAAA
Case #32:
AA
AA
Case #33:
GGGGGGGGGGGGGGGGGGGGGGGGG
MMMMMMMMMMMMMMMMMMMMMMMMO
UUUUUUUUUUUUUUUUUUUUUUUTT
IIIIIIIIIIIIIIIIIIIIIIIII
PPPPPPPPPPPPPPPPPPPPPPPWW
LLLLLLLLLLLLLLLLLLLLLLLLZ
DDDDDDDDDDDDDDDDDDDDHHHKK
YYYYYYYYYYYYYYYYYYYYQFSBR
JJJJJJJJJJJJJJJJJJJJEENNN
VVVVVVVVVVVVVVVVVVVVVVVAA
XXXXXXXXXXXXXXXXXXXXXXXXX
XXXXXXXXXXXXXXXXXXXXXXXXX
CCCCCCCCCCCCCCCCCCCCCCCCC
CCCCCCCCCCCCCCCCCCCCCCCCC
CCCCCCCCCCCCCCCCCCCCCCCCC
CCCCCCCCCCCCCCCCCCCCCCCCC
CCCCCCCCCCCCCCCCCCCCCCCCC
CCCCCCCCCCCCCCCCCCCCCCCCC
CCCCCCCCCCCCCCCCCCCCCCCCC
CCCCCCCCCCCCCCCCCCCCCCCCC
CCCCCCCCCCCCCCCCCCCCCCCCC
CCCCCCCCCCCCCCCCCCCCCCCCC
CCCCCCCCCCCCCCCCCCCCCCCCC
CCCCCCCCCCCCCCCCCCCCCCCCC
CCCCCCCCCCCCCCCCCCCCCCCCC
Case #34:
AA
Case #35:
HHHHHHHHHHHHHHHHHHHHHHHHH
HHHHHHHHHHHHHHHHHHHHHHHHH
HHHHHHHHHHHHHHHHHHHHHHHHH
HHHHHHHHHHHHHHHHHHHHHHHHH
AAAAAAAAAAAAAAAAAAAAAAAAA
VVVVVVVVVVVVVVVVVVVLYGGGG
DDDDDDDDDDDDDDDDDTMMJJEEE
IIIIIIIIIIIIIIIIXNNZZZZZZ
OOOOOOOOOOOOOOOOPPSSSSRRR
BBBBBBBBBBBBBBBBBBCCUKKKK
FFFFFFFFFFFFFFFFFFFWWQQQQ
FFFFFFFFFFFFFFFFFFFWWQQQQ
FFFFFFFFFFFFFFFFFFFWWQQQQ
FFFFFFFFFFFFFFFFFFFWWQQQQ
FFFFFFFFFFFFFFFFFFFWWQQQQ
FFFFFFFFFFFFFFFFFFFWWQQQQ
FFFFFFFFFFFFFFFFFFFWWQQQQ
FFFFFFFFFFFFFFFFFFFWWQQQQ
FFFFFFFFFFFFFFFFFFFWWQQQQ
FFFFFFFFFFFFFFFFFFFWWQQQQ
FFFFFFFFFFFFFFFFFFFWWQQQQ
FFFFFFFFFFFFFFFFFFFWWQQQQ
FFFFFFFFFFFFFFFFFFFWWQQQQ
FFFFFFFFFFFFFFFFFFFWWQQQQ
FFFFFFFFFFFFFFFFFFFWWQQQQ
Case #36:
AAA
CCD
BBB
Case #37:
AAAAABBBBBBBBBBBBBBBBBBBB
AAAAABBBBBBBBBBBBBBBBBBBB
AAAAABBBBBBBBBBBBBBBBBBBB
AAAAABBBBBBBBBBBBBBBBBBBB
AAAAABBBBBBBBBBBBBBBBBBBB
AAAAABBBBBBBBBBBBBBBBBBBB
AAAAABBBBBBBBBBBBBBBBBBBB
AAAAABBBBBBBBBBBBBBBBBBBB
AAAAABBBBBBBBBBBBBBBBBBBB
AAAAABBBBBBBBBBBBBBBBBBBB
AAAAABBBBBBBBBBBBBBBBBBBB
AAAAABBBBBBBBBBBBBBBBBBBB
AAAAABBBBBBBBBBBBBBBBBBBB
AAAAABBBBBBBBBBBBBBBBBBBB
AAAAABBBBBBBBBBBBBBBBBBBB
AAAAABBBBBBBBBBBBBBBBBBBB
AAAAABBBBBBBBBBBBBBBBBBBB
AAAAABBBBBBBBBBBBBBBBBBBB
CCCCCCCCCCCCCCCCCCCCCCCCC
DDDDDDDDDDDDDDDDDDDDDDDDD
EEEEEEEEEEEEEEEEEEEEEEEEE
EEEEEEEEEEEEEEEEEEEEEEEEE
EEEEEEEEEEEEEEEEEEEEEEEEE
EEEEEEEEEEEEEEEEEEEEEEEEE
EEEEEEEEEEEEEEEEEEEEEEEEE
Case #38:
XXXXXXXXVVVVVVVVVVVVVVVVV
XXXXXXXXVVVVVVVVVVVVVVVVV
XXXXXXXXVVVVVVVVVVVVVVVVV
XXXXXXXXVVVVVVVVVVVVVVVVV
OOOOOOOOOOOOOOOOOOOOOOOOO
AAAAAATTTDDEEEEEEEEEEEEEE
RRRRRLLLLLLLLIIIIIIIIIIII
UUUUUUUUUUUHHHJJJJJJJJJJJ
PPPPPPPPPPPPPNNZZZZZZZZZZ
BBBBBBBBBBBBBBBBBBBBBBBBB
WWFFFSSYYCGGGGGGGGGGGGGGG
WWFFFSSYYCGGGGGGGGGGGGGGG
QQQQQQKKKKKKKKKKKKKKKKKKK
QQQQQQKKKKKKKKKKKKKKKKKKK
MMMMMMMMMMMMMMMMMMMMMMMMM
MMMMMMMMMMMMMMMMMMMMMMMMM
MMMMMMMMMMMMMMMMMMMMMMMMM
MMMMMMMMMMMMMMMMMMMMMMMMM
MMMMMMMMMMMMMMMMMMMMMMMMM
MMMMMMMMMMMMMMMMMMMMMMMMM
MMMMMMMMMMMMMMMMMMMMMMMMM
MMMMMMMMMMMMMMMMMMMMMMMMM
MMMMMMMMMMMMMMMMMMMMMMMMM
MMMMMMMMMMMMMMMMMMMMMMMMM
MMMMMMMMMMMMMMMMMMMMMMMMM
Case #39:
AAAAAAAAAAAAAAAAAAAABBBBB
AAAAAAAAAAAAAAAAAAAABBBBB
AAAAAAAAAAAAAAAAAAAABBBBB
AAAAAAAAAAAAAAAAAAAABBBBB
AAAAAAAAAAAAAAAAAAAABBBBB
AAAAAAAAAAAAAAAAAAAABBBBB
AAAAAAAAAAAAAAAAAAAABBBBB
AAAAAAAAAAAAAAAAAAAABBBBB
AAAAAAAAAAAAAAAAAAAABBBBB
AAAAAAAAAAAAAAAAAAAABBBBB
AAAAAAAAAAAAAAAAAAAABBBBB
AAAAAAAAAAAAAAAAAAAABBBBB
AAAAAAAAAAAAAAAAAAAABBBBB
AAAAAAAAAAAAAAAAAAAABBBBB
AAAAAAAAAAAAAAAAAAAABBBBB
AAAAAAAAAAAAAAAAAAAABBBBB
AAAAAAAAAAAAAAAAAAAABBBBB
AAAAAAAAAAAAAAAAAAAABBBBB
AAAAAAAAAAAAAAAAAAAABBBBB
AAAAAAAAAAAAAAAAAAAABBBBB
CCCCCCCCCCCCCCCCCCCCCCCCC
DDDDDDDDDDDDDDDDDDDDDDDDD
EEEEEEEEEEEEEEEEEEEEEEEEE
EEEEEEEEEEEEEEEEEEEEEEEEE
EEEEEEEEEEEEEEEEEEEEEEEEE
Case #40:
AAACCCCCCCCCCCCCCCCCCCCCC
AAACCCCCCCCCCCCCCCCCCCCCC
AAACCCCCCCCCCCCCCCCCCCCCC
AAACCCCCCCCCCCCCCCCCCCCCC
AAACCCCCCCCCCCCCCCCCCCCCC
EEEEEEEEEEEEEEEEEEEEEEEEE
EEEEEEEEEEEEEEEEEEEEEEEEE
EEEEEEEEEEEEEEEEEEEEEEEEE
EEEEEEEEEEEEEEEEEEEEEEEEE
BBBBDDDDDDDDDDDDDDDDDDDDD
BBBBDDDDDDDDDDDDDDDDDDDDD
BBBBDDDDDDDDDDDDDDDDDDDDD
BBBBDDDDDDDDDDDDDDDDDDDDD
BBBBDDDDDDDDDDDDDDDDDDDDD
BBBBDDDDDDDDDDDDDDDDDDDDD
BBBBDDDDDDDDDDDDDDDDDDDDD
BBBBDDDDDDDDDDDDDDDDDDDDD
BBBBDDDDDDDDDDDDDDDDDDDDD
BBBBDDDDDDDDDDDDDDDDDDDDD
BBBBDDDDDDDDDDDDDDDDDDDDD
BBBBDDDDDDDDDDDDDDDDDDDDD
FFFFFFFFFFFFFFFFFFFFFFFGG
HHHHHHHHHHHHHHHHHHHHHHHHH
IIIIIIIIIIIIIIIIIIIIIIIII
JJJJJJJJJJJJJJJJJJJJJJJJJ
Case #41:
CD
AB
Case #42:
WWWWWWWWWWWWWWWWWWWWWGGGG
WWWWWWWWWWWWWWWWWWWWWGGGG
WWWWWWWWWWWWWWWWWWWWWGGGG
WWWWWWWWWWWWWWWWWWWWWGGGG
WWWWWWWWWWWWWWWWWWWWWGGGG
RRRRRRRRRRRRRRRRRRRRRRRRR
HHHHHHHHHHHHHHHHHHHHHHHHH
QQQQQQQQCCCCCCCCCCCCCCCCC
SSSSSNNNNNNNNNNNYYYYYYMMM
ZZZZZZZZZZZZZZZZZZZZZZZZZ
KKKKKKKKKKKXXXXXXXXXXXXXX
VVVVVVVVVFFFFFFFFFFFFFFFF
DDDDDDDDDDDDDDDDDDDDDDDDD
AAAAAAAAAAAAAAAAAAAAAAAAA
IIIIIIIIIIIIIIIIIPPPPPPPP
IIIIIIIIIIIIIIIIIPPPPPPPP
UUUUUUUUUUUUUUUUUUUOOOOOO
BBBBBBBBBBBBBBBBBBBBBBBBB
BBBBBBBBBBBBBBBBBBBBBBBBB
TTTTTTTTTTTTTTTTTTTTTTTTT
LLLLLLLLLLLLLLEEEEEEEEEEE
JJJJJJJJJJJJJJJJJJJJJJJJJ
JJJJJJJJJJJJJJJJJJJJJJJJJ
JJJJJJJJJJJJJJJJJJJJJJJJJ
JJJJJJJJJJJJJJJJJJJJJJJJJ
Case #43:
QQJJJJJJJJJJJJEEEEEEESSSS
PPPPPPPPPPPPPPPPPPPPPPPPP
HHHHHHHHHHHHHHHHHHHHHHHHH
HHHHHHHHHHHHHHHHHHHHHHHHH
HHHHHHHHHHHHHHHHHHHHHHHHH
HHHHHHHHHHHHHHHHHHHHHHHHH
AAAAAAAAAAAAAANNNNNUUUUUU
MMMMMMMMMMMMMMMMMMMMMMMMM
IIIIIIIIIIIIIIIIIIIIIIIII
KKKKKKKKKKKKKKKKKKKKKKKKK
ZZZZZZZZZZZZZZZZZZZZZZZZZ
GGGGGGGGGGGGGGGGGYYYYYYYY
GGGGGGGGGGGGGGGGGYYYYYYYY
GGGGGGGGGGGGGGGGGYYYYYYYY
GGGGGGGGGGGGGGGGGYYYYYYYY
TTTTTTTTTTTTTTTTTTTTLLLLL
TTTTTTTTTTTTTTTTTTTTLLLLL
TTTTTTTTTTTTTTTTTTTTLLLLL
VVVVVVVVVVVVVVVVVVVVVVVVV
VVVVVVVVVVVVVVVVVVVVVVVVV
WWWWWWWWWWWWWOOOOOOOOOOOO
CCCCCCCCCCCCCCCCCCCCCCCCC
CCCCCCCCCCCCCCCCCCCCCCCCC
DDDDDDDDDDDDDDDDRRRRRRRRB
FFFFFFFFFFFFFFFFXXXXXXXXX
Case #44:
ABCDEFGHIJKLMNOPQRSTUVWXY
ABCDEFGHIJKLMNOPQRSTUVWXY
ABCDEFGHIJKLMNOPQRSTUVWXY
ABCDEFGHIJKLMNOPQRSTUVWXY
ABCDEFGHIJKLMNOPQRSTUVWXY
ABCDEFGHIJKLMNOPQRSTUVWXY
ABCDEFGHIJKLMNOPQRSTUVWXY
ABCDEFGHIJKLMNOPQRSTUVWXY
ABCDEFGHIJKLMNOPQRSTUVWXY
ABCDEFGHIJKLMNOPQRSTUVWXY
ABCDEFGHIJKLMNOPQRSTUVWXY
ABCDEFGHIJKLMNOPQRSTUVWXY
ABCDEFGHIJKLMNOPQRSTUVWXY
ABCDEFGHIJKLMNOPQRSTUVWXY
ABCDEFGHIJKLMNOPQRSTUVWXY
ABCDEFGHIJKLMNOPQRSTUVWXY
ABCDEFGHIJKLMNOPQRSTUVWXY
ABCDEFGHIJKLMNOPQRSTUVWXY
ABCDEFGHIJKLMNOPQRSTUVWXY
ABCDEFGHIJKLMNOPQRSTUVWXY
ABCDEFGHIJKLMNOPQRSTUVWXY
ABCDEFGHIJKLMNOPQRSTUVWXY
ABCDEFGHIJKLMNOPQRSTUVWXY
ABCDEFGHIJKLMNOPQRSTUVWXY
ABCDEFGHIJKLMNOPQRSTUVWXY
Case #45:
RBQWT
VKOPE
YNMHI
JXCDS
UGALF
Case #46:
ABCDEFGHIJKLMNOPQRSTUVWXY
ABCDEFGHIJKLMNOPQRSTUVWXY
ABCDEFGHIJKLMNOPQRSTUVWXY
ABCDEFGHIJKLMNOPQRSTUVWXY
ABCDEFGHIJKLMNOPQRSTUVWXY
ABCDEFGHIJKLMNOPQRSTUVWXY
ABCDEFGHIJKLMNOPQRSTUVWXY
ABCDEFGHIJKLMNOPQRSTUVWXY
ABCDEFGHIJKLMNOPQRSTUVWXY
ABCDEFGHIJKLMNOPQRSTUVWXY
ABCDEFGHIJKLMNOPQRSTUVWXY
ABCDEFGHIJKLMNOPQRSTUVWXY
ABCDEFGHIJKLMNOPQRSTUVWXY
ABCDEFGHIJKLMNOPQRSTUVWXY
ABCDEFGHIJKLMNOPQRSTUVWXY
ABCDEFGHIJKLMNOPQRSTUVWXY
ABCDEFGHIJKLMNOPQRSTUVWXY
ABCDEFGHIJKLMNOPQRSTUVWXY
ABCDEFGHIJKLMNOPQRSTUVWXY
ABCDEFGHIJKLMNOPQRSTUVWXY
ABCDEFGHIJKLMNOPQRSTUVWXY
ABCDEFGHIJKLMNOPQRSTUVWXY
ABCDEFGHIJKLMNOPQRSTUVWXY
ABCDEFGHIJKLMNOPQRSTUVWXY
ABCDEFGHIJKLMNOPQRSTUVWXY
Case #47:
AAAAAAAAAAAAAAAAAAAAAAAAA
BBBBBBBBBBBBBBBBBBBBBBBBB
CCCCCCCCCCCCCCCCCCCCCCCCC
DDDDDDDDDDDDDDDDDDDDDDDDD
EEEEEEEEEEEEEEEEEEEEEEEEE
FFFFFFFFFFFFFFFFFFFFFFFFF
GGGGGGGGGGGGGGGGGGGGGGGGG
HHHHHHHHHHHHHHHHHHHHHHHHH
IIIIIIIIIIIIIIIIIIIIIIIII
JJJJJJJJJJJJJJJJJJJJJJJJJ
KKKKKKKKKKKKKKKKKKKKKKKKK
LLLLLLLLLLLLLLLLLLLLLLLLL
MMMMMMMMMMMMMMMMMMMMMMMMM
NNNNNNNNNNNNNNNNNNNNNNNNN
OOOOOOOOOOOOOOOOOOOOOOOOO
PPPPPPPPPPPPPPPPPPPPPPPPP
QQQQQQQQQQQQQQQQQQQQQQQQQ
RRRRRRRRRRRRRRRRRRRRRRRRR
SSSSSSSSSSSSSSSSSSSSSSSSS
TTTTTTTTTTTTTTTTTTTTTTTTT
UUUUUUUUUUUUUUUUUUUUUUUUU
VVVVVVVVVVVVVVVVVVVVVVVVV
WWWWWWWWWWWWWWWWWWWWWWWWW
XXXXXXXXXXXXXXXXXXXXXXXXX
YYYYYYYYYYYYYYYYYYYYYYYYY
Case #48:
SSSSSSSSSSSSSSSSSSSSSSSSS
SSSSSSSSSSSSSSSSSSSSSSSSS
DDDDDDDDDDDDDDDDXXXXXCCCC
LLLLLLLLLLLLLOOYYMMMMMMMM
IIIIIIIIIIIIIIIVWWWGGGGGG
AAAAAAAAAAAAAAHQQFFFFFFFT
PPPPPPPPPPPPPPPPPPPPPPPPP
NNNNNNNNNNNNNNNNNNNNJJEEE
KKKKKKKKKKKKKKKKKKKKRZUUU
KKKKKKKKKKKKKKKKKKKKRZUUU
KKKKKKKKKKKKKKKKKKKKRZUUU
BBBBBBBBBBBBBBBBBBBBBBBBB
BBBBBBBBBBBBBBBBBBBBBBBBB
BBBBBBBBBBBBBBBBBBBBBBBBB
BBBBBBBBBBBBBBBBBBBBBBBBB
BBBBBBBBBBBBBBBBBBBBBBBBB
BBBBBBBBBBBBBBBBBBBBBBBBB
BBBBBBBBBBBBBBBBBBBBBBBBB
BBBBBBBBBBBBBBBBBBBBBBBBB
BBBBBBBBBBBBBBBBBBBBBBBBB
BBBBBBBBBBBBBBBBBBBBBBBBB
BBBBBBBBBBBBBBBBBBBBBBBBB
BBBBBBBBBBBBBBBBBBBBBBBBB
BBBBBBBBBBBBBBBBBBBBBBBBB
BBBBBBBBBBBBBBBBBBBBBBBBB
Case #49:
EETPVOOOOOOOOOOOOOOOOOOOO
YYYYSSSSSSSSSSSSSSSSSSSSS
UUUUUUUUUUUUUUUUUUUUUUUUU
ZZZZZZZZZMMMMMMMMMMMMMMMM
RRRRRRRRRRRRRRRRRRRRRRRRR
AAAAAAAAAAANNNNNNNNNNNNNN
HHHHXXXXXXXXXXXXXXXXXXXXX
WWWWWWWLLLLLLLLLLLLLLLLLL
CCCCCCCCCCCCCCCCCCCCCCCCC
IIIIBBBBFFFFFFFFFFFFFFFFF
IIIIBBBBFFFFFFFFFFFFFFFFF
DDDDDDGKKKKKKKKKKKKKKKKKK
QQQQQQQQQQQQQQQQQQQQQQQQQ
JJJJJJJJJJJJJJJJJJJJJJJJJ
JJJJJJJJJJJJJJJJJJJJJJJJJ
JJJJJJJJJJJJJJJJJJJJJJJJJ
JJJJJJJJJJJJJJJJJJJJJJJJJ
JJJJJJJJJJJJJJJJJJJJJJJJJ
JJJJJJJJJJJJJJJJJJJJJJJJJ
JJJJJJJJJJJJJJJJJJJJJJJJJ
JJJJJJJJJJJJJJJJJJJJJJJJJ
JJJJJJJJJJJJJJJJJJJJJJJJJ
JJJJJJJJJJJJJJJJJJJJJJJJJ
JJJJJJJJJJJJJJJJJJJJJJJJJ
JJJJJJJJJJJJJJJJJJJJJJJJJ
Case #50:
PPPCTQKKYEENMMMMWWWWUUOOX
GGGGGGGVVFFIHZLSSBBDDRAAJ
Case #51:
AAAACCCCCCCCCCCCCCCCCCCCC
AAAACCCCCCCCCCCCCCCCCCCCC
AAAACCCCCCCCCCCCCCCCCCCCC
AAAACCCCCCCCCCCCCCCCCCCCC
AAAACCCCCCCCCCCCCCCCCCCCC
AAAACCCCCCCCCCCCCCCCCCCCC
AAAACCCCCCCCCCCCCCCCCCCCC
AAAACCCCCCCCCCCCCCCCCCCCC
AAAACCCCCCCCCCCCCCCCCCCCC
AAAACCCCCCCCCCCCCCCCCCCCC
AAAACCCCCCCCCCCCCCCCCCCCC
AAAACCCCCCCCCCCCCCCCCCCCC
AAAACCCCCCCCCCCCCCCCCCCCC
AAAACCCCCCCCCCCCCCCCCCCCC
AAAACCCCCCCCCCCCCCCCCCCCC
AAAACCCCCCCCCCCCCCCCCCCCC
EEEEEEEEEEEEEEEEEEEEEEEEE
EEEEEEEEEEEEEEEEEEEEEEEEE
EEEEEEEEEEEEEEEEEEEEEEEEE
EEEEEEEEEEEEEEEEEEEEEEEEE
BBBBBDDDDDDDDDDDDDDDDDDDD
BBBBBDDDDDDDDDDDDDDDDDDDD
BBBBBDDDDDDDDDDDDDDDDDDDD
BBBBBDDDDDDDDDDDDDDDDDDDD
BBBBBDDDDDDDDDDDDDDDDDDDD
Case #52:
GGKI
HHBD
ECCC
FLAJ
Case #53:
QM
XX
NN
KK
VV
RC
FF
UJ
ZS
EA
LD
TT
HO
HO
HO
BB
BB
BB
YY
YY
II
WW
GG
PP
PP
Case #54:
BBBBCA
BBBBCA
BBBBCA
BBBBCA
BBBBCA
BBBBCA
Case #55:
DDDDDDDDDDDDDDDDDDDDDDDDD
DDDDDDDDDDDDDDDDDDDDDDDDD
DDDDDDDDDDDDDDDDDDDDDDDDD
DDDDDDDDDDDDDDDDDDDDDDDDD
DDDDDDDDDDDDDDDDDDDDDDDDD
DDDDDDDDDDDDDDDDDDDDDDDDD
DDDDDDDDDDDDDDDDDDDDDDDDD
DDDDDDDDDDDDDDDDDDDDDDDDD
DDDDDDDDDDDDDDDDDDDDDDDDD
DDDDDDDDDDDDDDDDDDDDDDDDD
DDDDDDDDDDDDDDDDDDDDDDDDD
DDDDDDDDDDDDDDDDDDDDDDDDD
DDDDDDDDDDDDDDDDDDDDDDDDD
DDDDDDDDDDDDDDDDDDDDDDDDD
DDDDDDDDDDDDDDDDDDDDDDDDD
DDDDDDDDDDDDDDDDDDDDDDDDD
DDDDDDDDDDDDDDDDDDDDDDDDD
KKKKKKKKKKKKKKKKKKKGGGGGG
IIIIIIIIIIIIIIIIIITTNNNNN
CCCCCCCCCCCCCCCCCCCJJJJJJ
QQQQQQQQQQQQQQQQQQQQXXMMM
PPPPPPPPPPPPPPPPSEBLLLLYY
HHHHHHHHHHHHHHHHHOZZRRRRR
AAAAAAAAAAAAAAAAUUUVWWWWW
FFFFFFFFFFFFFFFFFFFFFFFFF
Case #56:
AAAAAABBBBBBBBBBBBBBBBBBB
AAAAAABBBBBBBBBBBBBBBBBBB
AAAAAABBBBBBBBBBBBBBBBBBB
AAAAAABBBBBBBBBBBBBBBBBBB
AAAAAABBBBBBBBBBBBBBBBBBB
AAAAAABBBBBBBBBBBBBBBBBBB
AAAAAABBBBBBBBBBBBBBBBBBB
CCCCCCCCCCCCCCCCCCCCCCCCC
DDDDDDDDDDDDDDDDDDDDDDDDD
EEEEEEEEEEEEEEEEEEEEEEEEE
EEEEEEEEEEEEEEEEEEEEEEEEE
EEEEEEEEEEEEEEEEEEEEEEEEE
EEEEEEEEEEEEEEEEEEEEEEEEE
EEEEEEEEEEEEEEEEEEEEEEEEE
EEEEEEEEEEEEEEEEEEEEEEEEE
FFFFFFFFFFFFFFFFFFFFFFHHH
JJJJJJJJJJJJJJJJJJJJJJJJJ
JJJJJJJJJJJJJJJJJJJJJJJJJ
JJJJJJJJJJJJJJJJJJJJJJJJJ
JJJJJJJJJJJJJJJJJJJJJJJJJ
GGGGGGGGGGGGGGGGGGGGGGGII
GGGGGGGGGGGGGGGGGGGGGGGII
GGGGGGGGGGGGGGGGGGGGGGGII
GGGGGGGGGGGGGGGGGGGGGGGII
GGGGGGGGGGGGGGGGGGGGGGGII
Case #57:
PPPPPPPPPPPPPPPPPPPPPPPPP
PPPPPPPPPPPPPPPPPPPPPPPPP
JJJJJJJJJJJJJJJJJJJJJJJJJ
JJJJJJJJJJJJJJJJJJJJJJJJJ
SSSSSSSSSSSSSSSSSSSSSLLLL
RRRRRRRRRRRRRRRRRRRRRRRRR
RRRRRRRRRRRRRRRRRRRRRRRRR
RRRRRRRRRRRRRRRRRRRRRRRRR
RRRRRRRRRRRRRRRRRRRRRRRRR
AAAAAAAAAAAAAAAAAAAAACCCC
GGGGGGGGGGGGGGGGGGGGGGGGG
IIIIIIIIIIIIIIIIIIIIIIIII
BBBBBBBBBBBBBBMXXXXXXXXXX
BBBBBBBBBBBBBBMXXXXXXXXXX
UUUUUUUUUUUUUUUUUUUUUUUUU
UUUUUUUUUUUUUUUUUUUUUUUUU
WWWWWWWWWWWWWWWQQQQQQQZZZ
YYYYYYYYYYYYYYYYYYYYYYYYY
KKKKKKKKKKKKKKKKKKKKKKKKK
OOOOOOOVVVVVVVHHHHHHHHFFF
TTTTTTTTTTTTDDDDDDDDDDDDD
EEEEEEEEEEEEEEEEEEEEEEEEE
EEEEEEEEEEEEEEEEEEEEEEEEE
EEEEEEEEEEEEEEEEEEEEEEEEE
NNNNNNNNNNNNNNNNNNNNNNNNN
Case #58:
AAAAAAAAAAAAAAAAAAAAAAAAA
BBBBBBBBBBBBBBBBBBBBBBBBB
CCCCCCCCCCCCCCCCCCCCCCCCC
DDDDDDDDDDDDDDDDDDDDDDDDD
EEEEEEEEEEEEEEEEEEEEEEEEE
FFFFFFFFFFFFFFFFFFFFFFFFF
GGGGGGGGGGGGGGGGGGGGGGGGG
HHHHHHHHHHHHHHHHHHHHHHHHH
IIIIIIIIIIIIIIIIIIIIIIIII
JJJJJJJJJJJJJJJJJJJJJJJJJ
KKKKKKKKKKKKKKKKKKKKKKKKK
LLLLLLLLLLLLLLLLLLLLLLLLL
MMMMMMMMMMMMMMMMMMMMMMMMM
NNNNNNNNNNNNNNNNNNNNNNNNN
OOOOOOOOOOOOOOOOOOOOOOOOO
PPPPPPPPPPPPPPPPPPPPPPPPP
QQQQQQQQQQQQQQQQQQQQQQQQQ
RRRRRRRRRRRRRRRRRRRRRRRRR
SSSSSSSSSSSSSSSSSSSSSSSSS
TTTTTTTTTTTTTTTTTTTTTTTTT
UUUUUUUUUUUUUUUUUUUUUUUUU
VVVVVVVVVVVVVVVVVVVVVVVVV
WWWWWWWWWWWWWWWWWWWWWWWWW
XXXXXXXXXXXXXXXXXXXXXXXXX
YYYYYYYYYYYYYYYYYYYYYYYYY
Case #59:
AAAAAAAAAAAAAAAAAAAAAAAAA
BBBBBBBBBBBBBBBBBBBBBBBBB
CCCCCCCCCCCCCCCCCCCCCCCCC
DDDDDDDDDDDDDDDDDDDDDDDDD
EEEEEEEEEEEEEEEEEEEEEEEEE
FFFFFFFFFFFFFFFFFFFFFFFFF
GGGGGGGGGGGGGGGGGGGGGGGGG
HHHHHHHHHHHHHHHHHHHHHHHHH
IIIIIIIIIIIIIIIIIIIIIIIII
JJJJJJJJJJJJJJJJJJJJJJJJJ
KKKKKKKKKKKKKKKKKKKKKKKKK
LLLLLLLLLLLLLLLLLLLLLLLLL
MMMMMMMMMMMMMMMMMMMMMMMMM
NNNNNNNNNNNNNNNNNNNNNNNNN
OOOOOOOOOOOOOOOOOOOOOOOOO
PPPPPPPPPPPPPPPPPPPPPPPPP
QQQQQQQQQQQQQQQQQQQQQQQQQ
RRRRRRRRRRRRRRRRRRRRRRRRR
SSSSSSSSSSSSSSSSSSSSSSSSS
TTTTTTTTTTTTTTTTTTTTTTTTT
UUUUUUUUUUUUUUUUUUUUUUUUU
VVVVVVVVVVVVVVVVVVVVVVVVV
WWWWWWWWWWWWWWWWWWWWWWWWW
XXXXXXXXXXXXXXXXXXXXXXXXX
YYYYYYYYYYYYYYYYYYYYYYYYY
Case #60:
AAAAAACCCCCCCCCCCCCCCCCCC
EEEEEEEEEEEEEEEEEEEEEEEEE
EEEEEEEEEEEEEEEEEEEEEEEEE
EEEEEEEEEEEEEEEEEEEEEEEEE
EEEEEEEEEEEEEEEEEEEEEEEEE
BBBBBBBDDDDDDDDDDDDDDDDDD
BBBBBBBDDDDDDDDDDDDDDDDDD
BBBBBBBDDDDDDDDDDDDDDDDDD
BBBBBBBDDDDDDDDDDDDDDDDDD
BBBBBBBDDDDDDDDDDDDDDDDDD
BBBBBBBDDDDDDDDDDDDDDDDDD
BBBBBBBDDDDDDDDDDDDDDDDDD
BBBBBBBDDDDDDDDDDDDDDDDDD
BBBBBBBDDDDDDDDDDDDDDDDDD
BBBBBBBDDDDDDDDDDDDDDDDDD
BBBBBBBDDDDDDDDDDDDDDDDDD
BBBBBBBDDDDDDDDDDDDDDDDDD
BBBBBBBDDDDDDDDDDDDDDDDDD
BBBBBBBDDDDDDDDDDDDDDDDDD
BBBBBBBDDDDDDDDDDDDDDDDDD
BBBBBBBDDDDDDDDDDDDDDDDDD
BBBBBBBDDDDDDDDDDDDDDDDDD
BBBBBBBDDDDDDDDDDDDDDDDDD
BBBBBBBDDDDDDDDDDDDDDDDDD
BBBBBBBDDDDDDDDDDDDDDDDDD
Case #61:
AAAAAAAAAAAAAAAAAAAAACCCC
AAAAAAAAAAAAAAAAAAAAACCCC
AAAAAAAAAAAAAAAAAAAAACCCC
AAAAAAAAAAAAAAAAAAAAACCCC
AAAAAAAAAAAAAAAAAAAAACCCC
AAAAAAAAAAAAAAAAAAAAACCCC
AAAAAAAAAAAAAAAAAAAAACCCC
AAAAAAAAAAAAAAAAAAAAACCCC
AAAAAAAAAAAAAAAAAAAAACCCC
AAAAAAAAAAAAAAAAAAAAACCCC
AAAAAAAAAAAAAAAAAAAAACCCC
AAAAAAAAAAAAAAAAAAAAACCCC
EEEEEEEEEEEEEEEEEEEEEEEEE
EEEEEEEEEEEEEEEEEEEEEEEEE
EEEEEEEEEEEEEEEEEEEEEEEEE
EEEEEEEEEEEEEEEEEEEEEEEEE
BBBBBBBBBBBBBBBBBBBBBBDDD
BBBBBBBBBBBBBBBBBBBBBBDDD
BBBBBBBBBBBBBBBBBBBBBBDDD
BBBBBBBBBBBBBBBBBBBBBBDDD
BBBBBBBBBBBBBBBBBBBBBBDDD
BBBBBBBBBBBBBBBBBBBBBBDDD
BBBBBBBBBBBBBBBBBBBBBBDDD
BBBBBBBBBBBBBBBBBBBBBBDDD
BBBBBBBBBBBBBBBBBBBBBBDDD
Case #62:
GGGGGGGGGGGGGGGGGQQQQQQQQ
GGGGGGGGGGGGGGGGGQQQQQQQQ
GGGGGGGGGGGGGGGGGQQQQQQQQ
GGGGGGGGGGGGGGGGGQQQQQQQQ
GGGGGGGGGGGGGGGGGQQQQQQQQ
GGGGGGGGGGGGGGGGGQQQQQQQQ
GGGGGGGGGGGGGGGGGQQQQQQQQ
GGGGGGGGGGGGGGGGGQQQQQQQQ
GGGGGGGGGGGGGGGGGQQQQQQQQ
PPPPPPPPPPPPPPPLLLLLLLLLL
EEEEEEEEEEEEEEEEEEEEZZZZZ
TTTTTTTTTTTTTTTFFFFFFFFFF
NNNNNNNNNNNNNNYVVVSMMMMMM
BBBBBBBBBBBBBBBBBBBBBAAAA
WWWWWWWWWWWWWWWWWXJJJJJJJ
DDDDDDDDDDDDDDDDDDDDDDDDD
IIIIIIIIIIIIIOOOOOHHHRRRR
KKKKKKKKKKKKKKKKKKKKKKKKK
CCCCCCCCCCCCCCCCCCCUUUUUU
CCCCCCCCCCCCCCCCCCCUUUUUU
CCCCCCCCCCCCCCCCCCCUUUUUU
CCCCCCCCCCCCCCCCCCCUUUUUU
CCCCCCCCCCCCCCCCCCCUUUUUU
CCCCCCCCCCCCCCCCCCCUUUUUU
CCCCCCCCCCCCCCCCCCCUUUUUU
Case #63:
B
A
Case #64:
BBBBBBBBBBBBBBBBBBBBBBBBB
BBBBBBBBBBBBBBBBBBBBBBBBB
BBBBBBBBBBBBBBBBBBBBBBBBB
BBBBBBBBBBBBBBBBBBBBBBBBB
BBBBBBBBBBBBBBBBBBBBBBBBB
BBBBBBBBBBBBBBBBBBBBBBBBB
BBBBBBBBBBBBBBBBBBBBBBBBB
BBBBBBBBBBBBBBBBBBBBBBBBB
BBBBBBBBBBBBBBBBBBBBBBBBB
BBBBBBBBBBBBBBBBBBBBBBBBB
BBBBBBBBBBBBBBBBBBBBBBBBB
BBBBBBBBBBBBBBBBBBBBBBBBB
BBBBBBBBBBBBBBBBBBBBBBBBB
BBBBBBBBBBBBBBBBBBBBBBBBB
BBBBBBBBBBBBBBBBBBBBBBBBB
BBBBBBBBBBBBBBBBBBBBBBBBB
BBBBBBBBBBBBBBBBBBBBBBBBB
BBBBBBBBBBBBBBBBBBBBBBBBB
JJJJJJJJJJJJJJJJJJJJJJJJJ
NNNNNNNNNNNNNNNNNNNNNNWQQ
YYYYYYYYYYYYYYYYYYYYYPPVV
FFFFFFFFFFFFFFFFFFUUUUUUZ
LLLLLLLLLLLLLLLLLEOKKSSSC
TTTTTTTTTTTTTTTTHXXXXRDMM
GGGGGGGGGGGGGGGGGGGGGGAII
Case #65:
AAAAAAACCCCCCCCCCCCCCCCCC
AAAAAAACCCCCCCCCCCCCCCCCC
AAAAAAACCCCCCCCCCCCCCCCCC
AAAAAAACCCCCCCCCCCCCCCCCC
AAAAAAACCCCCCCCCCCCCCCCCC
EEEEEEEEEEEEEEEEEEEEEEEEE
EEEEEEEEEEEEEEEEEEEEEEEEE
EEEEEEEEEEEEEEEEEEEEEEEEE
EEEEEEEEEEEEEEEEEEEEEEEEE
BBBBBBBBDDDDDDDDDDDDDDDDD
BBBBBBBBDDDDDDDDDDDDDDDDD
BBBBBBBBDDDDDDDDDDDDDDDDD
BBBBBBBBDDDDDDDDDDDDDDDDD
BBBBBBBBDDDDDDDDDDDDDDDDD
BBBBBBBBDDDDDDDDDDDDDDDDD
BBBBBBBBDDDDDDDDDDDDDDDDD
BBBBBBBBDDDDDDDDDDDDDDDDD
BBBBBBBBDDDDDDDDDDDDDDDDD
FFFFFFFFFFFFFFFFFFFFFFFGG
HHHHHHHHHHHHHHHHHHHHHHHHH
IIIIIIIIIIIIIIIIIIIIIIIII
JJJJJJJJJJJJJJJJJJJJJJJJJ
JJJJJJJJJJJJJJJJJJJJJJJJJ
JJJJJJJJJJJJJJJJJJJJJJJJJ
JJJJJJJJJJJJJJJJJJJJJJJJJ
Case #66:
AAAAAAAAAAAAAAAAAAAAAAAAA
BBBBBBBBBBBBBBBBBBBBBBBBB
CCCCCCCCCCCCCCCCCCCCCCCCC
DDDDDDDDDDDDDDDDDDDDDDDDD
EEEEEEEEEEEEEEEEEEEEEEEEE
FFFFFFFFFFFFFFFFFFFFFFFFF
GGGGGGGGGGGGGGGGGGGGGGGGG
HHHHHHHHHHHHHHHHHHHHHHHHH
IIIIIIIIIIIIIIIIIIIIIIIII
JJJJJJJJJJJJJJJJJJJJJJJJJ
KKKKKKKKKKKKKKKKKKKKKKKKK
LLLLLLLLLLLLLLLLLLLLLLLLL
MMMMMMMMMMMMMMMMMMMMMMMMM
NNNNNNNNNNNNNNNNNNNNNNNNN
OOOOOOOOOOOOOOOOOOOOOOOOO
PPPPPPPPPPPPPPPPPPPPPPPPP
QQQQQQQQQQQQQQQQQQQQQQQQQ
RRRRRRRRRRRRRRRRRRRRRRRRR
SSSSSSSSSSSSSSSSSSSSSSSSS
TTTTTTTTTTTTTTTTTTTTTTTTT
UUUUUUUUUUUUUUUUUUUUUUUUU
VVVVVVVVVVVVVVVVVVVVVVVVV
WWWWWWWWWWWWWWWWWWWWWWWWW
XXXXXXXXXXXXXXXXXXXXXXXXX
YYYYYYYYYYYYYYYYYYYYYYYYY
Case #67:
AAAAAAAAACCCCCCCCCCCCCCCC
AAAAAAAAACCCCCCCCCCCCCCCC
AAAAAAAAACCCCCCCCCCCCCCCC
AAAAAAAAACCCCCCCCCCCCCCCC
AAAAAAAAACCCCCCCCCCCCCCCC
AAAAAAAAACCCCCCCCCCCCCCCC
EEEEEEEEEEEEEEEEEEEEEEEEE
EEEEEEEEEEEEEEEEEEEEEEEEE
EEEEEEEEEEEEEEEEEEEEEEEEE
EEEEEEEEEEEEEEEEEEEEEEEEE
BBBBBBBBBBDDDDDDDDDDDDDDD
BBBBBBBBBBDDDDDDDDDDDDDDD
BBBBBBBBBBDDDDDDDDDDDDDDD
BBBBBBBBBBDDDDDDDDDDDDDDD
BBBBBBBBBBDDDDDDDDDDDDDDD
BBBBBBBBBBDDDDDDDDDDDDDDD
BBBBBBBBBBDDDDDDDDDDDDDDD
BBBBBBBBBBDDDDDDDDDDDDDDD
BBBBBBBBBBDDDDDDDDDDDDDDD
BBBBBBBBBBDDDDDDDDDDDDDDD
FFFFFFFFFFFFFFFFFFGGGGGGG
HHHHHHHHHHHHHHHHHHHHHHHHH
IIIIIIIIIIIIIIIIIIIIIIIII
JJJJJJJJJJJJJJJJJJJJJJJJJ
JJJJJJJJJJJJJJJJJJJJJJJJJ
Case #68:
AAAAAAAAAAAAAAAAAAAAAAAAA
AAAAAAAAAAAAAAAAAAAAAAAAA
AAAAAAAAAAAAAAAAAAAAAAAAA
AAAAAAAAAAAAAAAAAAAAAAAAA
AAAAAAAAAAAAAAAAAAAAAAAAA
AAAAAAAAAAAAAAAAAAAAAAAAA
AAAAAAAAAAAAAAAAAAAAAAAAA
AAAAAAAAAAAAAAAAAAAAAAAAA
AAAAAAAAAAAAAAAAAAAAAAAAA
AAAAAAAAAAAAAAAAAAAAAAAAA
AAAAAAAAAAAAAAAAAAAAAAAAA
AAAAAAAAAAAAAAAAAAAAAAAAA
AAAAAAAAAAAAAAAAAAAAAAAAA
AAAAAAAAAAAAAAAAAAAAAAAAA
AAAAAAAAAAAAAAAAAAAAAAAAA
AAAAAAAAAAAAAAAAAAAAAAAAA
AAAAAAAAAAAAAAAAAAAAAAAAA
AAAAAAAAAAAAAAAAAAAAAAAAA
AAAAAAAAAAAAAAAAAAAAAAAAA
AAAAAAAAAAAAAAAAAAAAAAAAA
AAAAAAAAAAAAAAAAAAAAAAAAA
AAAAAAAAAAAAAAAAAAAAAAAAA
AAAAAAAAAAAAAAAAAAAAAAAAA
AAAAAAAAAAAAAAAAAAAAAAAAA
AAAAAAAAAAAAAAAAAAAAAAAAA
Case #69:
AAAAAAAAAAABBBBBBBBBBBBBB
AAAAAAAAAAABBBBBBBBBBBBBB
AAAAAAAAAAABBBBBBBBBBBBBB
AAAAAAAAAAABBBBBBBBBBBBBB
AAAAAAAAAAABBBBBBBBBBBBBB
AAAAAAAAAAABBBBBBBBBBBBBB
AAAAAAAAAAABBBBBBBBBBBBBB
AAAAAAAAAAABBBBBBBBBBBBBB
AAAAAAAAAAABBBBBBBBBBBBBB
AAAAAAAAAAABBBBBBBBBBBBBB
AAAAAAAAAAABBBBBBBBBBBBBB
AAAAAAAAAAABBBBBBBBBBBBBB
CCCCCCCCCCCCCCCCCCCCCCCCC
DDDDDDDDDDDDDDDDDDDDDDDDD
EEEEEEEEEEEEEEEEEEEEEEEEE
EEEEEEEEEEEEEEEEEEEEEEEEE
EEEEEEEEEEEEEEEEEEEEEEEEE
EEEEEEEEEEEEEEEEEEEEEEEEE
EEEEEEEEEEEEEEEEEEEEEEEEE
EEEEEEEEEEEEEEEEEEEEEEEEE
EEEEEEEEEEEEEEEEEEEEEEEEE
EEEEEEEEEEEEEEEEEEEEEEEEE
EEEEEEEEEEEEEEEEEEEEEEEEE
EEEEEEEEEEEEEEEEEEEEEEEEE
EEEEEEEEEEEEEEEEEEEEEEEEE
Case #70:
NNNNNNNNNNNNNNNNNNNNNNNNN
NNNNNNNNNNNNNNNNNNNNNNNNN
NNNNNNNNNNNNNNNNNNNNNNNNN
NNNNNNNNNNNNNNNNNNNNNNNNN
NNNNNNNNNNNNNNNNNNNNNNNNN
PPPPPPPPPPPPPRRMMMMMMMMMM
OOOOOOOOOOOOTVVVFHHHHHHHH
SSSSSSSSSSSSSSSDLAIIIIIII
YYYYYYYYYYYYYWKZZUUUUUUUU
BBBBBBBBBBBBBXXXXXXXXXXXX
EEEEEEEEEEEEEEJJJJJJJJJJJ
QQQQQQQQQQQQQGCCCCCCCCCCC
QQQQQQQQQQQQQGCCCCCCCCCCC
QQQQQQQQQQQQQGCCCCCCCCCCC
QQQQQQQQQQQQQGCCCCCCCCCCC
QQQQQQQQQQQQQGCCCCCCCCCCC
QQQQQQQQQQQQQGCCCCCCCCCCC
QQQQQQQQQQQQQGCCCCCCCCCCC
QQQQQQQQQQQQQGCCCCCCCCCCC
QQQQQQQQQQQQQGCCCCCCCCCCC
QQQQQQQQQQQQQGCCCCCCCCCCC
QQQQQQQQQQQQQGCCCCCCCCCCC
QQQQQQQQQQQQQGCCCCCCCCCCC
QQQQQQQQQQQQQGCCCCCCCCCCC
QQQQQQQQQQQQQGCCCCCCCCCCC
Case #71:
YYYYYYYYYYYYYYYYYYYYYYYYY
HHHHHHHHHHHHHHHHHHHHHHHHH
RRRRRRRRRRRRRRRRRRRRRRRRR
LLLLLLLLLLLLLLLLLLLLLLLLJ
LLLLLLLLLLLLLLLLLLLLLLLLJ
QQQQQQQQQQQQQQQQQQQQQQIII
MMMMMMMMMMMMMMMMMMMMMMMMM
GGGGGGGGGGGGGGGGGGGGGGGGG
SSSSSSSSSSSSSSSSSSSSSSSSS
SSSSSSSSSSSSSSSSSSSSSSSSS
SSSSSSSSSSSSSSSSSSSSSSSSS
UUUUUUUUUUUUUUUUUUUUUUUUU
XXXXXXXXXXXDDDDDDDDDDDDDD
KKKKKKKKKKFFFFFFFFFFFFFFF
BBBBBBBBBBBBBBBBBBBBBBBBB
BBBBBBBBBBBBBBBBBBBBBBBBB
OOOOOOOOOPPPPPPPPPPPPPPPP
VVVVVVVVVVVVVVVVVVVVVVVVV
CCCCCCCCCCCCCCCCCCCCCCCCC
CCCCCCCCCCCCCCCCCCCCCCCCC
TTTTTTTTTTTTTTTTTTTTTTTTT
EEEEEEEEEEEEEEEEEEEEEEEEE
NNNNNNNNNNNNNNNNNNNNNNNNN
AAAAAAAAAAAAAAAAAAAAAAAWW
Case #72:
CC
BA
Case #73:
AAAAAAABBBBBBBBBBBBBBBBBB
AAAAAAABBBBBBBBBBBBBBBBBB
AAAAAAABBBBBBBBBBBBBBBBBB
AAAAAAABBBBBBBBBBBBBBBBBB
AAAAAAABBBBBBBBBBBBBBBBBB
AAAAAAABBBBBBBBBBBBBBBBBB
AAAAAAABBBBBBBBBBBBBBBBBB
AAAAAAABBBBBBBBBBBBBBBBBB
AAAAAAABBBBBBBBBBBBBBBBBB
AAAAAAABBBBBBBBBBBBBBBBBB
AAAAAAABBBBBBBBBBBBBBBBBB
AAAAAAABBBBBBBBBBBBBBBBBB
AAAAAAABBBBBBBBBBBBBBBBBB
AAAAAAABBBBBBBBBBBBBBBBBB
AAAAAAABBBBBBBBBBBBBBBBBB
AAAAAAABBBBBBBBBBBBBBBBBB
AAAAAAABBBBBBBBBBBBBBBBBB
AAAAAAABBBBBBBBBBBBBBBBBB
AAAAAAABBBBBBBBBBBBBBBBBB
AAAAAAABBBBBBBBBBBBBBBBBB
CCCCCCCCCCCCCCCCCCCCCCCCC
DDDDDDDDDDDDDDDDDDDDDDDDD
EEEEEEEEEEEEEEEEEEEEEEEEE
EEEEEEEEEEEEEEEEEEEEEEEEE
EEEEEEEEEEEEEEEEEEEEEEEEE
Case #74:
ABCDEFGHIJKLMNOPQRSTUVWXY
ABCDEFGHIJKLMNOPQRSTUVWXY
ABCDEFGHIJKLMNOPQRSTUVWXY
ABCDEFGHIJKLMNOPQRSTUVWXY
ABCDEFGHIJKLMNOPQRSTUVWXY
ABCDEFGHIJKLMNOPQRSTUVWXY
ABCDEFGHIJKLMNOPQRSTUVWXY
ABCDEFGHIJKLMNOPQRSTUVWXY
ABCDEFGHIJKLMNOPQRSTUVWXY
ABCDEFGHIJKLMNOPQRSTUVWXY
ABCDEFGHIJKLMNOPQRSTUVWXY
ABCDEFGHIJKLMNOPQRSTUVWXY
ABCDEFGHIJKLMNOPQRSTUVWXY
ABCDEFGHIJKLMNOPQRSTUVWXY
ABCDEFGHIJKLMNOPQRSTUVWXY
ABCDEFGHIJKLMNOPQRSTUVWXY
ABCDEFGHIJKLMNOPQRSTUVWXY
ABCDEFGHIJKLMNOPQRSTUVWXY
ABCDEFGHIJKLMNOPQRSTUVWXY
ABCDEFGHIJKLMNOPQRSTUVWXY
ABCDEFGHIJKLMNOPQRSTUVWXY
ABCDEFGHIJKLMNOPQRSTUVWXY
ABCDEFGHIJKLMNOPQRSTUVWXY
ABCDEFGHIJKLMNOPQRSTUVWXY
ABCDEFGHIJKLMNOPQRSTUVWXY
Case #75:
OOOOOOOOOOOOOOOOOOOOOOOOO
OOOOOOOOOOOOOOOOOOOOOOOOO
PPPPPPPPPPPPPPPPPPPPPPPPP
PPPPPPPPPPPPPPPPPPPPPPPPP
EEEEEEEEEEEEYYYYYYYYYYYTT
VVVVVVVVVVVVVVVVVVVVVVVVV
MMMMMMMMMMMMMMMMMMMMMMMMM
MMMMMMMMMMMMMMMMMMMMMMMMM
CCCCCCCCCCCCCCCCHHHHHHHHH
AAAAAAAAAAAAAAAAAFFFFFFFF
AAAAAAAAAAAAAAAAAFFFFFFFF
JJJZZZZZZZZZZZZZZZZXXXXXX
LLLLLLLLDDDDDDQQQQQQQQQQQ
LLLLLLLLDDDDDDQQQQQQQQQQQ
WWWWWRRRRRRRRRRRRRRRRRRRR
WWWWWRRRRRRRRRRRRRRRRRRRR
WWWWWRRRRRRRRRRRRRRRRRRRR
IIIIIIIIIIIIIIIIIIIIIIIII
SSSSSSSSSSSSSSSSSSSSSSSSS
SSSSSSSSSSSSSSSSSSSSSSSSS
GGGGGGGGGGGGGGGGGGGGGGGGG
GGGGGGGGGGGGGGGGGGGGGGGGG
NNNBBBUUUUUUUUUUUUUUUUUUU
NNNBBBUUUUUUUUUUUUUUUUUUU
KKKKKKKKKKKKKKKKKKKKKKKKK
Case #76:
ABCDEFGHIJKLMNOPQRSTUVWXY
ABCDEFGHIJKLMNOPQRSTUVWXY
ABCDEFGHIJKLMNOPQRSTUVWXY
ABCDEFGHIJKLMNOPQRSTUVWXY
ABCDEFGHIJKLMNOPQRSTUVWXY
ABCDEFGHIJKLMNOPQRSTUVWXY
ABCDEFGHIJKLMNOPQRSTUVWXY
ABCDEFGHIJKLMNOPQRSTUVWXY
ABCDEFGHIJKLMNOPQRSTUVWXY
ABCDEFGHIJKLMNOPQRSTUVWXY
ABCDEFGHIJKLMNOPQRSTUVWXY
ABCDEFGHIJKLMNOPQRSTUVWXY
ABCDEFGHIJKLMNOPQRSTUVWXY
ABCDEFGHIJKLMNOPQRSTUVWXY
ABCDEFGHIJKLMNOPQRSTUVWXY
ABCDEFGHIJKLMNOPQRSTUVWXY
ABCDEFGHIJKLMNOPQRSTUVWXY
ABCDEFGHIJKLMNOPQRSTUVWXY
ABCDEFGHIJKLMNOPQRSTUVWXY
ABCDEFGHIJKLMNOPQRSTUVWXY
ABCDEFGHIJKLMNOPQRSTUVWXY
ABCDEFGHIJKLMNOPQRSTUVWXY
ABCDEFGHIJKLMNOPQRSTUVWXY
ABCDEFGHIJKLMNOPQRSTUVWXY
ABCDEFGHIJKLMNOPQRSTUVWXY
Case #77:
NNNNNNNNNNNNNNNNNNFFFFFFF
KKKKKKKKKKKKKKKKKKKKKKKKK
SSSSSSSSSSSSSSSSSSSSSSSSS
SSSSSSSSSSSSSSSSSSSSSSSSS
VVVVVVVVVVVVVVVVVVVLLLLLL
VVVVVVVVVVVVVVVVVVVLLLLLL
VVVVVVVVVVVVVVVVVVVLLLLLL
WWWWWWWWWWWWZEEEEEEBBBBBB
WWWWWWWWWWWWZEEEEEEBBBBBB
WWWWWWWWWWWWZEEEEEEBBBBBB
RRRRRRRRRRRRRRRRRRRRRRRRR
UUUUUUUUUUUUUUUUUUUUUUUUU
YYYYYYYYYYYYYYYYYYYYYYYYY
YYYYYYYYYYYYYYYYYYYYYYYYY
OOOOOOOOOOOOOOOOOOOOOOOOO
OOOOOOOOOOOOOOOOOOOOOOOOO
IIIIIIIIIIIIIIIIIIIIIIIII
HHHHHHHHHHHHHHHHHHHHHHHHH
AAAAAAAAAAAAAAAAAAAAAAAAA
XXXXXXXXXXXXXXXXXXXXXXXXX
MMMMMMMMMMMMMMMMMMMMMMMMM
DDDDDDDDDDDDDDDDDDDGGJJJJ
PPPPPPPPPPPPPPPPPPPPTTTTT
QQQQQQQQQQQQQQQQQQQQQQQQQ
CCCCCCCCCCCCCCCCCCCCCCCCC
Case #78:
AAAAAAAAAAABBBBBBBBBBBBBB
CCCCCCCCCCCCCCCCCCCCCCCCC
DDDDDDDDDDDDDDDDDDDDDDDDD
EEEEEEEEEEEEEEEEEEEEEEEEE
EEEEEEEEEEEEEEEEEEEEEEEEE
EEEEEEEEEEEEEEEEEEEEEEEEE
EEEEEEEEEEEEEEEEEEEEEEEEE
EEEEEEEEEEEEEEEEEEEEEEEEE
EEEEEEEEEEEEEEEEEEEEEEEEE
EEEEEEEEEEEEEEEEEEEEEEEEE
EEEEEEEEEEEEEEEEEEEEEEEEE
EEEEEEEEEEEEEEEEEEEEEEEEE
EEEEEEEEEEEEEEEEEEEEEEEEE
EEEEEEEEEEEEEEEEEEEEEEEEE
EEEEEEEEEEEEEEEEEEEEEEEEE
EEEEEEEEEEEEEEEEEEEEEEEEE
FFFFFFFFFFFFFFFFHHHHHHHHH
JJJJJJJJJJJJJJJJJJJJJJJJJ
JJJJJJJJJJJJJJJJJJJJJJJJJ
JJJJJJJJJJJJJJJJJJJJJJJJJ
JJJJJJJJJJJJJJJJJJJJJJJJJ
GGGGGGGGGGGGGGGGGIIIIIIII
GGGGGGGGGGGGGGGGGIIIIIIII
GGGGGGGGGGGGGGGGGIIIIIIII
GGGGGGGGGGGGGGGGGIIIIIIII
Case #79:
AABBCCDDEEFFGGHHIIJJKKLLM
NNNOOPPQQRRSSTTUUVVWWXXYY
ZZZZZZZZZZZZZZZZZZZZZZZZZ
ZZZZZZZZZZZZZZZZZZZZZZZZZ
ZZZZZZZZZZZZZZZZZZZZZZZZZ
ZZZZZZZZZZZZZZZZZZZZZZZZZ
ZZZZZZZZZZZZZZZZZZZZZZZZZ
ZZZZZZZZZZZZZZZZZZZZZZZZZ
ZZZZZZZZZZZZZZZZZZZZZZZZZ
ZZZZZZZZZZZZZZZZZZZZZZZZZ
ZZZZZZZZZZZZZZZZZZZZZZZZZ
ZZZZZZZZZZZZZZZZZZZZZZZZZ
ZZZZZZZZZZZZZZZZZZZZZZZZZ
ZZZZZZZZZZZZZZZZZZZZZZZZZ
ZZZZZZZZZZZZZZZZZZZZZZZZZ
ZZZZZZZZZZZZZZZZZZZZZZZZZ
ZZZZZZZZZZZZZZZZZZZZZZZZZ
ZZZZZZZZZZZZZZZZZZZZZZZZZ
ZZZZZZZZZZZZZZZZZZZZZZZZZ
ZZZZZZZZZZZZZZZZZZZZZZZZZ
ZZZZZZZZZZZZZZZZZZZZZZZZZ
ZZZZZZZZZZZZZZZZZZZZZZZZZ
ZZZZZZZZZZZZZZZZZZZZZZZZZ
ZZZZZZZZZZZZZZZZZZZZZZZZZ
ZZZZZZZZZZZZZZZZZZZZZZZZZ
Case #80:
AAAAAAAAAAAAAACCCCCCCCCCC
AAAAAAAAAAAAAACCCCCCCCCCC
AAAAAAAAAAAAAACCCCCCCCCCC
AAAAAAAAAAAAAACCCCCCCCCCC
AAAAAAAAAAAAAACCCCCCCCCCC
EEEEEEEEEEEEEEEEEEEEEEEEE
EEEEEEEEEEEEEEEEEEEEEEEEE
EEEEEEEEEEEEEEEEEEEEEEEEE
EEEEEEEEEEEEEEEEEEEEEEEEE
BBBBBBBBBBBBBBBDDDDDDDDDD
BBBBBBBBBBBBBBBDDDDDDDDDD
BBBBBBBBBBBBBBBDDDDDDDDDD
BBBBBBBBBBBBBBBDDDDDDDDDD
BBBBBBBBBBBBBBBDDDDDDDDDD
BBBBBBBBBBBBBBBDDDDDDDDDD
BBBBBBBBBBBBBBBDDDDDDDDDD
BBBBBBBBBBBBBBBDDDDDDDDDD
BBBBBBBBBBBBBBBDDDDDDDDDD
BBBBBBBBBBBBBBBDDDDDDDDDD
BBBBBBBBBBBBBBBDDDDDDDDDD
BBBBBBBBBBBBBBBDDDDDDDDDD
BBBBBBBBBBBBBBBDDDDDDDDDD
BBBBBBBBBBBBBBBDDDDDDDDDD
BBBBBBBBBBBBBBBDDDDDDDDDD
BBBBBBBBBBBBBBBDDDDDDDDDD
Case #81:
AAAAAAAAAAAAAAAAAAAAAAAAA
BBBBBBBBBBBBBBBBBBBBBBBBB
CCCCCCCCCCCCCCCCCCCCCCCCC
DDDDDDDDDDDDDDDDDDDDDDDDD
EEEEEEEEEEEEEEEEEEEEEEEEE
FFFFFFFFFFFFFFFFFFFFFFFFF
GGGGGGGGGGGGGGGGGGGGGGGGG
HHHHHHHHHHHHHHHHHHHHHHHHH
IIIIIIIIIIIIIIIIIIIIIIIII
JJJJJJJJJJJJJJJJJJJJJJJJJ
KKKKKKKKKKKKKKKKKKKKKKKKK
LLLLLLLLLLLLLLLLLLLLLLLLL
MMMMMMMMMMMMMMMMMMMMMMMMM
NNNNNNNNNNNNNNNNNNNNNNNNN
OOOOOOOOOOOOOOOOOOOOOOOOO
PPPPPPPPPPPPPPPPPPPPPPPPP
QQQQQQQQQQQQQQQQQQQQQQQQQ
RRRRRRRRRRRRRRRRRRRRRRRRR
SSSSSSSSSSSSSSSSSSSSSSSSS
TTTTTTTTTTTTTTTTTTTTTTTTT
UUUUUUUUUUUUUUUUUUUUUUUUU
VVVVVVVVVVVVVVVVVVVVVVVVV
WWWWWWWWWWWWWWWWWWWWWWWWW
XXXXXXXXXXXXXXXXXXXXXXXXX
YYYYYYYYYYYYYYYYYYYYYYYYY
Case #82:
A
Case #83:
IIIIIIIIIIIIIIIIIIIIIIIII
IIIIIIIIIIIIIIIIIIIIIIIII
IIIIIIIIIIIIIIIIIIIIIIIII
IIIIIIIIIIIIIIIIIIIIIIIII
IIIIIIIIIIIIIIIIIIIIIIIII
IIIIIIIIIIIIIIIIIIIIIIIII
IIIIIIIIIIIIIIIIIIIIIIIII
IIIIIIIIIIIIIIIIIIIIIIIII
IIIIIIIIIIIIIIIIIIIIIIIII
IIIIIIIIIIIIIIIIIIIIIIIII
IIIIIIIIIIIIIIIIIIIIIIIII
IIIIIIIIIIIIIIIIIIIIIIIII
IIIIIIIIIIIIIIIIIIIIIIIII
IIIIIIIIIIIIIIIIIIIIIIIII
EEEEEEEEEEEEEEEEEEEEEEEEE
QQQQQRRRRRRRRRRRRRRRRRRRR
PPPPPYYBBBBBBBBBBBBBBBBBB
LLLLLLLLLLLLLLLLLLLLLLLLL
OZZZZZZZJCCCCCCCCCCCCCCCC
XXXXXXXXFFFFFFFFFFFFFFFFF
KKKKKKHHHHHHHHHHHHHHHHHHH
SSSUUUUUUNNNNNNNNNNNNNNNN
TAAAAAAAVVGWWWWWWWWWWWWWW
MMMMMMMMMMMMMMMMMMMMMMMMM
DDDDDDDDDDDDDDDDDDDDDDDDD
Case #84:
AAAAAAACCCCCCCCCCCCCCCCCC
AAAAAAACCCCCCCCCCCCCCCCCC
AAAAAAACCCCCCCCCCCCCCCCCC
AAAAAAACCCCCCCCCCCCCCCCCC
AAAAAAACCCCCCCCCCCCCCCCCC
AAAAAAACCCCCCCCCCCCCCCCCC
AAAAAAACCCCCCCCCCCCCCCCCC
EEEEEEEEEEEEEEEEEEEEEEEEE
EEEEEEEEEEEEEEEEEEEEEEEEE
EEEEEEEEEEEEEEEEEEEEEEEEE
EEEEEEEEEEEEEEEEEEEEEEEEE
BBBBBBBBDDDDDDDDDDDDDDDDD
BBBBBBBBDDDDDDDDDDDDDDDDD
BBBBBBBBDDDDDDDDDDDDDDDDD
BBBBBBBBDDDDDDDDDDDDDDDDD
BBBBBBBBDDDDDDDDDDDDDDDDD
BBBBBBBBDDDDDDDDDDDDDDDDD
FFFFFFFFFFFFFFFFFFGGGGGGG
HHHHHHHHHHHHHHHHHHHHHHHHH
IIIIIIIIIIIIIIIIIIIIIIIII
JJJJJJJJJJJJJJJJJJJJJJJJJ
JJJJJJJJJJJJJJJJJJJJJJJJJ
JJJJJJJJJJJJJJJJJJJJJJJJJ
JJJJJJJJJJJJJJJJJJJJJJJJJ
JJJJJJJJJJJJJJJJJJJJJJJJJ
Case #85:
AAAAAAAAAAABBBBBBBBBBBBBB
AAAAAAAAAAABBBBBBBBBBBBBB
AAAAAAAAAAABBBBBBBBBBBBBB
AAAAAAAAAAABBBBBBBBBBBBBB
AAAAAAAAAAABBBBBBBBBBBBBB
CCCCCCCCCCCCCCCCCCCCCCCCC
DDDDDDDDDDDDDDDDDDDDDDDDD
EEEEEEEEEEEEEEEEEEEEEEEEE
EEEEEEEEEEEEEEEEEEEEEEEEE
EEEEEEEEEEEEEEEEEEEEEEEEE
EEEEEEEEEEEEEEEEEEEEEEEEE
EEEEEEEEEEEEEEEEEEEEEEEEE
EEEEEEEEEEEEEEEEEEEEEEEEE
EEEEEEEEEEEEEEEEEEEEEEEEE
EEEEEEEEEEEEEEEEEEEEEEEEE
FFFFFFFFFFFFFFFFFFFFHHHHH
JJJJJJJJJJJJJJJJJJJJJJJJJ
JJJJJJJJJJJJJJJJJJJJJJJJJ
JJJJJJJJJJJJJJJJJJJJJJJJJ
JJJJJJJJJJJJJJJJJJJJJJJJJ
GGGGGGGGGGGGGGGGGGGGGIIII
GGGGGGGGGGGGGGGGGGGGGIIII
GGGGGGGGGGGGGGGGGGGGGIIII
GGGGGGGGGGGGGGGGGGGGGIIII
GGGGGGGGGGGGGGGGGGGGGIIII
Case #86:
ZZZZZZNNNNNNNNNNGGGGGGGGD
XXXXXXXXXXXXXXXXXXXXXXXXX
XXXXXXXXXXXXXXXXXXXXXXXXX
HHHHHHHHHHHHHHHHHHHHHHHHH
SSSSSSSSSSSSSSSSSSSSSSSSS
YYYYYYYYYYYYYYYYYYYYYYYYY
MMMMMMMMMMMMMMMMMMMMMMMMM
MMMMMMMMMMMMMMMMMMMMMMMMM
EEEEEEEEEEEEEEEEEEEEEEEEE
EEEEEEEEEEEEEEEEEEEEEEEEE
EEEEEEEEEEEEEEEEEEEEEEEEE
WWWWWWWWWWWWWWRRRRKQQQQQQ
PPPPPLLLLLLLLLLLLLLLLLLLL
BBBBBBBBBBBBBBBBBBBBBBBBB
BBBBBBBBBBBBBBBBBBBBBBBBB
BBBBBBBBBBBBBBBBBBBBBBBBB
BBBBBBBBBBBBBBBBBBBBBBBBB
TTTTTTTTTTTTTTTTTTTTTTTTT
UUUUUUUUUUUUUUOOOOOOOOOOO
VVVVVVVVVVVVVVVVVVVVVVVVV
IIIIIIIIIIIIIIIAAAFFFFFFF
JJJJJJJJJJJJJJJJJJJJJJJJJ
CCCCCCCCCCCCCCCCCCCCCCCCC
CCCCCCCCCCCCCCCCCCCCCCCCC
CCCCCCCCCCCCCCCCCCCCCCCCC
Case #87:
KKBBAFEEDLLLLLGGGMMMJIIHC
Case #88:
EEEEEEEEEEEEEEEEEEEEEEEEE
CCCUUUUUUUUUUUUUUUUUUUUUU
CCCUUUUUUUUUUUUUUUUUUUUUU
JJJJJJJJJTTTTTTTTTTTTTTTT
MMMMMMMMMMMMMMMMMMMMMMMMM
QQQQQQQQQQQQQQQQQQQQQQQQQ
QQQQQQQQQQQQQQQQQQQQQQQQQ
FFFFFFFFFFFFFFFFFFFFFFFFF
LLLLLLLLLLLLLLWWWWWWWWWWW
LLLLLLLLLLLLLLWWWWWWWWWWW
ZZZZZZZZZZZZZZZZZZZZZZZZZ
DDDDDDDDDDDDDDDDDDDDDXXXX
RRRRRRRRRRRRRRRRRRRRRRRRR
RRRRRRRRRRRRRRRRRRRRRRRRR
RRRRRRRRRRRRRRRRRRRRRRRRR
RRRRRRRRRRRRRRRRRRRRRRRRR
GGGGGGGGGGGGGGGGGGGGGGGGG
KKKKKKKKKKKKKKKKKKKKKKKKK
YYYYYYYYYYYBBSSSSSSSSVVVV
NNNNNNAAAAAAAAAAAAAAAAAAA
IIIIIIIIIIIIIIIIIIIIIIIII
OOOOOOOOOOOOOOOOOOOOOOOOO
OOOOOOOOOOOOOOOOOOOOOOOOO
HHHHHHHHHHHHHHHHHHHHHHHHH
PPPPPPPPPPPPPPPPPPPPPPPPP
Case #89:
VVVVVVVVVVVVVVVVVVVVVVVVV
VVVVVVVVVVVVVVVVVVVVVVVVV
JJJJJJJJJJJJJJJJJJJJJJJJJ
JJJJJJJJJJJJJJJJJJJJJJJJJ
JJJJJJJJJJJJJJJJJJJJJJJJJ
OOOOOOOOOOOOOOOOOOOOOOOOO
OOOOOOOOOOOOOOOOOOOOOOOOO
IIIIIIIIIIIIIIPPPPPPPPPPP
XXXXXXXXXXXXXXXXXXXXXXXXX
XXXXXXXXXXXXXXXXXXXXXXXXX
HHHHHHHHHHHHHHHHHHHHMMMMM
WWWWWWWWWWWWWWWWWWWWWWWWW
GGGGGGGGGGGGGGGGGGGGGGGGG
SSSSSSEEFFTTTTTTTTTTTTTTT
SSSSSSEEFFTTTTTTTTTTTTTTT
QQQQQQQQQQQQQQQQQQQQQQLLL
QQQQQQQQQQQQQQQQQQQQQQLLL
KKKKKKKKKKKKKKKKKKKKKKKKK
AAAAAAAAAAAAAAAAAAAAAAAAA
DDDDDDDDDCCCCCCCCCCCCCCCC
RRRRRRRRRRRRRRRRRZZZZZZZZ
UUUUUUUUUUUUUUUUUUUUUUUUU
UUUUUUUUUUUUUUUUUUUUUUUUU
YYYYYYYYYYYYYYYYYYYYYYYYY
NNNNNNNNNNNNNNNBBBBBBBBBB
Case #90:
BBBBB
AAAAC
AAAAC
Case #91:
AAAAAAAAAACCCCCCCCCCCCCCC
AAAAAAAAAACCCCCCCCCCCCCCC
AAAAAAAAAACCCCCCCCCCCCCCC
AAAAAAAAAACCCCCCCCCCCCCCC
AAAAAAAAAACCCCCCCCCCCCCCC
AAAAAAAAAACCCCCCCCCCCCCCC
AAAAAAAAAACCCCCCCCCCCCCCC
AAAAAAAAAACCCCCCCCCCCCCCC
AAAAAAAAAACCCCCCCCCCCCCCC
AAAAAAAAAACCCCCCCCCCCCCCC
AAAAAAAAAACCCCCCCCCCCCCCC
EEEEEEEEEEEEEEEEEEEEEEEEE
EEEEEEEEEEEEEEEEEEEEEEEEE
EEEEEEEEEEEEEEEEEEEEEEEEE
EEEEEEEEEEEEEEEEEEEEEEEEE
BBBBBBBBBBBDDDDDDDDDDDDDD
BBBBBBBBBBBDDDDDDDDDDDDDD
BBBBBBBBBBBDDDDDDDDDDDDDD
BBBBBBBBBBBDDDDDDDDDDDDDD
BBBBBBBBBBBDDDDDDDDDDDDDD
BBBBBBBBBBBDDDDDDDDDDDDDD
BBBBBBBBBBBDDDDDDDDDDDDDD
BBBBBBBBBBBDDDDDDDDDDDDDD
BBBBBBBBBBBDDDDDDDDDDDDDD
BBBBBBBBBBBDDDDDDDDDDDDDD
Case #92:
MMNNNNNNNNNNNNNNNNNNNNNNN
MMNNNNNNNNNNNNNNNNNNNNNNN
GGGGGGGGGGGGGGGGGGGGGGGGG
GGGGGGGGGGGGGGGGGGGGGGGGG
GGGGGGGGGGGGGGGGGGGGGGGGG
EEEEEEEEEEEEEEEEEEEEEEEEE
TTTTTTVVVVVVVVVVVVVVVVVVV
WWWWWWWWWWWWWWWWWWWWWWWWW
KKKKKKKKKKKKKKKKBBBBBBBBB
DDDDDDDDDDDDDDDDDDDDDDDDD
IIIIIIIIIIIIIIIIIIIIIIIII
AAAAAAAAAAAAAAAAAAAAAAAAA
PPPPPPPPPPPPPPPPPPPPPPPPP
PPPPPPPPPPPPPPPPPPPPPPPPP
FFFFFFFFFFFZZZZZZZZYYYYYY
FFFFFFFFFFFZZZZZZZZYYYYYY
CCCCCCCCCCCCCCCCCCCCCOOOO
LLLLLLLLLLLLLLLLLLLLLLLLL
QQQQQQQQQQQQQQQQQQQQQQQQQ
JJJJJJJJJJJJJJJJJJJJRRRRR
HHHHHHHHHHHHHHHHHHUUUUUUU
SSSSSSSSSSSSSSSSSSSSSSSSS
SSSSSSSSSSSSSSSSSSSSSSSSS
XXXXXXXXXXXXXXXXXXXXXXXXX
XXXXXXXXXXXXXXXXXXXXXXXXX
Case #93:
AAAAAAAAAAAAAAAAAAAAAAAAB
AAAAAAAAAAAAAAAAAAAAAAAAB
AAAAAAAAAAAAAAAAAAAAAAAAB
AAAAAAAAAAAAAAAAAAAAAAAAB
AAAAAAAAAAAAAAAAAAAAAAAAB
AAAAAAAAAAAAAAAAAAAAAAAAB
AAAAAAAAAAAAAAAAAAAAAAAAB
AAAAAAAAAAAAAAAAAAAAAAAAB
AAAAAAAAAAAAAAAAAAAAAAAAB
AAAAAAAAAAAAAAAAAAAAAAAAB
AAAAAAAAAAAAAAAAAAAAAAAAB
AAAAAAAAAAAAAAAAAAAAAAAAB
AAAAAAAAAAAAAAAAAAAAAAAAB
AAAAAAAAAAAAAAAAAAAAAAAAB
AAAAAAAAAAAAAAAAAAAAAAAAB
CCCCCCCCCCCCCCCCCCCCCCCCC
DDDDDDDDDDDDDDDDDDDDDDDDD
EEEEEEEEEEEEEEEEEEEEEEEEE
EEEEEEEEEEEEEEEEEEEEEEEEE
EEEEEEEEEEEEEEEEEEEEEEEEE
EEEEEEEEEEEEEEEEEEEEEEEEE
EEEEEEEEEEEEEEEEEEEEEEEEE
EEEEEEEEEEEEEEEEEEEEEEEEE
EEEEEEEEEEEEEEEEEEEEEEEEE
EEEEEEEEEEEEEEEEEEEEEEEEE
Case #94:
HHHHHHHHHHHHHHHHHHHHHHHHH
HHHHHHHHHHHHHHHHHHHHHHHHH
HHHHHHHHHHHHHHHHHHHHHHHHH
MMMMMMMWWWWWWWWWWWWKKKKKK
BBBBBBBBBBBBBBBBBBBBTTTTT
BBBBBBBBBBBBBBBBBBBBTTTTT
NNNNNNNNNNNNNNNNNNNNNNNNN
PPPPPPPPPPPPPPPPPPPPEEEEZ
PPPPPPPPPPPPPPPPPPPPEEEEZ
OOOOOOOOOOOOOOOOOOOOOGGGG
RRRRRRRRRRRRRRRRRRRRRRRRR
RRRRRRRRRRRRRRRRRRRRRRRRR
XXXXXXXXXXXXXXXXXXXXXXXXX
CCCCCCCCCCCCCCCCCCCCVVVVV
CCCCCCCCCCCCCCCCCCCCVVVVV
CCCCCCCCCCCCCCCCCCCCVVVVV
LLLLLLLLLLLLLLLLLLLLLLLLL
QQQQQQQQQQQQQQQQQQQQQYYYY
JJJJJJJJJJJJJJJJJJJJJJJJJ
UUUUUUUUUUUUUADDDDDDDDDDD
UUUUUUUUUUUUUADDDDDDDDDDD
FFFFFFFFFFFFFFFFFFFFFFFFF
FFFFFFFFFFFFFFFFFFFFFFFFF
SSSSSSSSSSSSSSSSSSSSSSSSS
IIIIIIIIIIIIIIIIIIIIIIIII
Case #95:
BBBBBBBBBBBBBBBBBBBBBBBBB
BBBBBBBBBBBBBBBBBBBBBBBBB
BBBBBBBBBBBBBBBBBBBBBBBBB
BBBBBBBBBBBBBBBBBBBBBBBBB
LLLLLLLLLLLLLLLLLLLLLLLLL
LLLLLLLLLLLLLLLLLLLLLLLLL
KKKKKKKKKKKKKKKKKKKKKKKKK
KKKKKKKKKKKKKKKKKKKKKKKKK
QQQQQQQQQQQQQQQQQQQQQQQQQ
PPPPPPPPPPPPPPPPPPPPPPPPP
PPPPPPPPPPPPPPPPPPPPPPPPP
DDDDDDDDDDDDDDDZZZZZZZZZZ
JJJJJJMMMMMMMMMMMMRRRRRRR
TTTTTTTTTTTTTTTTTTTTTTTTT
TTTTTTTTTTTTTTTTTTTTTTTTT
SSSSSSSSSSSSSSSSVVVVVVVVV
WWWWWWWWWWWWWWWWWWWWWWWWW
XXXXXXXXXXXXXXXXXXXXXXXXX
NNNNNNNNNNNNNNNNNNNNNNNNN
YYYYYYCEEEEEEGGGGGGGGGGGG
YYYYYYCEEEEEEGGGGGGGGGGGG
FFFFFFFFFFFFFFFFFFFFFFFFF
UUUUUUUUUUUUUUHHHHHHHHIII
OOOOOOOOOOOOOOOOOAAAAAAAA
OOOOOOOOOOOOOOOOOAAAAAAAA
Case #96:
YYYYYYYYYYYYYYYYYYYQQQQQQ
YYYYYYYYYYYYYYYYYYYQQQQQQ
YYYYYYYYYYYYYYYYYYYQQQQQQ
YYYYYYYYYYYYYYYYYYYQQQQQQ
WWWWAAAAAAAAAAAAAAAAAKKKK
WWWWAAAAAAAAAAAAAAAAAKKKK
JJJJJJJJJJJJJJJJJJJJJJJJJ
JJJJJJJJJJJJJJJJJJJJJJJJJ
PPPPPPPPPPPPPPPPPPPXXXXXX
PPPPPPPPPPPPPPPPPPPXXXXXX
GGGGGGGGGGGGGGGGGGGVVVVVV
CCCCCCCCCCCCCCCCCCCCCCCCC
HHHHHDDDDDDRRRRRRRUUUUUUU
TTTTTTTTTTTTTTTTTTTTTTTTT
LLLLLLLLLLLLLLLLLLLLLLLLF
EEEEEEEEEEEEEEEEEEEEEEEEE
EEEEEEEEEEEEEEEEEEEEEEEEE
ZZZZZZZZZZZZZZZZZZZZZZZZZ
IIIIIIIIIIIIIIIIIIIIIIIII
SSSSSSSSSSSSSSSSOOOOOOOOO
SSSSSSSSSSSSSSSSOOOOOOOOO
MMMMMMMMMMMMMMMMMMMMMMMMM
NNNNNNNNNNNNNNNNNNNNNNNNN
BBBBBBBBBBBBBBBBBBBBBBBBB
BBBBBBBBBBBBBBBBBBBBBBBBB
Case #97:
AAAAAAAAAACCCCCCCCCCCCCC
SSSSSSSSSSSSSSSSSSSSSSXX
WWWWWWWWWWWWWWWWWWWWWWWW
BBBBBBBBBBBBBBBBBBBYYYYY
UUUUUUUUUUUUUUUUUUUUUUUU
GGGGGGGGGGGGGGGGGGGGGGGG
GGGGGGGGGGGGGGGGGGGGGGGG
QQQQQQQQQQQQQQQQQQQQQDDD
QQQQQQQQQQQQQQQQQQQQQDDD
QQQQQQQQQQQQQQQQQQQQQDDD
VVVVJJJJMMMMMMMMMMMMMMMM
HHHHHHHHHHHHHHHHHHHHHHII
HHHHHHHHHHHHHHHHHHHHHHII
HHHHHHHHHHHHHHHHHHHHHHII
HHHHHHHHHHHHHHHHHHHHHHII
RRRRRRRRRRRRRRRRRRRRRRRR
RRRRRRRRRRRRRRRRRRRRRRRR
RRRRRRRRRRRRRRRRRRRRRRRR
OOOOOOOOOOOOOOOOOOFKKKKK
LLLLLLLLLLLLLLLLLLLLLLLL
EEEEEEEEEEEEEEEEEEEEEEEE
PPPPPPPPPPPPPPPPPPPPPPPP
NNNNNNNNNNNNNNNNNNNTTTTT
NNNNNNNNNNNNNNNNNNNTTTTT
NNNNNNNNNNNNNNNNNNNTTTTT
Case #98:
WWWWWWWWWWBBBBBBBBBBBBBBB
ZZZZZZZZZZZZZZZZZZZZJJJGG
XXXXXXXXXXXXXXXXXXXXXXXXX
CCCCCCCCCCCCCCCCCCFFFFFFF
CCCCCCCCCCCCCCCCCCFFFFFFF
LLLLLLLLLLLLLLOOOOVVVVVVV
AAAAAAAAAAAAAAAAAAAAYYYYY
AAAAAAAAAAAAAAAAAAAAYYYYY
HHHHDDDDDDDDDDDDDDDDDDDDD
UUUUUUUUUUUUUUUUUUUUPPPPP
UUUUUUUUUUUUUUUUUUUUPPPPP
NNNNNNNNNNNNNNNNNNNNNNNNN
NNNNNNNNNNNNNNNNNNNNNNNNN
QQQQQQQQQQQQQQQQQQQQQQQQQ
QQQQQQQQQQQQQQQQQQQQQQQQQ
EEEEEEEEEEEEEMMMMMMMMMMMM
RRRRRRRRRRRRRRRRRRRRRRRRR
RRRRRRRRRRRRRRRRRRRRRRRRR
IIIIIIIIIIIIIIIIIIIIIIIII
IIIIIIIIIIIIIIIIIIIIIIIII
IIIIIIIIIIIIIIIIIIIIIIIII
IIIIIIIIIIIIIIIIIIIIIIIII
TTTTTTTTTTTTTTTTTTTTTKKKK
SSSSSSSSSSSSSSSSSSSSSSSSS
SSSSSSSSSSSSSSSSSSSSSSSSS
Case #99:
B
F
F
F
G
G
I
I
I
I
H
H
C
A
K
M
M
M
E
J
J
L
L
D
D
Case #100:
KKKKKKKKKKKKKKUUUUUUUUUUU
KKKKKKKKKKKKKKUUUUUUUUUUU
KKKKKKKKKKKKKKUUUUUUUUUUU
PPPPPPPPPPPPPPPPPPPPPPPPP
PPPPPPPPPPPPPPPPPPPPPPPPP
MMMMMMMMMMMMMMMMMMMMMMMMM
TTTTTTTTTTBBQQQQDDDDDWWWW
CCCCCCCCCCCCCCCCVVVSSIIII
CCCCCCCCCCCCCCCCVVVSSIIII
JJJJJJJJJJJJJJJJNNNNNNNNN
EEEEEEEEEEEEEEEEEYYZZZZZZ
GGGGGGGGGGGGGGGOHAAAAAAAA
RRRRRRRRRRRRRRXLLLLLLLLLL
RRRRRRRRRRRRRRXLLLLLLLLLL
FFFFFFFFFFFFFFFFFFFFFFFFF
FFFFFFFFFFFFFFFFFFFFFFFFF
FFFFFFFFFFFFFFFFFFFFFFFFF
FFFFFFFFFFFFFFFFFFFFFFFFF
FFFFFFFFFFFFFFFFFFFFFFFFF
FFFFFFFFFFFFFFFFFFFFFFFFF
FFFFFFFFFFFFFFFFFFFFFFFFF
FFFFFFFFFFFFFFFFFFFFFFFFF
FFFFFFFFFFFFFFFFFFFFFFFFF
FFFFFFFFFFFFFFFFFFFFFFFFF
FFFFFFFFFFFFFFFFFFFFFFFFF
