Case #1: IMPOSSIBLE
Case #2: POSSIBLE
#.##
#||#
####
Case #3: POSSIBLE
-.
#|
Case #4: POSSIBLE
.-.
|//
.-.
#\/
Case #5: IMPOSSIBLE
Case #6: IMPOSSIBLE
Case #7: POSSIBLE
...-#-..#|.#
...........-
........-...
.-.#-\/.#.|#
...-#..-....
-./........-
/#..-..#|..#
\|.##..|#..|
-.../..../..
./.|#../|/..
/........-..
./..-./#.../
Case #8: POSSIBLE
...-.#/....#|.#...-#|..#\.....-....#..........-###
|/...\..|..#....-/.-...#/....-.....#.|/.-......###
..\\.#|....#..|.#.../..#...-.##...|#...|#|.\|.####
\./.|#....|##..\./.#..|#.-..\|\.|..#|.#.....\..###
|.#|....#|.#-.....#|..\##/.........##.\...\...-###
..|##..|...#....-.\.|.###|.#/.#..|##...../....\###
....-.#.|..#/...#|..#.|#|..#|.#./.##..|.../#|..###
#\......../#|.#\../#.|.#..|...#../.#|.##|.//#|.###
#-..#|/#..|#..|#...-.\.#...|##-./..#..|#...-#\.###
/..-\.-....#...|/.-./..#/...-..\.\|#\..........###
\..#../|...#.|..##..-..#.....-.\/|.###.-..\.-\|###
Case #9: POSSIBLE
#....-....###.|/\..|..##..-.\#-....#...-..#.|/####
......-....#\....|.....#...-..../..#-..........###
-....##|/-.#|.#.......|#\|#\..#.|..##|.#..-/.-.###
#|./..#../.#.|#.|#|...##\......|...#-.//...\...###
....|/.#..|#.....|.....#/#....|.#.|#..-#.-#\..-###
.....|\|#|.#..|\/.#..|.#-./|..#/#|.#......\-...###
...../\....#../....../|#..../\.-..###..-.#./...###
.....|.#|..#\#..-#-./\.##.....-....#|.##-\.|.#####
...|.\.#./.#\-.##-..#|.#/|#.....\.|#\......#.-.###
|..#.....-.#...-\...-..#..\.-.../..#|.\.......-###
#.|#.//\/\.#-........#/##.|.#...-..#./#-..\-...###
Case #10: IMPOSSIBLE
Case #11: IMPOSSIBLE
Case #12: POSSIBLE
##-.##-..#.|##.-###-.#-.#.|###.-##.-##.-###-.#.-..
....-#.-.#|.#.-.#...-#.-....#.-.#-..#.-..#-..#-...
|.#-..#.-.#.-.#.-..##-.#.|#..-##-.##.-##-..#-.#..-
.|.#.-..#.....-#..-...#.|#..........-.......#-..##
#.|##.-##-.#.-.#.-#-..#|.#-..#-..#.-.#.-#-..#.-###
Case #13: POSSIBLE
###########
###########
###########
.....-.#.-\
\-./....-..
#/.#...-...
...-.#\\#\\
......-...\
-./.......#
#../.-#..-.
.|...#-....
./.....-...
|..#.|#...-
..|#|.\.-.#
###########
.|#\.|#-...
.........-.
...\|..#-\.
..-.#.|.#.|
.\#|.......
|....#.|...
.\\...///..
....|......
..|#.|....#
...../..|..
.|#|.##|.\/
###########
....-...\.-
-...\/...-.
/.-.#..-.#/
.|#-.......
..|\/......
#/.#..../.-
...-...#.|#
......-#..-
.-.#|.#.\..
-.\..../|.#
#..-#.-...\
###########
.-..../#..|
......-#.|.
.\./....../
..\.-.#|..#
..-...#...|
.|##.-.\...
..|.#...../
\....../..|
-..//.-#|\.
...-......\
\..#...-.##
Case #14: IMPOSSIBLE
Case #15: IMPOSSIBLE
Case #16: POSSIBLE
###/......-...#..\\..-#.|.##-.###-.#|.##\..|../..#
###.\|\....-..#-/|#-.\....#....-...../#..........-
###......-.#.-##..-#|.....#-..../.-..##..|....\-..
###\/##-..#-.##....../...|#/#.-...#..|#...|#.|#\.\
###-..#.....-.#../.-.#.|..#|./....-...#.|#.-.....#
###..-.#./-#.-#.\.\##..../#.|#......./#|./..\.-..#
####..-......\#|.\.#.-...##..-....#|\.#..|#/...\|.
###|.\#|..#\\.#/...-.#\..-#/..#./....-#...|...#..|
###.|#|..#-...#.|#..-.....#../....-.#/#...../.#|.#
###.....|\..-.#......-....#../...../-.#.....-.....
###..|..\#.-..#./-.#..-..\#|..\......-##......-.\/
Case #17: POSSIBLE
###\..-#\|./.|#.|..#|.#|..#...\.|/....#.......-/|.
###..-..\.|\..#....\.|/..|#..-.\....-.#....-...#.|
###........\..#....-..#.|.#....\...../#...-#...-.#
###|.#.-.##|..#./\../\....#|.#.|#.-...#..|#\.|#\.#
####.-..##|...#.|#..-#|..##......|#..-#.|#.-....#/
###-...#.../..#|..\..-...##..|.\//.-###...-.\....-
###......-....#./|#.../...#.|..#..|#.|#.\.#....-..
###....-.#.|..#...-#\\.#.|#/...\##.|..#..-.#..-..\
####\...-/....#....-../-#\#-....#/./|##.|#.-.##.-.
###/-......\..#.........-.#/..\.-.....#|./....-...
###\...#.-\#|.##....-\.#.-#-.#.......-#//.|\#-...\
Case #18: POSSIBLE
##.-.##-.##.-#-.##-.##-.#-.#-.###.-#-.##-.##.-####
...........-....#..-#........-.#.-........#-...#.-
..-##.-#-..#.-.#-.#..-#|.#|.#.-..#.-##-.#-..#..-..
.-#-....#.-.#....-.#-..#|.#|.#...-#..-...#..-#-...
###.-#.-##.-###-...#..-#.|#.|##-..##-.#-.#-..##.-#
Case #19: IMPOSSIBLE
Case #20: IMPOSSIBLE
Case #21: IMPOSSIBLE
Case #22: POSSIBLE
..|#.|#.-.....#
|...../....\-..
......|.#|..#\|
...|..#...|..#/
.....\.\...\...
#.....-././../.
|.#..-...#|....
\..............
\.-...##../...|
.|#.\.-...#|...
|./..../#\-...#
#.|..#.-...#|.#
........-/.-#\-
.../\........-.
|.\.\-..##..-.#
Case #23: IMPOSSIBLE
Case #24: IMPOSSIBLE
Case #25: IMPOSSIBLE
Case #26: POSSIBLE
###########
###########
###########
.....-\#-..
..-........
.-./.#.-...
././.-###|/
..//..-#\.|
.|.#....-..
|.#/-.....#
##-...#-\.#
.-.........
........./.
\.....-..\|
###########
#.|##-.../#
-......../.
\.#|/#..-..
.|#...-....
|.#/....\..
.....-#...|
..-...\|...
././-.##|.#
../..\./.|#
...../\...-
..|.#.-....
###########
|./|#..-...
..........-
.|##|./././
...|#.|##.|
....|.#.\|.
......|....
#.|#.|\....
|\..#.\....
...-.#\|..#
./...\-.\.-
.|.#-......
###########
.....-...##
-./.-../...
.-..#/....-
##.|#.\...\
....|#|....
.|...#..|..
|..\##/|#.|
.../#...-/\
.....-....\
../.-......
...-#....-#
Case #27: POSSIBLE
-
-
#
.
|
Case #28: POSSIBLE
##.-##-.##-.#.-##|.#-...#|.#|.##-.##..-##.-###-.##
-...#...-#..-..#-.......#.|#.|#...-#.-.#...-.#.-..
..-#.-#-..##.-#-.#|.#-.#|.#|.#.-.#..-.#-.##..-.#.|
....-..#...-......#|.#-.........#-..#...-.....#.|.
###-...##-..##-...#.|##|.#|.#-.##..-##-.#-.#-.#|.#
Case #29: POSSIBLE
###########
###########
###########
#.-/-#.-...
.-....\\./-
.......-...
-...#|.#|.#
/##...../..
/#/.-......
...\\.#...-
|...../-..#
...|.#.\..#
.....-.....
.|#....-\.-
###########
.........-.
.|\.......-
|.#-.....##
#.\.......-
\....-.\.-.
|..#-\\.|#\
..|##./...|
\..#-......
|.##.\.....
..-..\./.|.
#..-......#
###########
|./..-.\|.#
..\........
#..|/#-.\..
.../..##.|.
|.../..-...
.......\...
#....|.....
#.|.#.....|
|.#|\.|....
.\-.....\..
.-..##.|#\.
###########
-......#|.#
...-\|.#.|.
/.-.#..|...
.|#/|......
......./..|
//.........
..|#./.#./.
...-#-.#.|.
//...#.|..#
|.#.-......
.|/..-\...-
Case #30: POSSIBLE
-.##....-..#/..-#....-.#..\\#.-#..-#..-.#/#.|..###
.-.\......-#..-.\...-\.#.......-...#|/..-#..\..###
#\../|..#.\#../.....\..#...|..#..-##./#..-\.|..###
..../\..../#..|#...-...#.|\\.....#\#.|/-....\..###
..|#..|....#......-#..|#.\.../..-..#/...../...|###
.|.#...|...#.....-./..##../.|..#/.|#.\....#|...###
..\#.../|..#.|#./..-#\/#.|#|.#.|#./##.....-../####
..|#.|.##.|#...|.##..\/#......./#|.#\-.#.../...###
...|...##|.#..|#..-....#..-....#..|#...-.#.-#.|###
.......|...#.....-.../-#../..-/-/..#........-..###
|.\\....\./#\#.-..#.-.##|....#..-.##-...#-.../####
Case #31: IMPOSSIBLE
Case #32: IMPOSSIBLE
Case #33: POSSIBLE
........|........
.|...............
.............|...
|................
.......|.........
...............|.
................|
............|....
...........|.....
......|..........
..........|......
..|..............
.........|.......
...|.............
.....|...........
....|............
..............|..
\................
Case #34: POSSIBLE
-..#-\....-#/..|.#|....#.|..#..-\.|#.|\|.#.\..|###
..-........##|.../...|.#..\..-.../.#.......-...###
#\.-..\.-..##.|..#.|...#...\-..#.|.#\....-.\...###
........\.##|..../.\...#..-.##-....#|.#.|#...|.###
../##..|...#./....../..#|.#|.##|...#.....|.#|..###
....-\...//##../|..#-\.#\..#.|....##..|.#.|/...###
..-...##|.##.\.....-...##.|#\\.....#/./##..|..####
.|#...../|/#.|##.|\.#.|#|.#\.|..#.|#.\.\../....###
|.#....-...#...|#...-..#..\.|.../..#......-##.|###
..........-#..|.\...\.##......|./..#..|.\./-...###
..-/..-#\#/#|.#\...#|.##..|\./..-..#.|#./...-.####
Case #35: POSSIBLE
..........|......................................
......|..........................................
...................................|.............
......................................|..........
.....|...........................................
|................................................
.............................................|...
...............|.................................
...............................................|.
...........................................|.....
............................................|....
.......................................|.........
....................................|............
..................|..............................
.........................................|.......
..|..............................................
...................|.............................
................................|................
.................................|...............
..............................|..................
.........|.......................................
................|................................
.....................|...........................
.......|.........................................
........................|........................
.....................................|...........
...............................|.................
..........................................|......
..................................|..............
....|............................................
...|.............................................
................................................|
...........|.....................................
.............................|...................
....................|............................
..............................................|..
.............|...................................
............................|....................
............|....................................
.................|...............................
..............|..................................
.......................|.........................
......................|..........................
........|........................................
...........................|.....................
.|...............................................
..........................|......................
.........................|.......................
........................................|........
################################\................
Case #36: POSSIBLE
###########
###########
###########
-.../......
...-/..-/..
#.-#....-..
|.##.\|\#|.
...-#-..../
....-..#-..
.|.#......-
##|.#..-.\#
.-./-..#.\#
...\.......
-..\...-.\-
###########
|.#-.\#...|
....\...../
..-..#..|./
.|#/.......
./......#|.
...|\-.....
..|.##....|
.|...#.|...
/.#.|/....#
-.....\...-
#.|#.|\./\.
###########
.|/|#|\-...
\........-.
.\....#..\.
....-.##|..
-.#.\.#..|.
/|#...-....
..-.....#/.
#..../#|...
\#...-../.|
.-......./.
-.#.|#-.#-.
###########
#\...\#.|..
/..-..#|...
..|#.|/#..|
.|..\.../..
#..|#....\/
......|\|.#
./......#|.
|..#|..#|..
.|#....../|
...-.......
..-##/.-...
Case #37: POSSIBLE
-./#......-./-
..-\.-..\-....
#-............
-.#.-.....#../
..-.##.|.#.|.#
##./.....\...\
.|#.|\.......-
|.#|.#|.#.|..#
.../\...#./...
\.....#...-...
...|./-#.\\#.|
..|#.\...../..
...\.|#..-....
|.#-../-/./-..
Case #38: POSSIBLE
.................................|................
......................|...........................
...................|..............................
.............................|....................
................................................|.
............................................|.....
.....|............................................
...............................|..................
................................|.................
.........................|........................
..|...............................................
................|.................................
....................|.............................
......|...........................................
........................................|.........
..........|.......................................
..........................|.......................
...|..............................................
.............................................|....
.......|..........................................
.............|....................................
..................|...............................
...........................................|......
...............|..................................
............|.....................................
..................................|...............
............................|.....................
|.................................................
.....................|............................
........................|.........................
....|.............................................
..............................................|...
.....................................|............
.......................|..........................
..........................................|.......
..............................|...................
.|................................................
.........|........................................
......................................|...........
.......................................|..........
........|.........................................
.................|................................
...........................|......................
..............|...................................
...............................................|..
.........................................|........
...................................|..............
....................................|.............
.................................................|
...........|......................................
Case #39: POSSIBLE
..\..-\..-.#...-...#..-#-.#/-.#.-..#.|.##..-..####
...-.......#-....\-....#..........-#./....-.\.|###
...//#.-\.-##.-./.#.\|\##.|.#-..#|\#.....-..\..###
....-.##\..#........-.##|..#./.../.#..\-.###\/.###
...-..#.-.##\-.#-...#.\#.|.#..|/\|##|..#....-.####
|..##-....##/#.-#.|.#.|#....|#..|..#....-......###
#.|/-../.####-..#...-..#/..../#/..|#..|.#..-#.-###
......-\.-.#-...#./.\.##...\....../#/.\...\.-..###
.|..###...-#....-./|#.-#...-#.-.\..#..\.-..#.-\###
|\.........#/..........#.....-.....#..|.#-.....###
./..|/-....#\.......-..#|.#.-..#..-#/..|#..-.\.###
Case #40: POSSIBLE
/\
.-
-.
Case #41: POSSIBLE
...-./#-..#
|/\.-/.....
.|#\#.-#\.|
\\....#.-/.
..\-.......
|..#-......
..|#..-....
\#.-.\.-#-.
/-....#.-.#
..........-
......-....
###########
|.#...|\..|
....../....
#...|..#|..
..|.#...../
...|..\-../
.|.#.|##..|
|.#|..##.|.
\\/.|#\|...
##...-\.../
-.......\..
.-.....#..-
###########
-..\....-#\
.....-.....
#.-..#|.#.|
|.##-......
..|##.\....
..\....../.
..-........
.|#\\...-..
..\.-././|#
..-..../..-
#/.-#-.....
###########
/....../\.\
......-.#.-
..|...#-./.
|.#..|.#.|#
..\.|..#|.#
.\\|#.|#..|
....|../...
.|...#.|...
..\..../...
./.....-...
..|.#|.#../
###########
###########
###########
Case #42: IMPOSSIBLE
Case #43: POSSIBLE
#//.....##
.-...\...-
-.........
#/./..-..#
|/|...#.|.
./#.|##|..
.-.../|...
#.-.\.....
......./..
-..#...-./
Case #44: IMPOSSIBLE
Case #45: POSSIBLE
###########
###########
###########
..-#|./-./#
-....//....
.-#|...#..|
##|........
|..........
.|##...|...
..|#./|....
#.\...##|..
\.\....-./.
-.........\
./-/..-#.-.
###########
/..|##.-...
#../....-..
..|#..-\#.-
.....-#..|#
...|.##.|..
......./...
.|#..|/..//
\.-....../|
-..#|.#-...
./.-.......
....//-...#
###########
.|/.#....-/
..-........
../|./....-
|.#.|#-..\#
./...##...-
/.-#...-...
.|##.-...\.
#.|..#-....
/.\.##/.-..
.....-....\
#.-/-......
###########
........-..
.\.-./..\..
\.|\.#-/...
|..#.|#...|
\../..#..|#
|.#-......#
..-\.#|....
.|\..#\....
/.#.|.#...|
..-...\.|..
-..#.|#|...
Case #46: POSSIBLE
-.\
/./
Case #47: POSSIBLE
-.##\.....-....
.........-.....
......-..#...\|
....-.#..|#.|..
#|./......\|..\
.....-/...#\..#
|...#/....-##.\
#..|.#|..#.-...
./...\...-#...-
.|.#|.#.......\
...../-.//..-..
..|/\\.....##.|
|.#.|#....-../.
.....-.\....-..
..|#\..\#..-#-.
Case #48: POSSIBLE
###########
###########
###########
#......-..#
.|./-......
..|.#.|#.-/
|...#..-.#/
..........-
.....|##../
...../#-...
..\........
#\.....#|./
.-...\|#..|
-.//|..\.|.
###########
#.......\.|
/..|\-.....
#|..##-/|.#
./|..#....-
.....-.....
\........\\
#/...##\#.|
|/..|#..-..
......-../.
.......-...
.//..-.#.-.
###########
..\...-##.|
..|/.-.#.|.
....|#/|...
|.##.-../.#
..-........
../..##.-..
...-....#\.
..|##-.....
.|#/.#.\./|
./...-\-.\.
..-/\...-..
###########
|.#.-#.-..\
.\-......\\
...-#....\.
.|#.-..#..-
#.|#....-.#
-..........
././...-#\-
...\...#-.#
#\.|#|/-...
-.../....-.
.-......#.-
Case #49: POSSIBLE
.|#|./...
./..../|.
|..#|.#.|
#|./..-..
..|.#./..
|..\#|...
/#..-....
.-..\....
-...#.|.\
Case #50: POSSIBLE
\.|#..|##|.
........./.
...|..#|...
|..#.|\..|.
/..-...#|..
#..\..#..\.
...../-.\..
-.../..-#|.
#|\.\...../
........-..
|.#-...#/.|
###########
/..-/..##.|
#....\..../
........-./
-\|#...-#.|
#...\.-#|..
...-..#|...
.\../.\..|.
.|.#.|....#
|.#-....\..
..........-
#.-..#|..\.
###########
-..#/#\#..|
.-\..-\|...
/#..-.....\
.-..##...|.
-...#\#../.
#./.-...\-#
-........./
......-.\#/
...-#.....-
....-......
.....-.#.-.
###########
//......\|.
#...-\.-...
...|##../.|
.....-.#\..
..|#\.-\#/#
.........-.
...|/##...-
|.#.|#..-..
.|#..-....#
...../-....
..|...\#..-
###########
###########
###########
Case #51: POSSIBLE
#.|.#..|#|..#|..#.|.#.|.#..|#|..#.|.
#|..#|..#..|#..|#..|#|..#.|.#.|.#..|
#..|#.|.#.|.#.|.#|..#..|#|..#..|#|..
####################################
#|..#|..#|..#.|.#..|#|..#..|#.|.#.|.
#.|.#..|#..|#|..#|..#.|.#.|.#..|#|..
#..|#.|.#.|.#..|#.|.#..|#|..#|..#..|
####################################
..|....#....|..######...|...#......|
....|..#|......######.|.....#....|..
.|.....#..|....######.....|.#.|.....
|......#.|.....######..|....#|......
.....|.#......|######......|#..|....
...|...#.....|.######|......#...|...
......|#...|...######....|..#.....|.
Case #52: POSSIBLE
###########
###########
###########
....\.....-
....|/-....
|....#.-\|#
#..|#-.....
|...#.....-
....-...\.#
...\.##\...
\..\.\....|
#.|.#..|.\#
....-/\...-
\|#...-....
###########
.-/.....-\#
.\..\\...\.
...|#-..#.|
|....#.-...
......-#|..
/.#..|#|...
|.##|......
.|\....\#|.
#..-.......
-...../\-..
.......-#./
###########
-.#.|/#-\.-
..-........
/....-.....
.|#|.#-...#
..\#.|#/#.|
...-.......
#.-.#/|/.|.
-...\#././.
\\...#..|..
-......../.
.....-#/#-.
###########
#\.-.\|.#.|
...../..-/.
...../\/...
|/...#...-.
.\..-.....#
.\|##|..##/
.|.#....-..
...-.#|.\..
....-#.|#.|
....../.|..
./...-#..|#
Case #53: POSSIBLE
...............................|.................
.|...............................................
................................................|
...............|.................................
..................................|..............
............|....................................
...............................................|.
.........................|.......................
.............|...................................
................................|................
...|.............................................
................|................................
....|............................................
..........................|......................
......................|..........................
.............................................|...
............................................|....
.............................|...................
...........|.....................................
.................................|...............
....................................|............
......................................|..........
..............................|..................
...................................|.............
........|........................................
............................|....................
........................................|........
|................................................
...........................................|.....
..............................................|..
..........|......................................
....................|............................
.....|...........................................
......|..........................................
..............|..................................
.......................................|.........
.........................................|.......
.................|...............................
...........................|.....................
.......................|.........................
.........|.......................................
..................|..............................
..........................................|......
.....................................|...........
.....................|...........................
.......|.........................................
...................|.............................
..|..............................................
........................|........................
###############################################\.
Case #54: POSSIBLE
..|#|.##-.#.-##.-###-.##.-##.-#-.#.-#..-#.-#.|####
|..#.|#..-...#...-#..-#-..#-..#.-...#....-.#|.#-.#
.|#|.#-.#.-.#..-#..-.#..-#-.#.-##.-#.-##-.#|.#..-.
.......-.#....-#............-#...-...#.......-....
##|.#-...###.-##..-##.-##-...#..-##.-#-.##-.#.-#.-
Case #55: POSSIBLE
/#......-.....#
\..-.......\.\|
.......-...../.
-......##.-....
\..#.-.../.....
#...-./.\|#.-.\
...|##-....\...
|...#/\.#.|.#|.
#|....../...|..
#......|###.../
..|...../#/...-
....|.\........
|.#..|#/..../.\
.........-.....
#.|#\./.|#./|..
Case #56: POSSIBLE
-\.......-#.|##
...-...........
./.#.-.\..-....
#...-#-..##..|.
..|.###.\..|...
......-#|...#.|
...|/...../#|..
.../|.#|..##../
.....\.....\..|
...\../........
|.#|../..|.....
..\.......\.../
..|#.|#...|.#\.
......../..|/|.
.|\\..|.#\..#.|
Case #57: POSSIBLE
...-#-..##.-...
-/..-../...../.
..-............
#./##...-......
#..|##.|#\-#..-
..\......-#-..\
-.............#
#...-..\.#....-
....\\..-#-../.
.........-#//|#
....\/\....-...
..........-....
..\.-./...##..-
|./...\...-....
\#/./#|.#/.-...
Case #58: POSSIBLE
.-#...-#-..###-.#-.#-.##-.##-.#.-#.-#|.##-.##.-#-.
...-...#..-#...............-..#...-.#.|#..-.......
-..#-.#-..#.-.#|.#|.#-..#-..#-.##-.#|.#-.##.-#.-##
##|.#-..#.-....#|.#.|#.-.#-..#-...............#.-.
##.|##-.##.-#-.#.|#|.##.-##.-#.-.##|.#-.#.-#.-##.-
Case #59: POSSIBLE
####\.-##...|.#...\....-#\#......-#|..#...-./.-#.|
###..-..../...#..-.......##.......\\..#-......../.
###|.#.-../.\.#|.#.......-#.\|/.-.....##.-#..-#.|.
###..|##.....|#.....-/..-.#|.#\.......##..-...#|.#
###....\.|#|.\#....|#.|##/#.|#.|##...|#....-....\.
####.........\#..|..\..\/\##..|..//./.#|.##..../.-
###|.#.|.#|...#..../.\#|..#..|#.|.....#\\-.#.../\.
###.|#|.......#...|#.\-..##|.#-.#..|.##-...##.-...
###\......../|#.|.#-.//#|.#/.........\#.....-.#..\
###-..../|\...#.......-\.|#..-..\|....#./.....-...
###..-......#/##..-.......#|.#../.|#|.#...-/...-./
Case #60: POSSIBLE
|.#/.......#\.|
....-.\....-/..
..-.#.......-..
.|#|./..|..##|.
....|#....|./.#
/../......./...
.....-.........
#..|#........\.
....-#.|\.#...-
-..\....#..|..#
#.|.#\/./.|#.|#
.....-.\....../
./..\.-.#|....#
........../|..\
-...\/..-##.|.#
Case #61: IMPOSSIBLE
Case #62: POSSIBLE
.|#|..
|.....
..|#|.
../#/.
..-./|
...-..
Case #63: IMPOSSIBLE
Case #64: POSSIBLE
.|#.|#|.#|.#|.#.|
|.#|.#.|#.|#.|#|.
#################
...|..#|.#|.#####
.....|#.|#.|#...|
.|....#######.|..
..|...#.|#|.#|...
|.....#|.#.|#..|.
....|.###########
#######.|#|.#..|.
...|..#|.#.|#...|
|.....#######|...
....|.#.|#.|#.|..
.....|#|.#|.#####
..|...#######.|..
.|....#.|#|.#...|
#######|.#.|#|...
|.....#######..|.
...|..#.|#.|#####
....|.#|.#|.#|...
..|...#######.|..
.|....#|.#|.#..|.
.....|#.|#.|#...|
#################
.|#|.#.|#|.#.|#.|
|.#.|#|.#.|#|.#|.
Case #65: POSSIBLE
..-...............
\..........-......
#..............-..
#-................
#..-..............
#...............-.
#................-
#......-..........
#........-........
#............-....
#.............-...
#.....-...........
#.......-.........
#....-............
#...-.............
#.........-.......
#...........-.....
Case #66: POSSIBLE
##|.#-..\/.#.\.|#|..#.|##.|..##-...#..\-.......###
.......-...#\.|.\..|...#.|..\-.....#-\....-\..-###
.\.\..-.#.|#.|..#.\/...#..//..-....##.|#.-#\..####
-.#.-###.|.#|...#/-....#./....##-..##...-#/.-..###
/......-..\#/....##|...#....\\#...-##..|#..-./.###
/......./..#....-..#.|##|..#-......#|..#.|.#.-.###
.|..#.-#.\.#........./.##.|##.-..\\#./#|.#.-#/.###
..|\.....-.#|.##/.-....#-...#..-...#.-......#-.###
....-.#-...#/.#..-#...|#\\.-...#..-#./..\....\.###
......-..\.#-.\...-..//##......-...#........-/|###
|.#..-.././#...-.../|.##///.-.....##..-.\-.....###
Case #67: POSSIBLE
..-..#|.
..\/.#.|
..\-....
|..#|...
...|#|..
....\./.
#|.#..|.
#.|/|...
Case #68: POSSIBLE
|
.
Case #69: IMPOSSIBLE
Case #70: POSSIBLE
.-
|/
Case #71: POSSIBLE
###.......-#.|#...-./#.-..#...-##-....#|./..\\-...
###|./|/\-....#.-.........#-..........#..|/......-
###.|#\..##.|.#.\/.../.#.-#..-#..\\..-#../.../#.|#
###..|#.-\.|..#..|#.....-.#.-#|.\..-//#....-.#\|.#
####...\#\..#/#...|/.....##\#....-\#\##..|#./.#..|
####....-.....#|.#.|..\|#/#.........-.#/|.\#.-....
###......-\.-.##.|.#|.##.|#.../.......#../#...-...
###....|\#...-#....-.\.../#..-..##.-..##.|#-..\...
###|.#.\....###.../...-...#\|#|.#-....##..|#./../.
###..-/..-...\#|.#.......-#..-.\-.\#.-#.....|.....
###....-#...-.#.|\\..#.-//#-.....\.##/#|..#|..#.|.
Case #72: POSSIBLE
-\/\/\/\/\/\/\/\/\/\/\/\/\/\/\/\/\/\/\/\/\/\/\/\/\
/\/\/\/\/\/\/\/\/\/\/\/\/\/\/\/\/\/\/\/\/\/\/\/\//
\\/\/\/\/\/\/\/\/\/\/\/\/\/\/\/\/\/\/\/\/\/\/\/\/\
/\/\/\/\/\/\/\/\/\/\/\/\/\/\/\/\/\/\/\/\/\/\/\/\//
\\/\/\/\/\/\/\/\/\/\/\/\/\/\/\/\/\/\/\/\/\/\/\/\/\
/\/\/\/\/\/\/\/\/\/\/\/\/\/\/\/\/\/\/\/\/\/\/\/\//
\\/\/\/\/\/\/\/\/\/\/\/\/\/\/\/\/\/\/\/\/\/\/\/\/\
/\/\/\/\/\/\/\/\/\/\/\/\/\/\/\/\/\/\/\/\/\/\/\/\//
\\/\/\/\/\/\/\/\/\/\/\/\/\/\/\/\/\/\/\/\/\/\/\/\/\
/\/\/\/\/\/\/\/\/\/\/\/\/\/\/\/\/\/\/\/\/\/\/\/\//
\\/\/\/\/\/\/\/\/\/\/\/\/\/\/\/\/\/\/\/\/\/\/\/\/\
/\/\/\/\/\/\/\/\/\/\/\/\/\/\/\/\/\/\/\/\/\/\/\/\//
\\/\/\/\/\/\/\/\/\/\/\/\/\/\/\/\/\/\/\/\/\/\/\/\/\
/\/\/\/\/\/\/\/\/\/\/\/\/\/\/\/\/\/\/\/\/\/\/\/\//
\\/\/\/\/\/\/\/\/\/\/\/\/\/\/\/\/\/\/\/\/\/\/\/\/\
/\/\/\/\/\/\/\/\/\/\/\/\/\/\/\/\/\/\/\/\/\/\/\/\//
\\/\/\/\/\/\/\/\/\/\/\/\/\/\/\/\/\/\/\/\/\/\/\/\/\
/\/\/\/\/\/\/\/\/\/\/\/\/\/\/\/\/\/\/\/\/\/\/\/\//
\\/\/\/\/\/\/\/\/\/\/\/\/\/\/\/\/\/\/\/\/\/\/\/\/\
/\/\/\/\/\/\/\/\/\/\/\/\/\/\/\/\/\/\/\/\/\/\/\/\//
\\/\/\/\/\/\/\/\/\/\/\/\/\/\/\/\/\/\/\/\/\/\/\/\/\
/\/\/\/\/\/\/\/\/\/\/\/\/\/\/\/\/\/\/\/\/\/\/\/\//
\\/\/\/\/\/\/\/\/\/\/\/\/\/\/\/\/\/\/\/\/\/\/\/\/\
/\/\/\/\/\/\/\/\/\/\/\/\/\/\/\/\/\/\/\/\/\/\/\/\//
\\/\/\/\/\/\/\/\/\/\/\/\/\/\/\/\/\/\/\/\/\/\/\/\/\
/\/\/\/\/\/\/\/\/\/\/\/\/./\/\/\/\/\/\/\/\/\/\/\//
\\/\/\/\/\/\/\/\/\/\/\/\/\/\/\/\/\/\/\/\/\/\/\/\/\
/\/\/\/\/\/\/\/\/\/\/\/\/\/\/\/\/\/\/\/\/\/\/\/\//
\\/\/\/\/\/\/\/\/\/\/\/\/\/\/\/\/\/\/\/\/\/\/\/\/\
/\/\/\/\/\/\/\/\/\/\/\/\/\/\/\/\/\/\/\/\/\/\/\/\//
\\/\/\/\/\/\/\/\/\/\/\/\/\/\/\/\/\/\/\/\/\/\/\/\/\
/\/\/\/\/\/\/\/\/\/\/\/\/\/\/\/\/\/\/\/\/\/\/\/\//
\\/\/\/\/\/\/\/\/\/\/\/\/\/\/\/\/\/\/\/\/\/\/\/\/\
/\/\/\/\/\/\/\/\/\/\/\/\/\/\/\/\///\/\/\/\/\/\/\//
\\/\/\/\/\/\/\/\/\/\/\/\/\/\/\/\/\/\/\/\/\/\/\/\/\
/\/\/\/\/\/\/\/\/\/\/\/\/\/\/\/\/\/\/\/\/\/\/\/\//
\\/\/\/\/\/\/\/\/\/\/\/\/\/\/\/\/\/\/\/\/\/\/\/\/\
/\/\/\/\/\/\/\/\/\/\/\/\/\/\/\/\/\/\/\/\/\/\/\/\//
\\/\/\/\/\/\/\/\/\/\/\/\/\/\/\/\/\/\/\/\/\/\/\/\/\
/\/\/\/\/\/\/\/\/\/\/\/\/\/\/\/\/\/\/\/\/\/\/\/\//
\\/\/\/\/\/\/\/\/\/\/\/\/\/\/\/\/\/\/\/\/\/\/\/\/\
/\/\/\/\/\/\/\/\/\/\/\/\/\/\/\/\/\/\/\/\/\/\/\/\//
\\/\/\/\/\/\/\/\/\/\/\/\/\/\/\/\/\/\/\/\/\/\/\/\/\
/\/\/\/\/\/\/\/\/\/\/\/\/\/\/\/\/\/\/\/\/\/\/\/\//
\\/\/\/\/\/\/\/\/\/\/\/\/\/\/\/\/\/\/\/\/\/\/\/\/\
/\/\/\/\/\/\/\/\/\/\/\/\/\/\/\/\/\/\/\/\/\/\/\/\//
\\/\/\/\/\/\/\/\/\/\/\/\/\/\/\/\/\/\/\/\/\/\/\/\/\
/\/\/\/\/\/\/\/\/\/\/\/\/\/\/\/\/\/\/\/\/\/\/\/\//
\\/\/\/\/\/\/\/\/\/\/\/\/\/\/\/\/\/\/\/\/\/\/\/\/\
/\/\/\/\/\/\/\/\/\/\/\/\/\/\/\/\///\/\/\/\/\/\/\/|
Case #73: IMPOSSIBLE
Case #74: POSSIBLE
.............-....
...........-......
..............-...
.....-............
...............-..
.......-..........
..........-.......
.-.............../
........-........#
.........-.......#
..-..............#
....-............#
............-....#
-................#
...-.............#
................-#
......-..........#
Case #75: POSSIBLE
...|/../...#......-\\.|#.......-\|.#\##.......\###
.........|.#|.//..\\...#-..../-.#.|#..\.....-..###
.......|...#........-..#/.\-..##|.##..-/-...#.|###
|..#.....\.#......-\#|.#..|#|./....#........-..###
#|./..|#|..#..|#|.#.|..#.|##..-.\./#|.###..-./\###
.\.#|.##\..##....|#...\#...|..#|.###.|#..-.\#|.###
..|/.|#\\.|#|.#|.#../.-##......\...#......-....###
.|#...-...##.|..#|....##......-....##........./###
|./#...-...##.......//-#....\.#./.-#..\-.#\#|..###
#..-....\.|#..|#..../..#..|#-.....##..-#.-/|...###
/.-.\.#./|.#|.#/-./.|.##|..//.-/.-/#|.#/-...#.|###
Case #76: POSSIBLE
###########
###########
###########
.-...#-....
..-..\....-
./......\|#
|.#|..#-...
.|/....\#\.
.\.#..-.#-/
/..#|.#.-..
..........-
|.\-#/-..##
/.........-
.|#.-#...-.
###########
#\\.-......
...-./....-
|./#./\..-#
..-.#.....-
..\/##-....
..-.#-...##
....-.....#
.\.-.##\.-.
.|#.....-..
......-\..-
..-#.-....\
###########
.|#....\#.|
...-/......
..|#..-...#
.\....#.|.#
|.#-/.#|...
......-##.|
/......-/.#
/...-.#...-
........-..
/\-../....\
-..../-.#|.
###########
|.#...-.#|.
..|/.......
/....-..../
...|.#\.../
....|#..|.\
.|##.....\#
.\.#......|
...-#|..#|.
#-../..|/..
..-....#|\.
-...#.|#\..
Case #77: POSSIBLE
-../...........
....-/.....-...
#\|.##-........
\..|##.-...#..|
|.../###-..\|..
...///.........
......\....\./.
.|#.-/./#|..#|.
...|#-.#/.|./..
#\...#.|#..../.
#...-\..|.../..
-./.#.\.....-..
....-....#.|#|.
#-.............
#.-.#.-..\..|..
Case #78: POSSIBLE
/|#
..-
#./
Case #79: IMPOSSIBLE
Case #80: POSSIBLE
|#
##
|#
.-
Case #81: IMPOSSIBLE
Case #82: IMPOSSIBLE
Case #83: POSSIBLE
................................................\
.........|.......................................
...............................................|.
.............|...................................
.....................|...........................
..................................|..............
.................................|...............
..................|..............................
.....................................|...........
................|................................
....................|............................
.....|...........................................
......................|..........................
.......................................|.........
....|............................................
.|...............................................
..............|..................................
..........................................|......
......|..........................................
|................................................
............|....................................
................................|................
...................|.............................
........................................|........
.........................................|.......
....................................|............
................................................|
............................................|....
..............................................|..
..|..............................................
.................|...............................
.......................|.........................
........|........................................
.............................................|...
...........................................|.....
.........................|.......................
.............................|...................
...................................|.............
...........................|.....................
.......|.........................................
...............................|.................
......................................|..........
...........|.....................................
............................|....................
...|.............................................
........................|........................
..............................|..................
...............|.................................
..........................|......................
..........|......................................
Case #84: POSSIBLE
#|
./
Case #85: POSSIBLE
##.-..#
.....-/
..-.\/\
.-....#
-.....#
.....-.
......-
Case #86: POSSIBLE
-...#.....-....
.\|.#...-......
#....-/...#.|..
/./..#.|#..|#.|
#..|...#.|.....
#......../\\...
..|#..|........
.....|#../|....
...|.##.|##|..#
.|#....\/\..|..
.\/#\-.//../..|
|../.#-........
.....-.#..|#/|.
............./.
.|\-\..-#|./.-\
Case #87: POSSIBLE
....-#....\.-..
.|.\/#-/......-
|..#-.#....|#.\
#\....#.|......
.\.|#.......|..
..|#..|.#.|....
.|#\.|.#|...#|.
..-..#../.#.\.|
../...#.......\
...-.\-../.../.
|..#../\-......
#.|/.\/.#.|#.|.
#...|#..-#..|..
-..\..-\.......
.....-#..-.//.|
Case #88: POSSIBLE
\/\/\/\/\/\/\/\/\/\/\/\/\/\/\/\/\/\/\/\/\/\/\/\/\.
//\/\/\/\/\/\/\/\/\/\/\/\/\/\/\/\/\/\/\/\/\/\/\/\/
\/\/\/\/\/\/\/\/\/\/\/\/\/\/\/\/\/\/\/\/\/\/\/\/\\
//\/\/\/\/\/\/\/\/\/\/\/\/\/\/\/\/\/\/\/\/\/\/\/\/
\/\/\/\/\/\/\/\/\/\/\/\/\/\/\/\/\/\/\/\/\/\/\/\/\\
//\/\/\/\/\/\/\/\/\/\/\/\/\/\/\/\/\/\/\/\/\/\/\/\/
\/\/\/\/\/\/\/\/\/\/\/\/\/\/\/\/\/\/\/\/\/\/\/\/\\
//\/\/\/\/\/\/\/\/\/\/\/\/\/\/\/\/\/\/\/\/\/\/\/\/
\/\/\/\/\/\/\/\/\/\/\/\/\/\/\/\/\/\/\/\/\/\/\/\/\\
//\/\/\/\/\/\/\/\/\/\/\/\/\/\/\/\/\/\/\/\/\/\/\/\/
\/\/\/\/\/\/\/\/\/\/\/\/\/\/\/\/\/\/\/\/\/\/\/\/\\
//\/\/\/\/\/\/\/\/\/\/\/\/\/\/\/\/\/\/\/\/\/\/\/\/
\/\/\/\/\/\/\/\/\/\/\/\/\/\/\/\/\/\/\/\/\/\/\/\/\\
//\/\/\/\/\/\/\/\/\/\/\/\/\/\/\/\/\/\/\/\/\/\/\/\/
\/\/\/\/\/\/\/\/\/\/\/\/\/\/\/\/\/\/\/\/\/\/\/\/\\
//\/\/\/\/\/\/\/\/\/\/\/\/\/\/\/\/\/\/\/\/\/\/\/\/
\/\/\/\/\/\/\/\/\/\/\/\/\/\/\/\/\/\/\/\/\/\/\/\/\\
//\/\/\/\/\/\/\/\/\/\/\/\/\/\/\/\/\/\/\/\/\/\/\/\/
\/\/\/\/\/\/\/\/\/\/\/\/\/\/\/\/\/\/\/\/\/\/\/\/\\
//\/\/\/\/\/\/\/\/\/\/\/\/\/\/\/\/\/\/\/\/\/\/\/\/
\/\/\/\/\/\/\/\/\/\/\/\/\/\/\/\/\/\/\/\/\/\/\/\/\\
//\/\/\/\/\/\/\/\/\/\/\/\/\/\/\/\/\/\/\/\/\/\/\/\/
\/\/\/\/\/\/\/\/\/\/\/\/\/\/\/\/\/\/\/\/\/\/\/\/\\
//\/\/\/\/\/\/\/\/\/\/\/\/\/\/\/\/\/\/\/\/\/\/\/\/
\/\/\/\/\/\/\/\/\/\/\/\/\/\/\/\/\/\/\/\/\/\/\/\/\\
//\/\/\/\/\/\/\/\/\/\/\/\/\/\/\/\/\/\/\/\/\/\/\/\/
\/\/\/\/\/\/\/\/\/\/\/\/\/\/\/\/\/\/\/\/\/\/\/\/\\
//\/\/\/\/\/\/\/\/\/\/\/\/\/\/\/\/\/\/\/\/\/\/\/\/
\/\/\/\/\/\/\/\/\/\/\/\/\/\/\/\/\/\/\/\/\/\/\/\/\\
//\/\/\/\/\/\/\/\/\/\/\/\/\/\/\/\/\/\/\/\/\/\/\/\/
\/\/\/\/\/\/\/\/\/\/\/\/\/\/\/\/\/\/\/\/\/\/\/\/\\
//\/\/\/\/\/\/\/\/\/\/\/\/\/\/\/\/\/\/\/\/\/\/\/\/
\/\/\/\/\/\/\/\/\/\/\/\/\/\/\/\/\/\/\/\/\/\/\/\/\\
//\/\/\/\/\/\/\/\/\/\/\/\/\/\/\/\/\/\/\/\/\/\/\/\/
\/\/\/\/\/\/\/\/\/\/\/\/\/\/\/\/\/\/\/\/\/\/\/\/\\
//\/\/\/\/\/\/\/\/\/\/\/\/\/\/\/\/\/\/\/\/\/\/\/\/
\/\/\/\/\/\/\/\/\/\/\/\/\/\/\/\/\/\/\/\/\/\/\/\/\\
//\/\/\/\/\/\/\/\/\/\/\/\/\/\/\/\/\/\/\/\/\/\/\/\/
\/\/\/\/\/\/\/\/\/\/\/\/\/\/\/\/\/\/\/\/\/\/\/\/\\
//\/\/\/\/\/\/\/\/\/\/\/\/\/\/\/\/\/\/\/\/\/\/\/\/
\/\/\/\/\/\/\/\/\/\/\/\/\/\/\/\/\/\/\/\/\/\/\/\/\\
//\/\/\/\/\/\/\/\/\/\/\/\/\/\/\/\/\/\/\/\/\/\/\/\/
\/\/\/\/\/\/\/\/\/\/\/\/\/\/\/\/\/\/\/\/\/\/\/\/\\
//\/\/\/\/\/\/\/\/\/\/\/\/\/\/\/\/\/\/\/\/\/\/\/\/
\/\/\/\/\/\/\/\/\/\/\/\/\/\/\/\/\/\/\/\/\/\/\/\/\\
//\/\/\/\/\/\/\/\/\/\/\/\/\/\/\/\/\/\/\/\/\/\/\/\/
\/\/\/\/\/\/\/\/\/\/\/\/\/\/\/\/\/\/\/\/\/\/\/\/\\
//\/\/\/\/\/\/\/\/\/\/\/\/\/\/\/\/\/\/\/\/\/\/\/\/
\/\/\/\/\/\/\/\/\/\/\/\/\/\/\/\/\/\/\/\/\/\/\/\/\\
-/\/\/\/\/\/\/\/\/\/\/\/\/\/\/\/\/\/\/\/\/\/\/\/\/
Case #89: POSSIBLE
...-.
-....
/...-
#.-.\
#-...
Case #90: IMPOSSIBLE
Case #91: IMPOSSIBLE
Case #92: IMPOSSIBLE
Case #93: POSSIBLE
####|..\-.....#.|#..-.../\#.\.-./-.#-\#....-.#\..|
###......-....#......-..###........-..#\.|/...-...
###...|###.-..#..-..##-..\#-....\.....#.....-.....
###|.\.-#.-\/|#.....\//.|.##.-..#/..\.#|.##/..#.|.
###......-....#|.#.-.....##|.##|...#.\#..|#...-...
####/...-..#\##..../.\#|./#.|.#.|.....##...|#.\...
###-..........#.....|..\..##.|#....|..#.|#..|.....
###.\.#\#/.\.-#....|#/|#.|#..\.#/....|#..../\/|...
####..-#|\..-###.|.#-.....#|../|#.|#|\#|.....#.|..
###....-......#-../\...-..#........-..#...|\.-.#/.
###-/.../#...-#...-......##..|#/-....###.|.#..//-.
Case #94: POSSIBLE
-...\.|/.\\
.-...\...//
##.-......\
.-....#.\|.
-..#\.#\-.#
#...-......
...-.#.-#.-
..-....#-.#
-...#-.....
....-......
......-/..-
Case #95: POSSIBLE
/.#..-#-.\#
........./.
|/..-..#|..
..-.\#|.\..
#/#-\...#.|
..-#\/#|...
...-.#-....
....-..../.
|.##.-.././
..|/.....-.
.|..#.....-
###########
#/...-../..
#...-.../..
..|.#.....-
./......./.
|....#|...#
....|.#|..#
...|..\..|#
/|.#.|\#|..
#..-#..../.
.//....-./.
|.#.-#...-/
###########
.-..../.#.|
-./-../.-..
#/.#.\.-..#
...-...##.|
-......\|..
/-.#..../..
/#..-/..\|.
#\.|#-....#
-....\#...-
....-......
.-#...-....
###########
#/-...#...-
....-.#.-..
-\........#
#..-#....-.
-....\\-#/.
.....\.#|..
#...-..#..|
|.#...../..
..|#/.\-/..
........-..
../-.\-##|.
###########
###########
###########
Case #96: POSSIBLE
-#
-.
Case #97: IMPOSSIBLE
Case #98: POSSIBLE
-..../.-/-#|...
.-.............
...-...\.#|....
#....\/..|.#..|
..-#|.#......|#
...-#|.##.....|
./.....#-......
.\.....-.\#|...
|.##-...\.\.|..
#|..#/.....\...
...\\...\..##.\
..|\..|#|.#...-
|.#/./...##\-..
...|.\.....-...
..|.\..-\\-...#
Case #99: IMPOSSIBLE
Case #100: IMPOSSIBLE
