1
3
6
10
14
19
25
32
40
48
57
67
78
90
103
116
130
144
158
173
189
206
224
243
263
284
306
329
352
376
401
426
452
479
507
534
561
588
616
644
672
701
731
762
794
827
861
896
932
969
1007
1045
1081
1117
1154
1191
1229
1265
1302
1340
1378
1417
1456
1496
1536
1577
1619
1659
1700
1740
1781
1822
1861
1901
1940
1978
2017
2055
2093
2131
2168
2203
2238
2273
2309
2344
2378
2411
2443
2472
2501
2526
2548
2568
2587
2604
2619
2630
2638
2644
1
3
6
10
15
21
28
36
44
53
63
74
86
99
112
126
140
154
169
185
202
220
239
259
280
302
325
348
372
397
422
448
475
503
530
557
584
612
640
668
697
727
758
790
823
857
892
928
965
1003
1041
1077
1113
1150
1187
1225
1261
1298
1336
1374
1413
1452
1492
1532
1573
1615
1655
1696
1736
1777
1818
1857
1897
1936
1974
2013
2051
2089
2127
2164
2199
2234
2269
2305
2340
2374
2407
2439
2468
2497
2522
2544
2564
2583
2600
2615
2626
2634
2640
1
3
6
10
15
21
28
35
43
52
62
73
85
97
110
124
138
153
169
186
204
223
243
264
286
309
332
356
381
406
432
459
487
514
541
568
596
624
652
681
711
742
774
807
841
876
912
949
987
1025
1061
1097
1134
1171
1209
1245
1282
1320
1358
1397
1436
1476
1516
1557
1599
1639
1680
1720
1761
1802
1841
1881
1920
1958
1997
2035
2073
2111
2148
2183
2218
2253
2289
2324
2358
2391
2423
2452
2481
2506
2528
2548
2567
2584
2599
2610
2618
2624
1
3
6
10
15
21
27
34
42
51
61
72
83
95
108
121
135
150
166
183
201
220
240
261
283
305
328
352
376
401
427
454
480
506
532
559
586
613
641
670
700
731
763
796
830
865
901
938
975
1010
1045
1081
1117
1154
1190
1227
1265
1303
1342
1381
1421
1461
1502
1544
1584
1625
1665
1706
1747
1786
1826
1865
1903
1942
1980
2018
2056
2093
2128
2163
2198
2234
2269
2303
2336
2368
2397
2426
2451
2473
2493
2512
2529
2544
2555
2563
2569
1
3
6
10
15
20
26
33
41
50
60
70
81
93
105
118
132
147
163
180
198
217
237
258
279
301
324
347
371
396
422
447
472
497
523
549
575
602
630
659
689
720
752
785
819
854
890
926
960
994
1029
1064
1100
1135
1171
1208
1245
1283
1321
1360
1399
1439
1480
1519
1559
1598
1638
1678
1717
1757
1796
1834
1873
1911
1949
1987
2024
2059
2094
2129
2165
2200
2234
2267
2299
2328
2357
2382
2404
2424
2443
2460
2475
2486
2494
2500
1
3
6
10
14
19
25
32
40
49
58
68
79
90
102
115
129
144
160
177
195
214
234
255
277
300
323
347
372
398
423
448
473
499
525
551
578
606
635
665
696
728
761
795
830
866
902
936
970
1005
1040
1076
1111
1147
1184
1221
1259
1297
1336
1375
1415
1456
1495
1535
1574
1614
1654
1693
1733
1772
1810
1849
1887
1925
1963
2000
2035
2070
2105
2141
2176
2210
2243
2275
2304
2333
2358
2380
2400
2419
2436
2451
2462
2470
2476
1
3
6
9
13
18
24
31
39
47
56
66
76
87
99
112
126
141
157
174
192
211
231
252
274
296
319
343
368
392
416
440
465
490
515
541
568
596
625
655
686
718
751
785
820
855
889
923
958
993
1029
1064
1100
1137
1174
1212
1250
1289
1328
1368
1409
1448
1488
1527
1567
1607
1646
1686
1725
1763
1802
1840
1878
1916
1953
1988
2023
2058
2094
2129
2163
2196
2228
2257
2286
2311
2333
2353
2372
2389
2404
2415
2423
2429
1
3
5
8
12
17
23
30
37
45
54
63
73
84
96
109
123
138
154
171
189
208
228
249
270
292
315
339
362
385
408
432
456
480
505
531
558
586
615
645
676
708
741
775
809
842
875
909
943
978
1012
1047
1083
1119
1156
1193
1231
1269
1308
1348
1386
1425
1463
1502
1541
1579
1618
1656
1693
1731
1768
1805
1842
1879
1914
1949
1984
2020
2055
2089
2122
2154
2183
2212
2237
2259
2279
2298
2315
2330
2341
2349
2355
1
3
6
10
15
21
28
35
43
52
61
71
82
94
107
121
136
152
169
187
206
226
247
268
290
313
337
360
383
406
430
454
478
503
529
556
584
613
643
674
706
739
773
807
840
873
907
941
976
1010
1045
1081
1117
1154
1191
1229
1267
1306
1346
1384
1423
1461
1500
1539
1577
1616
1654
1691
1729
1766
1803
1840
1877
1912
1947
1982
2018
2053
2087
2120
2152
2181
2210
2235
2257
2277
2296
2313
2328
2339
2347
2353
1
3
6
10
15
21
27
34
42
50
59
69
80
92
105
119
134
150
167
185
204
224
244
265
287
310
332
354
376
399
422
445
469
494
520
547
575
604
634
665
697
730
763
795
827
860
893
927
960
994
1029
1064
1100
1136
1173
1210
1248
1287
1324
1362
1399
1437
1475
1513
1552
1590
1627
1665
1702
1739
1776
1813
1848
1883
1918
1954
1989
2023
2056
2088
2117
2146
2171
2193
2213
2232
2249
2264
2275
2283
2289
1
3
6
10
15
20
26
33
40
48
57
67
78
90
103
117
132
148
165
183
202
221
241
262
284
305
326
347
369
391
413
436
460
485
511
538
566
595
625
656
688
720
751
782
814
846
879
911
944
978
1012
1047
1082
1118
1154
1191
1229
1265
1302
1338
1375
1412
1449
1487
1524
1560
1597
1633
1669
1706
1743
1778
1813
1848
1884
1919
1953
1986
2018
2047
2076
2101
2123
2143
2162
2179
2194
2205
2213
2219
1
3
6
10
14
19
25
31
38
46
55
65
76
88
101
115
130
146
163
181
199
218
238
259
279
299
319
340
361
382
404
427
451
476
502
529
557
586
616
647
678
708
738
769
800
832
863
895
928
961
995
1029
1064
1099
1135
1172
1207
1243
1278
1314
1350
1386
1423
1459
1494
1530
1565
1600
1636
1672
1706
1740
1774
1809
1843
1876
1908
1939
1967
1995
2019
2041
2061
2080
2097
2112
2123
2131
2137
1
3
6
9
13
18
23
29
36
44
53
63
74
86
99
113
128
144
161
178
196
215
235
254
273
293
314
335
356
378
401
425
450
476
503
531
560
590
621
652
682
712
743
774
806
837
869
902
935
969
1003
1038
1073
1109
1146
1181
1217
1252
1288
1324
1360
1397
1433
1468
1504
1539
1574
1610
1646
1680
1714
1748
1783
1817
1850
1882
1913
1941
1969
1993
2015
2035
2054
2071
2086
2097
2105
2111
1
3
5
8
12
16
21
27
34
42
51
61
72
84
97
111
126
142
158
175
193
212
231
250
270
291
312
333
355
378
402
427
453
480
508
537
567
598
629
659
689
720
751
783
814
846
879
912
946
980
1015
1050
1086
1123
1158
1194
1229
1265
1301
1337
1374
1410
1445
1481
1516
1551
1587
1623
1657
1691
1725
1760
1794
1827
1859
1890
1918
1946
1970
1992
2012
2031
2048
2063
2074
2082
2088
1
3
6
10
14
19
25
32
40
49
59
70
82
95
109
124
140
156
173
191
210
229
248
268
289
310
331
353
376
400
425
451
478
506
535
565
596
627
657
687
718
749
781
812
844
877
910
944
978
1013
1048
1084
1121
1156
1192
1227
1263
1299
1335
1372
1408
1443
1479
1514
1549
1585
1621
1655
1689
1723
1758
1792
1825
1857
1888
1916
1944
1968
1990
2010
2029
2046
2061
2072
2080
2086
1
3
6
9
13
18
24
31
39
48
58
69
81
94
108
123
139
156
174
193
212
231
251
272
293
314
336
359
383
408
434
461
489
518
548
579
610
640
670
701
732
764
795
827
860
893
927
961
996
1031
1067
1104
1139
1175
1210
1246
1282
1318
1355
1391
1426
1462
1497
1532
1568
1604
1638
1672
1706
1741
1775
1808
1840
1871
1899
1927
1951
1973
1993
2012
2029
2044
2055
2063
2069
1
3
6
10
15
21
28
36
45
55
66
78
91
105
120
136
153
171
190
209
228
248
269
290
311
333
356
380
405
431
458
486
515
545
576
607
637
667
698
729
761
792
824
857
890
924
958
993
1028
1064
1101
1136
1172
1207
1243
1279
1315
1352
1388
1423
1459
1494
1529
1565
1601
1635
1669
1703
1738
1772
1805
1837
1868
1896
1924
1948
1970
1990
2009
2026
2041
2052
2060
2066
1
3
6
10
15
21
28
36
45
55
66
78
91
105
120
136
153
171
189
207
226
246
266
286
307
329
352
376
401
427
454
482
511
541
571
600
629
659
689
720
750
781
813
845
878
911
945
979
1014
1050
1084
1119
1153
1188
1223
1258
1294
1329
1363
1398
1432
1466
1501
1536
1570
1604
1638
1673
1707
1740
1772
1803
1831
1859
1883
1905
1925
1944
1961
1976
1987
1995
2001
1
3
6
10
15
21
28
36
45
55
66
78
91
105
120
136
153
170
187
205
224
243
262
282
303
325
348
372
397
423
450
478
507
536
564
592
621
650
680
709
739
770
801
833
865
898
931
965
1000
1033
1067
1100
1134
1168
1202
1237
1271
1304
1338
1371
1404
1438
1472
1505
1538
1571
1605
1638
1670
1701
1731
1758
1785
1809
1831
1851
1870
1887
1902
1913
1921
1927
1
3
6
10
15
21
28
36
45
55
66
78
91
105
120
136
152
168
185
203
221
239
258
278
299
321
344
368
393
419
446
474
502
529
556
584
612
641
669
698
728
758
789
820
852
884
917
951
983
1016
1048
1081
1114
1147
1181
1214
1246
1279
1311
1343
1376
1409
1441
1473
1505
1538
1570
1601
1631
1660
1686
1712
1736
1758
1778
1797
1814
1829
1840
1848
1854
1
3
6
10
15
21
28
36
45
55
66
78
91
105
120
135
150
166
183
200
217
235
254
274
295
317
340
364
389
415
442
469
495
521
548
575
603
630
658
687
716
746
776
807
838
870
903
934
966
997
1029
1061
1093
1126
1158
1189
1221
1252
1283
1315
1347
1378
1409
1440
1472
1503
1533
1562
1590
1616
1642
1666
1688
1708
1727
1744
1759
1770
1778
1784
1
3
6
10
15
21
28
36
45
55
66
78
91
105
119
133
148
164
180
196
213
231
250
270
291
313
336
360
385
411
437
462
487
513
539
566
592
619
647
675
704
733
763
793
824
856
887
919
950
982
1014
1046
1079
1111
1142
1174
1205
1236
1268
1300
1331
1362
1393
1425
1456
1486
1515
1543
1569
1595
1619
1641
1661
1680
1697
1712
1723
1731
1737
1
3
6
10
15
21
28
36
45
55
66
78
91
104
117
131
146
161
177
194
212
231
251
272
294
317
341
366
392
418
443
468
494
520
547
573
600
628
656
685
714
744
774
805
837
868
900
931
963
995
1027
1060
1092
1123
1155
1186
1217
1249
1281
1312
1343
1374
1406
1437
1467
1496
1524
1550
1576
1600
1622
1642
1661
1678
1693
1704
1712
1718
1
3
6
10
15
21
28
36
45
55
66
78
90
102
115
129
143
158
174
191
209
228
248
269
291
314
338
363
388
412
436
461
486
512
537
563
590
617
645
673
702
731
761
792
822
853
884
916
948
980
1013
1045
1076
1108
1139
1170
1202
1234
1265
1296
1327
1359
1390
1420
1449
1477
1503
1529
1553
1575
1595
1614
1631
1646
1657
1665
1671
1
3
6
10
15
21
28
36
45
55
66
77
88
100
113
126
140
155
171
188
206
225
245
266
288
311
335
359
382
405
429
453
478
502
527
553
579
606
633
661
689
718
748
777
807
837
868
899
930
962
993
1023
1054
1084
1114
1145
1176
1206
1236
1266
1297
1327
1356
1384
1411
1436
1461
1484
1506
1526
1545
1562
1577
1588
1596
1602
1
3
6
10
15
21
28
36
45
55
65
75
86
98
110
123
137
152
168
185
203
222
242
263
285
308
331
353
375
398
421
445
468
492
517
542
568
594
621
648
676
705
733
762
791
821
851
881
912
942
971
1001
1030
1059
1089
1119
1148
1177
1207
1238
1268
1297
1325
1352
1377
1402
1425
1447
1467
1486
1503
1518
1529
1537
1543
1
3
6
10
15
21
28
36
45
54
64
75
87
99
112
126
141
157
174
192
211
231
252
274
297
320
342
364
387
410
434
457
481
506
531
557
583
610
637
665
694
722
751
780
810
840
870
901
931
960
990
1019
1048
1078
1108
1137
1166
1196
1227
1257
1286
1314
1341
1366
1391
1414
1436
1456
1475
1492
1507
1518
1526
1532
1
3
6
10
15
21
28
36
44
53
63
74
85
97
110
124
139
155
172
190
209
229
250
272
294
315
336
358
380
403
425
448
472
496
521
546
572
598
625
653
680
708
736
765
794
823
853
882
910
939
967
995
1024
1053
1081
1109
1138
1168
1197
1225
1252
1278
1302
1326
1348
1369
1388
1406
1422
1437
1448
1456
1462
1
3
6
10
15
21
28
35
43
52
62
72
83
95
108
122
137
153
170
188
207
227
248
269
289
309
330
351
373
394
416
439
462
486
510
535
560
586
613
639
666
693
721
749
777
806
834
861
889
916
943
971
999
1026
1053
1081
1110
1138
1165
1191
1216
1239
1262
1283
1303
1321
1338
1353
1367
1378
1386
1392
1
3
6
10
15
21
27
34
42
51
61
72
84
97
111
126
142
159
177
196
216
237
258
278
298
319
340
362
383
405
428
451
475
499
524
549
575
602
628
655
682
710
738
766
795
823
850
878
905
932
960
988
1015
1042
1070
1099
1127
1154
1180
1205
1228
1251
1272
1292
1310
1327
1342
1356
1367
1375
1381
1
3
6
10
15
20
26
33
41
50
60
71
83
96
110
125
141
158
176
195
215
235
254
273
293
313
334
354
375
397
419
442
465
489
513
538
564
589
615
641
668
695
722
750
777
803
830
856
882
909
936
962
988
1015
1043
1070
1096
1121
1145
1167
1189
1209
1228
1245
1262
1277
1291
1302
1310
1316
1
3
6
10
14
19
25
32
40
49
59
70
82
95
109
124
140
157
175
194
213
231
249
268
287
307
326
346
367
388
410
432
455
478
502
527
551
576
601
627
653
679
706
732
757
783
808
833
859
885
910
936
963
991
1018
1044
1069
1093
1115
1137
1157
1176
1193
1210
1225
1239
1250
1258
1264
1
3
6
9
13
18
24
31
39
48
58
69
81
94
108
123
139
156
174
192
210
228
247
266
286
305
325
346
367
389
411
434
457
481
506
530
555
580
606
632
658
685
711
736
762
787
812
838
864
889
915
942
970
997
1023
1048
1072
1094
1116
1136
1155
1172
1189
1204
1218
1229
1237
1243
1
3
5
8
12
17
23
30
38
47
57
68
80
93
107
122
138
155
172
189
206
224
242
261
280
300
321
342
364
386
409
432
456
481
505
530
555
581
607
633
660
686
711
737
762
787
813
839
864
890
917
945
972
998
1023
1047
1069
1091
1111
1130
1147
1164
1179
1193
1204
1212
1218
1
2
4
7
11
16
22
29
37
46
56
67
79
92
106
121
137
153
169
185
202
219
237
255
274
294
314
335
356
378
400
423
447
470
494
518
543
568
593
619
644
668
693
717
741
766
791
815
840
866
893
919
944
968
991
1012
1033
1053
1072
1089
1106
1121
1135
1146
1154
1160
1
3
6
10
15
21
28
36
45
55
66
78
91
105
120
136
152
168
184
201
218
236
254
273
293
313
334
355
377
399
422
446
469
493
517
542
567
592
618
643
667
692
716
740
765
790
814
839
865
892
918
943
967
990
1011
1032
1052
1071
1088
1105
1120
1134
1145
1153
1159
1
3
6
10
15
21
28
36
45
55
66
78
91
105
120
135
151
167
184
201
219
237
256
276
296
317
338
360
382
405
429
452
476
500
525
550
575
601
626
650
675
699
723
748
773
797
822
848
875
901
926
950
973
994
1015
1035
1054
1071
1088
1103
1117
1128
1136
1142
1
3
6
10
15
21
28
36
45
55
66
78
91
105
120
136
152
169
186
204
222
241
261
281
302
323
345
367
390
414
437
461
485
510
535
560
586
611
635
660
684
708
733
758
782
807
833
860
886
911
935
958
979
1000
1020
1039
1056
1073
1088
1102
1113
1121
1127
1
3
6
10
15
21
28
36
45
55
66
78
91
105
120
135
151
167
184
201
219
238
257
277
297
318
339
361
384
406
429
452
476
500
524
549
573
596
620
643
666
690
714
737
761
786
812
838
863
887
910
931
952
972
991
1008
1025
1040
1054
1065
1073
1079
1
3
6
10
15
21
28
36
45
55
66
78
91
105
119
134
150
167
184
202
221
240
260
280
301
322
344
367
389
412
435
459
483
507
532
556
579
603
626
649
673
697
720
744
769
795
821
846
870
893
914
935
955
974
991
1008
1023
1037
1048
1056
1062
1
3
6
10
15
21
28
36
45
55
66
78
91
104
118
133
149
165
182
200
218
237
256
276
296
317
339
360
382
404
427
450
473
497
520
542
565
587
609
632
655
677
700
724
749
774
798
821
843
863
883
902
920
936
952
966
979
989
996
1001
1
3
6
10
15
21
28
36
45
55
66
78
90
103
117
132
147
163
180
197
215
233
252
271
291
312
333
355
377
400
423
446
470
493
515
538
560
582
605
628
650
673
697
722
747
771
794
816
836
856
875
893
909
925
939
952
962
969
974
1
3
6
10
15
21
28
36
45
55
66
77
89
102
116
130
145
161
177
194
211
229
247
266
286
306
327
348
370
392
414
437
459
480
502
523
544
566
588
609
631
654
678
702
725
747
768
787
806
824
841
857
873
887
900
910
917
922
1
3
6
10
15
21
28
36
45
55
66
78
91
105
119
134
150
166
183
200
218
236
255
275
295
316
337
359
381
403
426
448
469
491
512
533
555
577
598
620
643
667
691
714
736
757
776
795
813
830
846
862
876
889
899
906
911
1
3
6
10
15
21
28
36
45
55
66
78
91
104
118
133
148
164
180
197
214
232
251
270
290
310
331
353
375
398
420
441
463
484
505
527
549
570
592
615
639
663
686
708
729
748
767
785
802
818
834
848
861
871
878
883
1
3
6
10
15
21
28
36
45
55
66
78
90
103
117
131
146
161
177
193
210
228
246
265
284
304
325
346
368
389
409
430
450
470
491
512
532
553
575
598
621
643
664
684
702
720
737
753
768
783
797
810
820
827
832
1
3
6
10
15
21
28
36
45
55
66
77
89
102
116
131
146
162
178
195
213
231
250
269
289
310
331
353
374
394
415
435
455
476
497
517
538
560
583
606
628
649
669
687
705
722
738
753
768
782
795
805
812
817
1
3
6
10
15
21
28
36
45
55
65
76
88
101
115
130
146
162
179
197
215
234
253
273
294
315
337
358
378
399
419
439
460
481
501
522
544
567
590
612
633
653
671
689
706
722
737
752
766
779
789
796
801
1
3
6
10
15
21
28
36
45
54
64
75
87
100
114
129
144
160
177
194
212
230
249
269
289
310
330
349
369
388
407
427
447
466
486
507
529
551
572
592
611
628
645
661
677
692
707
721
734
744
751
756
1
3
6
10
15
21
28
36
44
53
63
74
86
99
113
127
142
158
174
191
208
226
245
264
284
303
321
340
358
376
395
414
432
451
471
492
513
533
552
570
586
602
617
632
646
660
673
685
694
700
705
1
3
6
10
15
21
28
35
43
52
62
73
85
98
111
125
140
155
171
187
204
222
240
259
277
294
312
329
346
364
382
399
417
436
456
476
495
513
530
545
560
574
588
601
614
626
637
645
651
656
1
3
6
10
15
21
27
34
42
51
61
72
84
96
109
123
137
152
167
183
200
217
235
253
270
288
305
322
340
358
375
393
412
432
452
471
489
506
521
536
550
564
577
590
602
613
621
627
632
1
3
6
10
15
20
26
33
41
50
60
71
82
94
107
120
134
148
163
179
195
212
229
245
262
278
294
311
328
344
361
379
398
417
435
453
470
485
500
514
528
541
554
566
577
585
591
596
1
3
6
10
14
19
25
32
40
49
59
69
80
92
105
119
133
148
164
180
197
214
230
247
263
279
296
313
329
346
364
383
402
420
438
455
470
485
499
513
526
539
551
562
570
576
581
1
3
6
10
15
21
28
36
45
55
65
76
88
101
115
129
144
160
176
193
210
226
243
259
275
292
309
325
342
360
379
398
416
434
451
466
481
495
509
522
535
547
558
566
572
577
1
3
6
10
15
21
28
36
45
54
64
75
87
100
113
127
142
157
173
189
204
220
235
250
266
282
297
313
330
348
366
384
402
419
434
449
463
477
490
503
515
526
534
540
545
1
3
6
10
15
21
28
36
45
55
66
78
91
104
118
133
148
164
180
195
211
226
241
257
273
288
304
321
339
357
375
393
410
425
440
454
468
481
494
506
517
525
531
536
1
3
6
10
15
21
28
36
45
55
66
78
90
103
117
131
146
161
175
190
204
218
233
248
262
277
293
310
327
344
361
377
391
405
418
431
443
455
467
478
486
492
497
1
3
6
10
15
21
28
36
45
55
66
77
89
102
115
129
143
156
170
184
198
213
228
242
257
273
290
307
324
341
357
371
385
398
411
423
435
447
458
466
472
477
1
3
6
10
15
21
28
36
45
55
65
76
88
101
115
129
142
156
170
184
199
214
228
243
259
276
293
310
327
343
357
371
384
397
409
421
433
444
452
458
463
1
3
6
10
15
21
28
36
45
54
64
75
87
100
113
125
138
152
166
181
196
210
225
241
258
275
292
309
325
339
353
366
379
391
403
415
426
434
440
445
1
3
6
10
15
21
28
36
44
53
63
74
86
98
110
123
137
151
166
181
195
210
226
243
260
277
294
310
324
338
351
364
376
388
400
411
419
425
430
1
3
6
10
15
21
28
35
43
52
62
73
84
96
109
123
137
152
167
181
196
212
229
246
263
280
296
310
324
337
350
362
374
386
397
405
411
416
1
3
6
10
15
21
27
34
42
51
61
71
82
94
107
120
134
148
161
175
190
206
222
238
254
269
282
296
309
322
334
346
358
369
377
383
388
1
3
6
10
15
20
26
33
41
50
60
71
83
96
109
123
137
150
164
179
195
211
227
243
258
271
285
298
311
323
335
347
358
366
372
377
1
3
6
10
14
19
25
32
40
49
59
70
82
94
107
120
132
145
159
174
189
204
219
233
245
258
270
282
293
304
315
325
332
338
343
1
3
6
10
15
21
28
36
45
55
66
78
90
103
116
128
141
155
170
185
200
215
229
241
254
266
278
289
300
311
321
328
334
339
1
3
6
10
15
21
28
36
45
55
66
77
89
102
114
127
141
156
171
186
201
215
227
240
252
264
275
286
297
307
314
320
325
1
3
6
10
15
21
28
36
45
55
65
76
88
99
111
124
138
152
166
180
193
204
216
227
238
248
259
270
280
287
293
298
1
3
6
10
15
21
28
36
45
54
64
75
85
96
108
121
134
147
160
172
182
193
203
213
222
232
242
251
258
264
269
1
3
6
10
15
21
28
36
44
53
63
72
82
93
105
117
129
141
153
163
174
184
194
203
213
223
232
239
245
250
1
3
6
10
15
21
28
35
43
52
60
69
79
90
101
112
123
134
143
153
162
171
180
190
200
209
216
222
227
1
3
6
10
15
21
27
34
42
49
57
66
76
86
96
106
117
126
136
145
154
163
173
183
192
199
205
210
1
3
6
10
15
20
26
33
39
46
54
63
73
83
93
104
113
123
132
141
150
160
170
179
186
192
197
1
3
6
10
14
19
25
30
36
43
51
60
69
79
90
99
109
118
127
136
146
156
165
172
178
183
1
3
6
9
13
18
22
27
33
40
48
56
65
75
83
92
100
109
118
128
138
147
154
160
165
1
3
5
8
12
15
19
24
30
37
45
54
64
72
81
89
98
107
117
127
136
143
149
154
1
2
4
7
9
12
16
21
27
34
42
51
58
66
73
81
89
98
107
115
122
128
133
1
3
6
8
11
15
20
26
33
41
50
57
65
72
80
88
97
106
114
121
127
132
1
3
5
8
12
17
23
30
38
47
54
62
69
77
85
94
103
111
118
124
129
1
2
4
7
11
16
22
29
37
43
50
56
63
70
78
86
93
99
104
108
1
3
6
10
15
21
28
36
42
49
55
62
69
77
85
92
98
103
107
1
3
6
10
15
21
28
34
41
47
54
61
69
77
84
90
95
99
1
3
6
10
15
21
26
32
38
45
52
60
68
75
81
86
90
1
3
6
10
15
19
24
29
35
41
48
55
61
66
71
75
1
3
6
10
13
17
21
26
31
37
43
49
54
59
63
1
3
6
8
11
14
18
22
27
32
38
43
48
52
1
3
5
8
11
15
19
24
29
35
40
45
49
1
3
6
9
13
17
22
27
33
38
43
47
1
3
5
8
11
15
19
24
28
32
35
1
3
6
9
13
17
22
26
30
33
1
3
5
8
12
17
21
25
28
1
2
4
7
11
15
19
22
1
3
6
10
14
18
21
1
3
6
9
12
14
1
3
5
8
10
1
2
4
6
1
3
5
1
2
1
