Case #1: 1.000 1.000 0.000 0.000
Case #2: 0.667 0.000 0.333
Case #3: 0.169 0.808 0.593 0.145 0.156
Case #4: 0.131 0.806 0.211 0.166 0.158
Case #5: 0.259 0.309 0.106 0.290 0.179
Case #6: 0.813 0.116 0.860 0.512 0.181
Case #7: 0.556 0.182 0.571 0.563 0.318
Case #8: 0.258 0.387 0.161 0.294 0.138
Case #9: 0.781 0.736 0.394 0.396 0.403
Case #10: 0.215 0.799 0.113 0.153 0.269
Case #11: 0.235 0.143 0.258 0.205 0.582
Case #12: 0.369 0.176 0.256 0.168 0.158
Case #13: 0.324 0.250 0.370 0.273 0.556
Case #14: 0.383 0.297 0.326 0.600 0.231
Case #15: 0.327 0.785 0.579 0.582 0.275
Case #16: 0.469 0.257 0.208 0.472 0.234
Case #17: 0.558 0.288 0.720 0.138 0.257
Case #18: 0.611 0.897 0.545 0.320 0.244
Case #19: 0.247 0.339 0.141 0.134 0.162
Case #20: 0.093 0.556 0.353 0.114 0.307
Case #21: 0.243 0.482 0.137 0.826 0.184
Case #22: 0.738 0.601 0.112 0.468 0.247
Case #23: 0.000 0.248 0.255 0.000 1.000
Case #24: 0.098 0.462 0.430 0.217 0.195
Case #25: 0.097 0.285 0.660 0.558 0.115
Case #26: 0.158 0.736 0.238 0.144 0.102
Case #27: 0.098 0.146 0.680 0.239 0.159
Case #28: 0.192 0.166 0.149 0.187 0.424
Case #29: 0.213 0.238 0.480 0.311 0.303
Case #30: 0.105 0.106 0.267 0.205 0.198
Case #31: 0.552 0.181 0.261 0.113 0.135
Case #32: 0.126 0.315 0.392 0.801 0.313
Case #33: 0.502 0.614 0.093 0.103 0.096
Case #34: 0.106 0.268 0.186 0.373 0.290
Case #35: 0.294 0.259 0.085 0.091 0.348
Case #36: 0.233 0.299 0.249 0.254 0.217
Case #37: 0.173 0.159 0.909 0.102 0.132
Case #38: 0.557 0.434 0.406 0.199 0.434
Case #39: 0.302 0.112 0.298 0.184 0.187
Case #40: 0.113 0.520 0.133 0.509 0.114
Case #41: 0.124 0.329 0.123 0.126 0.325
Case #42: 0.291 0.583 0.380 0.358 0.512
Case #43: 0.137 0.147 0.505 0.132 0.753
Case #44: 0.268 0.307 0.228 0.351 0.186
Case #45: 0.128 0.146 0.284 0.563 0.203
Case #46: 0.373 0.219 0.441 0.268 0.404
Case #47: 0.120 0.108 0.171 0.211 0.450
Case #48: 0.148 0.771 0.171 0.138 0.107
Case #49: 0.272 0.174 0.103 0.204 0.160
Case #50: 0.162 0.110 0.131 0.095 0.113
Case #51: 0.395 0.284 0.145 0.099 0.152
Case #52: 0.395 0.395 0.605 0.395 0.295
Case #53: 0.321 0.117 0.211 0.138 0.610
Case #54: 0.166 0.226 0.303 0.138 0.677
Case #55: 0.187 0.148 0.161 0.186 0.236
Case #56: 0.109 0.206 0.100 0.311 0.102
Case #57: 0.202 0.892 0.269 0.213 0.107
Case #58: 0.467 0.282 0.212 0.325 0.451
Case #59: 0.109 0.102 0.673 0.303 0.648
Case #60: 1.000 1.000 1.000
Case #61: 1.000
Case #62: 0.245 0.143 0.180 0.126 0.448
Case #63: 0.115 0.200 0.086 0.216 0.484
Case #64: 0.290 0.550 0.187 0.823 0.112
Case #65: 0.319 0.237 0.272 0.339 0.590
Case #66: 0.400 0.101 0.150 0.144 0.137
Case #67: 0.160 0.113 0.092 0.161 0.142
Case #68: 1.000 1.000 1.000 1.000 1.000
Case #69: 0.154 0.160 0.710 0.112 0.139
Case #70: 0.142 0.211 0.243 0.412 0.168
Case #71: 0.153 0.349 0.779 0.396 0.648
Case #72: 0.686 0.346 0.311 0.321 0.335
Case #73: 0.409 0.645 0.267 0.106 0.236
Case #74: 1.000 1.000 1.000 1.000 1.000
Case #75: 0.202 0.178 0.206 0.113 0.197
Case #76: 1.000 0.334 1.000 1.000
Case #77: 0.124 0.145 0.110 0.190 0.116
Case #78: 0.111 0.151 0.167 0.196 0.216
Case #79: 0.157 0.177 0.098 0.303 0.263
Case #80: 0.205 0.425 0.475 0.184 0.322
Case #81: 0.133 0.200 0.196 0.124 0.112
Case #82: 0.166 0.116 0.184 0.662 0.106
Case #83: 0.247 0.195 0.215 0.168 0.286
Case #84: 0.256 0.683 0.290 0.232 0.213
Case #85: 0.105 0.130 0.321 0.138 0.127
Case #86: 0.180 0.169 0.430 0.135 0.198
Case #87: 0.223 0.526 0.175 0.850 0.675
Case #88: 1.000 1.000
Case #89: 0.320 0.214 0.212 0.220 0.777
Case #90: 0.103 0.112 0.133 0.326 0.851
Case #91: 0.664 0.182 0.346 0.801 0.312
Case #92: 0.000 0.250 0.252 0.000 1.000
Case #93: 0.102 0.556 0.463 0.543 0.328
Case #94: 0.124 0.185 0.165 0.139 0.167
Case #95: 0.103 0.227 0.119 0.145 0.108
Case #96: 0.348 0.260 0.107 0.102 0.225
Case #97: 0.116 0.203 0.473 0.255 0.185
Case #98: 0.231 0.156 0.105 0.097 0.174
Case #99: 0.360 0.351 0.166 0.406 0.159
Case #100: 0.216 0.107 0.147 0.275 0.107
