Case #1: 4 3
o 1 1
+ 1 2
x 2 2
Case #2: 2 0
Case #3: 6 2
x 1 2
o 2 3
Case #4: 150 82
+ 1 1
+ 1 2
o 1 3
+ 1 4
+ 1 6
+ 1 8
+ 1 10
+ 1 11
+ 1 14
+ 1 16
+ 1 18
+ 1 25
+ 1 27
+ 1 30
+ 1 31
+ 1 33
+ 1 34
+ 1 40
+ 1 41
+ 1 44
+ 1 48
+ 1 54
+ 1 56
+ 1 57
+ 2 20
+ 2 48
+ 3 57
+ 4 2
x 5 4
+ 5 33
+ 5 57
x 6 6
+ 6 55
+ 7 1
+ 7 6
x 8 7
+ 9 1
x 11 9
+ 11 56
x 12 11
x 13 14
+ 13 57
+ 14 7
x 14 15
+ 15 1
+ 15 56
+ 18 55
x 20 17
+ 22 7
x 22 18
+ 23 2
x 23 19
x 24 22
x 25 24
x 29 28
x 30 30
x 33 31
x 34 32
+ 37 3
x 38 35
x 40 38
x 43 39
x 44 40
o 47 43
x 48 44
x 49 45
x 51 48
+ 52 23
+ 53 42
+ 54 23
+ 54 37
x 54 49
+ 55 27
+ 55 32
x 55 53
+ 56 32
+ 56 37
x 56 56
+ 57 24
+ 57 27
+ 57 32
x 57 57
Case #5: 265 142
+ 1 2
+ 1 3
+ 1 5
+ 1 6
+ 1 7
+ 1 8
+ 1 9
+ 1 10
+ 1 12
+ 1 13
+ 1 15
+ 1 16
+ 1 20
+ 1 22
+ 1 25
+ 1 26
+ 1 27
+ 1 31
+ 1 33
+ 1 34
+ 1 35
+ 1 37
+ 1 38
+ 1 41
+ 1 50
+ 1 53
+ 1 56
+ 1 58
+ 1 61
+ 1 62
+ 1 63
+ 1 67
+ 1 69
+ 1 71
+ 1 72
+ 1 78
+ 1 79
+ 1 83
+ 1 84
+ 1 89
+ 1 90
+ 1 91
+ 1 98
+ 2 31
+ 2 65
+ 2 76
+ 3 41
x 4 2
+ 4 73
+ 4 90
x 5 3
x 6 4
x 7 7
+ 7 46
+ 8 4
x 8 10
x 9 11
o 10 5
x 11 13
+ 11 95
x 13 27
+ 13 98
+ 14 4
x 14 28
+ 14 94
+ 15 4
+ 16 4
x 16 32
+ 16 97
+ 19 3
+ 19 6
x 19 33
+ 19 98
+ 22 2
x 24 39
x 25 40
+ 25 89
+ 26 3
x 26 42
+ 27 3
x 27 43
x 31 45
x 32 46
+ 32 99
x 33 47
x 35 51
x 36 52
+ 37 96
x 39 54
+ 40 96
x 43 55
x 45 56
+ 47 1
+ 48 1
x 48 58
+ 50 98
x 52 59
x 53 60
x 54 61
x 55 62
+ 56 97
x 57 63
x 58 64
x 59 67
x 60 68
x 61 71
x 62 72
x 64 73
x 66 74
x 68 75
x 70 77
x 72 82
x 73 83
x 78 86
x 82 89
x 87 91
x 88 92
+ 90 32
+ 91 65
x 91 95
+ 93 25
+ 93 33
+ 94 55
x 94 96
+ 95 33
+ 95 57
+ 95 68
+ 96 29
+ 96 42
+ 97 26
+ 97 38
+ 97 46
+ 97 60
+ 97 61
+ 98 29
+ 98 34
+ 98 42
+ 98 43
+ 98 46
+ 98 69
+ 99 46
x 99 97
Case #6: 280 191
+ 1 8
+ 1 9
+ 1 12
+ 1 16
+ 1 20
+ 1 21
+ 1 25
+ 1 27
+ 1 32
+ 1 38
+ 1 39
+ 1 42
+ 1 45
+ 1 46
+ 1 49
+ 1 51
+ 1 52
+ 1 55
+ 1 56
+ 1 57
+ 1 58
+ 1 59
+ 1 60
o 1 63
+ 1 64
+ 1 65
+ 1 66
+ 1 68
+ 1 73
+ 1 74
+ 1 75
+ 1 76
+ 1 77
+ 1 78
+ 1 79
+ 1 80
+ 1 81
+ 1 85
+ 1 91
+ 1 93
+ 1 95
+ 1 96
+ 1 97
+ 1 100
+ 2 25
+ 2 34
+ 2 100
x 3 1
+ 3 20
+ 3 38
+ 3 100
x 6 3
+ 6 99
x 7 5
+ 8 4
+ 8 96
+ 8 99
+ 10 4
+ 10 96
+ 10 99
x 12 6
+ 12 99
+ 13 3
+ 13 95
x 14 8
+ 14 99
x 15 9
+ 16 99
+ 18 99
x 20 13
x 21 14
x 22 15
x 24 17
+ 24 90
x 28 19
+ 28 98
+ 28 99
x 29 21
+ 30 98
x 31 22
+ 31 100
x 34 24
x 35 25
x 36 26
x 38 28
+ 38 98
+ 38 99
x 39 29
x 40 30
x 41 33
x 43 35
x 44 36
x 45 38
x 46 39
x 47 43
x 48 44
x 49 45
+ 50 99
+ 51 97
x 52 46
+ 52 99
x 54 48
x 57 49
+ 57 100
+ 58 98
x 59 51
x 60 52
x 61 53
+ 61 97
x 62 56
x 67 57
x 68 59
x 69 62
+ 69 98
x 70 65
+ 70 98
x 71 67
+ 71 98
x 72 69
x 73 70
x 75 71
x 76 72
+ 77 99
x 79 73
x 81 75
x 83 79
x 84 80
+ 84 100
x 85 82
x 86 83
x 87 85
+ 90 85
x 90 86
+ 92 24
+ 93 47
x 93 87
+ 94 16
+ 94 24
+ 94 36
x 94 88
+ 95 47
+ 95 55
+ 95 68
x 95 90
+ 96 16
+ 96 24
+ 96 25
+ 96 36
+ 96 68
+ 96 75
+ 96 81
x 96 91
+ 97 41
+ 97 47
+ 97 55
+ 97 62
+ 97 75
x 97 94
+ 98 21
+ 98 24
+ 98 25
+ 98 57
+ 98 62
+ 98 67
+ 98 72
+ 98 81
+ 98 82
x 98 96
+ 99 30
+ 99 35
+ 99 42
+ 99 44
+ 99 46
+ 99 48
+ 99 55
+ 99 74
+ 99 75
+ 99 79
x 99 99
+ 100 24
+ 100 25
+ 100 33
+ 100 35
+ 100 39
+ 100 46
+ 100 53
+ 100 61
+ 100 62
+ 100 66
+ 100 81
+ 100 82
Case #7: 7 4
o 1 1
+ 1 3
x 2 2
+ 2 3
Case #8: 298 256
+ 1 1
+ 1 2
+ 1 3
+ 1 4
+ 1 5
+ 1 6
+ 1 7
+ 1 8
+ 1 9
+ 1 10
+ 1 11
+ 1 12
+ 1 13
+ 1 14
+ 1 15
+ 1 16
+ 1 17
+ 1 18
+ 1 19
+ 1 20
+ 1 21
+ 1 22
+ 1 23
+ 1 24
+ 1 25
+ 1 26
+ 1 27
+ 1 28
+ 1 29
+ 1 30
+ 1 31
+ 1 32
+ 1 33
+ 1 34
+ 1 35
+ 1 36
+ 1 37
+ 1 38
+ 1 39
+ 1 40
+ 1 41
+ 1 42
+ 1 43
+ 1 44
+ 1 45
+ 1 46
+ 1 47
+ 1 48
o 1 49
+ 1 50
+ 1 51
+ 1 52
+ 1 53
+ 1 54
+ 1 55
+ 1 56
+ 1 57
+ 1 58
+ 1 59
+ 1 60
+ 1 61
+ 1 62
+ 1 63
+ 1 64
+ 1 65
+ 1 66
+ 1 67
+ 1 68
+ 1 69
+ 1 70
+ 1 71
+ 1 72
+ 1 73
+ 1 74
+ 1 75
+ 1 76
+ 1 77
+ 1 78
+ 1 79
+ 1 80
+ 1 81
+ 1 82
+ 1 83
+ 1 84
+ 1 85
+ 1 86
+ 1 87
+ 1 88
+ 1 89
+ 1 90
+ 1 91
+ 1 92
+ 1 93
+ 1 94
+ 1 95
+ 1 96
+ 1 97
+ 1 98
+ 1 99
+ 1 100
x 2 1
x 6 4
x 7 5
x 8 6
x 10 7
x 11 10
x 12 12
x 14 13
x 16 14
x 19 16
x 28 18
x 31 19
x 37 20
x 38 21
x 39 22
x 40 23
x 42 30
x 43 32
x 44 33
x 45 34
x 46 35
x 47 36
x 49 37
x 50 38
x 51 39
x 53 40
x 55 42
x 56 44
x 57 46
x 58 47
x 59 50
x 62 51
x 63 55
x 64 57
x 66 61
x 67 64
x 68 66
x 69 68
x 70 71
x 72 72
x 74 73
x 75 74
x 77 77
x 78 80
x 79 81
x 80 82
x 81 83
x 82 85
x 83 86
x 84 87
x 86 88
x 88 91
x 90 93
x 91 94
x 92 96
x 95 97
x 97 98
x 98 99
+ 100 2
+ 100 3
+ 100 4
+ 100 5
+ 100 6
+ 100 7
+ 100 8
+ 100 9
+ 100 10
+ 100 11
+ 100 12
+ 100 13
+ 100 14
+ 100 15
+ 100 16
+ 100 17
+ 100 18
+ 100 19
+ 100 20
+ 100 21
+ 100 22
+ 100 23
+ 100 24
+ 100 25
+ 100 26
+ 100 27
+ 100 28
+ 100 29
+ 100 30
+ 100 31
+ 100 32
+ 100 33
+ 100 34
+ 100 35
+ 100 36
+ 100 37
+ 100 38
+ 100 39
+ 100 40
+ 100 41
+ 100 42
+ 100 43
+ 100 44
+ 100 45
+ 100 46
+ 100 47
+ 100 48
+ 100 49
+ 100 50
+ 100 51
o 100 52
+ 100 53
+ 100 54
+ 100 55
+ 100 56
+ 100 57
+ 100 58
+ 100 59
+ 100 60
+ 100 61
+ 100 62
+ 100 63
+ 100 64
+ 100 65
+ 100 66
+ 100 67
+ 100 68
+ 100 69
+ 100 70
+ 100 71
+ 100 72
+ 100 73
+ 100 74
+ 100 75
+ 100 76
+ 100 77
+ 100 78
+ 100 79
+ 100 80
+ 100 81
+ 100 82
+ 100 83
+ 100 84
+ 100 85
+ 100 86
+ 100 87
+ 100 88
+ 100 89
+ 100 90
+ 100 91
+ 100 92
+ 100 93
+ 100 94
+ 100 95
+ 100 96
+ 100 97
+ 100 98
+ 100 99
Case #9: 129 73
+ 1 1
+ 1 2
+ 1 3
+ 1 4
+ 1 5
+ 1 7
+ 1 8
+ 1 9
+ 1 11
+ 1 14
+ 1 16
+ 1 17
+ 1 19
+ 1 25
+ 1 29
+ 1 31
+ 1 35
+ 1 43
+ 1 46
+ 1 48
x 2 2
+ 3 25
o 4 3
+ 4 47
x 6 4
+ 6 47
+ 7 47
+ 8 3
x 8 5
+ 8 6
+ 9 47
+ 9 48
+ 10 3
x 10 9
+ 11 5
x 11 11
+ 11 47
+ 11 48
x 13 12
x 15 13
+ 16 7
x 16 14
+ 18 7
x 19 15
+ 20 47
x 22 17
+ 26 1
x 26 20
x 27 21
x 30 22
x 31 23
x 32 26
+ 33 1
x 34 27
+ 35 2
x 35 33
x 38 34
x 39 37
x 41 40
x 42 42
+ 43 33
x 43 44
x 44 45
+ 45 18
+ 45 19
x 45 47
+ 46 22
+ 46 32
x 47 48
+ 48 25
+ 48 26
+ 48 31
+ 48 32
Case #10: 298 100
o 1 1
x 2 2
x 3 3
x 4 4
x 5 5
x 6 6
x 7 7
x 8 8
x 9 9
x 10 10
x 11 11
x 12 12
x 13 13
x 14 14
x 15 15
x 16 16
x 17 17
x 18 18
x 19 19
x 20 20
x 21 21
x 22 22
x 23 23
x 24 24
x 25 25
x 26 26
x 27 27
x 28 28
x 29 29
x 30 30
x 31 31
x 32 32
x 33 33
x 34 34
x 35 35
x 36 36
x 37 37
x 38 38
x 39 39
x 40 40
x 41 41
x 42 42
x 43 43
x 44 44
x 45 45
x 46 46
x 47 47
x 48 48
x 49 49
x 50 50
x 51 51
x 52 52
x 53 53
x 54 54
x 55 55
x 56 56
x 57 57
x 58 58
x 59 59
x 60 60
x 61 61
x 62 62
x 63 63
x 64 64
x 65 65
x 66 66
x 67 67
x 68 68
x 69 69
x 70 70
x 71 71
x 72 72
x 73 73
x 74 74
x 75 75
x 76 76
x 77 77
x 78 78
x 79 79
x 80 80
x 81 81
x 82 82
x 83 83
x 84 84
x 85 85
x 86 86
x 87 87
x 88 88
x 89 89
x 90 90
x 91 91
x 92 92
x 93 93
x 94 94
x 95 95
x 96 96
x 97 97
x 98 98
x 99 99
x 100 100
Case #11: 270 170
+ 1 29
+ 1 30
+ 1 42
+ 1 49
+ 1 51
+ 1 70
+ 1 84
+ 1 88
+ 1 89
+ 1 92
+ 1 93
+ 1 98
+ 2 21
+ 2 42
+ 2 100
x 3 1
o 4 2
+ 4 99
+ 4 100
x 5 3
x 6 4
+ 6 99
+ 6 100
x 8 5
+ 9 98
+ 9 99
x 10 6
x 12 7
+ 12 98
x 13 9
x 14 10
+ 14 95
+ 14 98
x 15 11
+ 16 95
+ 16 98
x 17 12
x 18 13
+ 18 95
x 19 14
x 20 15
+ 20 95
+ 20 96
x 21 16
x 22 17
+ 22 95
+ 22 96
x 23 18
x 24 19
+ 24 95
+ 24 96
x 25 20
x 26 21
x 27 22
+ 27 94
x 28 24
x 29 25
+ 29 94
x 30 26
+ 31 93
x 33 27
+ 34 100
x 36 28
+ 36 93
x 37 29
x 38 31
+ 38 99
x 39 33
+ 40 99
x 41 34
x 42 35
+ 42 100
x 43 37
x 44 40
+ 44 100
x 45 41
x 46 42
x 47 43
+ 47 100
x 48 44
x 49 45
+ 49 100
x 50 47
x 51 48
+ 51 100
x 52 50
x 53 52
+ 53 100
x 54 53
x 55 54
+ 55 100
x 56 55
+ 56 100
x 58 58
x 59 59
x 60 61
x 61 64
+ 61 100
x 62 65
x 63 66
+ 63 100
x 64 67
+ 64 96
x 65 68
x 66 70
+ 66 99
+ 66 100
x 69 71
x 70 72
+ 70 97
x 71 73
x 72 74
x 73 75
+ 73 99
x 74 76
x 75 78
+ 75 99
x 76 79
+ 76 99
x 77 80
x 79 81
+ 79 89
+ 79 97
x 80 82
x 81 84
x 83 85
x 84 86
x 85 87
x 89 88
x 90 89
+ 91 50
x 91 90
x 92 91
+ 93 33
x 93 92
+ 94 37
x 94 93
+ 95 27
+ 95 30
+ 95 33
+ 95 41
x 95 94
+ 96 66
x 96 95
+ 97 30
+ 97 33
+ 97 36
+ 97 41
+ 97 60
+ 97 73
x 97 96
+ 98 45
+ 98 54
+ 98 73
x 98 97
+ 99 33
+ 99 36
+ 99 41
+ 99 47
+ 99 49
+ 99 51
+ 99 60
+ 99 65
x 99 98
+ 100 45
+ 100 54
+ 100 58
+ 100 69
+ 100 73
x 100 99
Case #12: 160 83
+ 1 2
+ 1 5
+ 1 9
+ 1 11
+ 1 12
+ 1 14
+ 1 17
+ 1 18
+ 1 25
+ 1 28
+ 1 32
+ 1 33
+ 1 36
+ 1 38
+ 1 42
+ 1 46
+ 1 48
+ 1 49
+ 1 52
+ 1 53
+ 1 56
x 2 3
+ 2 20
+ 2 23
+ 3 2
+ 3 63
+ 4 26
+ 4 48
+ 5 2
x 5 4
+ 6 2
x 6 6
+ 7 49
+ 8 1
x 9 7
+ 9 23
+ 9 62
+ 10 1
+ 11 3
x 11 9
x 12 10
x 13 12
+ 13 62
x 14 13
+ 15 2
x 15 15
+ 16 56
x 18 18
x 20 19
+ 20 58
+ 20 59
x 21 25
x 22 27
x 23 28
+ 24 3
x 25 30
x 26 31
+ 26 59
+ 26 60
+ 27 63
+ 29 2
x 29 32
x 30 37
x 31 39
x 32 40
x 35 41
x 36 44
x 39 48
x 45 50
x 46 54
x 49 55
x 50 56
+ 54 44
+ 56 44
x 56 58
x 59 59
+ 60 22
x 60 60
x 61 61
+ 62 26
x 62 62
+ 63 30
+ 63 33
Case #13: 143 84
o 1 1
+ 1 3
+ 1 4
+ 1 6
+ 1 8
+ 1 9
+ 1 12
+ 1 16
+ 1 19
+ 1 21
+ 1 23
+ 1 25
+ 1 28
+ 1 30
+ 1 33
+ 1 35
+ 1 37
+ 1 38
+ 1 40
+ 1 41
+ 1 42
+ 1 47
+ 1 49
+ 1 51
+ 1 53
x 2 3
+ 2 16
+ 2 53
+ 4 2
x 4 5
+ 5 40
+ 6 2
x 6 7
+ 6 50
x 7 9
x 8 10
+ 9 2
x 9 11
+ 9 51
+ 10 2
x 10 16
+ 12 3
x 12 18
+ 12 50
+ 13 1
x 15 21
+ 16 3
x 16 23
x 17 24
x 18 25
x 19 26
+ 21 47
+ 22 52
x 23 27
x 24 28
x 25 30
x 26 33
x 27 36
+ 27 52
x 32 37
x 33 38
x 34 40
x 35 41
x 36 42
x 37 43
o 39 45
+ 46 23
x 47 47
+ 48 17
+ 48 23
x 48 49
+ 49 21
+ 50 16
+ 50 35
x 50 50
x 51 51
+ 52 20
+ 52 23
+ 52 28
+ 52 30
+ 52 36
+ 52 38
x 52 52
+ 53 14
Case #14: 293 206
+ 1 3
+ 1 4
+ 1 5
+ 1 6
+ 1 7
+ 1 8
+ 1 9
+ 1 10
+ 1 11
+ 1 12
+ 1 14
+ 1 15
+ 1 17
+ 1 18
+ 1 19
+ 1 21
+ 1 22
+ 1 23
+ 1 24
+ 1 25
+ 1 26
+ 1 27
+ 1 28
+ 1 29
+ 1 30
+ 1 31
+ 1 32
+ 1 33
+ 1 34
+ 1 35
+ 1 36
+ 1 37
+ 1 38
+ 1 40
+ 1 41
+ 1 42
+ 1 43
+ 1 44
+ 1 45
+ 1 48
+ 1 49
+ 1 50
+ 1 51
+ 1 52
+ 1 53
+ 1 54
+ 1 55
+ 1 59
+ 1 60
+ 1 61
+ 1 62
o 1 63
+ 1 64
+ 1 66
+ 1 67
+ 1 68
+ 1 69
+ 1 70
+ 1 71
+ 1 72
+ 1 73
+ 1 74
+ 1 77
+ 1 78
+ 1 79
+ 1 80
+ 1 81
+ 1 82
+ 1 83
+ 1 84
+ 1 85
+ 1 86
+ 1 87
+ 1 88
+ 1 89
+ 1 90
+ 1 91
+ 1 92
+ 1 93
+ 1 94
+ 1 95
+ 1 96
+ 1 97
+ 1 98
+ 1 99
+ 1 100
o 2 1
x 9 2
x 10 5
+ 21 95
x 23 10
+ 24 99
x 28 14
x 30 17
+ 33 97
x 37 24
+ 38 2
x 38 25
x 42 26
+ 42 99
x 43 27
+ 43 99
x 45 29
x 54 37
+ 54 99
+ 56 1
x 56 38
x 58 43
x 59 45
x 70 49
x 72 53
x 77 57
x 78 59
x 79 62
+ 79 98
+ 85 100
x 86 65
x 87 70
+ 87 99
x 89 75
x 93 78
+ 94 8
+ 95 15
x 95 94
+ 96 8
+ 96 15
+ 96 22
+ 96 28
+ 96 86
+ 96 92
+ 97 8
+ 97 15
+ 97 22
o 97 40
+ 97 46
+ 97 52
+ 98 5
+ 98 8
+ 98 11
+ 98 15
+ 98 19
+ 98 22
+ 98 27
+ 98 28
+ 98 33
+ 98 36
+ 98 49
+ 98 59
+ 98 65
+ 98 68
+ 98 71
+ 98 72
+ 98 78
+ 98 83
+ 98 89
+ 98 92
+ 99 8
+ 99 15
+ 99 22
+ 99 30
+ 99 33
+ 99 36
+ 99 39
o 99 41
+ 99 46
+ 99 52
+ 99 56
+ 99 62
+ 99 65
+ 99 68
+ 99 74
+ 99 75
+ 99 76
+ 99 80
+ 99 81
+ 99 85
+ 99 92
+ 99 94
+ 99 96
+ 100 8
+ 100 15
+ 100 22
+ 100 27
+ 100 28
+ 100 33
+ 100 36
+ 100 39
+ 100 44
+ 100 46
+ 100 48
+ 100 50
+ 100 52
+ 100 54
+ 100 56
+ 100 58
+ 100 59
+ 100 60
+ 100 62
+ 100 65
+ 100 68
+ 100 71
+ 100 72
+ 100 78
+ 100 83
+ 100 89
+ 100 92
Case #15: 280 226
o 1 1
+ 1 2
+ 1 12
+ 1 15
+ 1 17
+ 1 20
+ 1 26
+ 1 28
+ 1 32
+ 1 36
+ 1 40
+ 1 42
+ 1 45
+ 1 46
+ 1 48
+ 1 51
+ 1 52
+ 1 54
+ 1 56
+ 1 57
+ 1 59
+ 1 60
+ 1 62
+ 1 64
+ 1 67
+ 1 68
+ 1 69
+ 1 75
+ 1 78
+ 1 80
+ 1 82
+ 1 83
+ 1 84
+ 1 89
+ 1 91
+ 1 94
+ 1 95
+ 1 96
x 2 2
+ 2 23
+ 2 24
+ 2 78
+ 2 100
x 3 3
+ 3 100
x 4 4
+ 4 16
+ 4 24
+ 4 100
x 5 5
x 6 6
x 7 7
+ 7 98
+ 7 99
x 8 8
x 9 9
+ 9 98
x 10 10
x 11 11
+ 11 97
+ 11 98
x 12 12
x 13 13
+ 13 97
x 14 14
x 15 15
x 16 16
+ 16 96
x 17 17
x 18 18
x 19 19
x 20 20
x 21 21
+ 21 93
x 22 22
x 23 23
+ 23 93
x 24 24
+ 24 99
x 25 25
x 26 26
+ 26 99
x 27 27
x 28 28
+ 28 90
x 29 29
x 30 30
x 31 31
x 32 32
x 33 33
x 34 34
+ 34 99
x 35 35
x 36 36
x 37 37
x 38 38
x 39 39
+ 39 96
x 40 40
+ 40 100
x 41 41
x 42 42
x 43 43
x 44 44
x 45 45
+ 45 97
x 46 46
x 47 47
x 48 48
+ 48 96
x 49 49
+ 49 98
x 50 50
x 51 51
x 52 52
x 53 53
x 54 54
x 55 55
x 56 56
x 57 57
x 58 58
+ 58 100
x 59 59
x 60 60
x 61 61
+ 61 99
x 62 62
x 63 63
+ 63 99
+ 63 100
x 64 64
x 65 65
+ 65 99
x 66 66
x 67 67
+ 67 100
x 68 68
+ 68 100
x 69 69
+ 70 1
x 70 70
+ 70 99
x 71 71
+ 72 1
x 72 72
x 73 73
x 74 74
x 75 75
x 76 76
x 77 77
x 78 78
x 79 79
x 80 80
x 81 81
x 82 82
x 83 83
x 84 84
+ 84 99
x 85 85
x 86 86
+ 86 99
x 87 87
+ 88 40
x 88 88
x 89 89
+ 90 40
x 90 90
x 91 91
+ 92 28
+ 92 40
+ 92 56
x 92 92
x 93 93
+ 94 28
+ 94 56
x 94 94
+ 95 39
+ 95 46
+ 95 81
x 95 95
+ 96 15
+ 96 21
+ 96 28
+ 96 50
+ 96 56
+ 96 61
+ 96 76
x 96 96
+ 97 32
+ 97 40
+ 97 46
+ 97 54
+ 97 81
x 97 97
+ 98 15
+ 98 21
+ 98 28
+ 98 38
+ 98 51
+ 98 56
+ 98 57
+ 98 61
+ 98 67
x 98 98
+ 99 32
+ 99 40
+ 99 46
+ 99 54
+ 99 71
x 99 99
+ 100 15
+ 100 21
+ 100 27
+ 100 38
+ 100 56
+ 100 61
+ 100 66
+ 100 71
+ 100 73
+ 100 74
+ 100 75
+ 100 77
+ 100 79
+ 100 81
+ 100 87
x 100 100
Case #16: 21 0
Case #17: 295 260
o 1 1
+ 1 2
+ 1 3
+ 1 4
+ 1 5
+ 1 6
+ 1 7
+ 1 8
+ 1 9
+ 1 10
+ 1 11
+ 1 12
+ 1 13
+ 1 14
+ 1 15
+ 1 16
+ 1 17
+ 1 18
+ 1 19
+ 1 20
+ 1 21
+ 1 22
+ 1 23
+ 1 24
+ 1 25
+ 1 26
+ 1 27
+ 1 28
+ 1 29
+ 1 30
+ 1 31
+ 1 32
+ 1 33
+ 1 34
+ 1 35
+ 1 36
+ 1 37
+ 1 38
+ 1 39
+ 1 40
+ 1 41
+ 1 42
+ 1 43
+ 1 44
+ 1 45
+ 1 46
+ 1 47
+ 1 48
+ 1 49
+ 1 50
+ 1 51
+ 1 52
+ 1 53
+ 1 54
+ 1 55
+ 1 56
+ 1 57
+ 1 58
+ 1 59
+ 1 60
+ 1 62
+ 1 63
+ 1 64
+ 1 65
+ 1 66
+ 1 67
+ 1 68
+ 1 69
+ 1 70
+ 1 72
+ 1 73
+ 1 74
+ 1 75
+ 1 76
+ 1 77
+ 1 78
+ 1 79
+ 1 80
+ 1 81
+ 1 82
+ 1 83
+ 1 84
+ 1 85
+ 1 86
+ 1 88
+ 1 89
+ 1 90
+ 1 91
+ 1 92
+ 1 93
+ 1 94
+ 1 95
+ 1 96
+ 1 97
+ 1 98
+ 1 99
+ 1 100
x 2 2
x 3 3
x 4 4
x 5 5
x 6 6
x 8 7
x 10 8
x 11 9
+ 12 98
x 13 12
x 14 13
x 16 14
x 17 15
x 19 16
x 20 18
x 23 19
x 24 24
x 25 26
x 27 27
x 30 28
+ 30 100
x 31 29
x 32 30
x 33 32
x 34 33
x 35 34
x 38 36
x 39 37
+ 39 99
x 40 39
x 41 40
x 42 41
x 43 42
x 44 43
x 47 44
x 50 47
x 51 48
x 52 49
x 53 50
x 54 51
x 55 52
x 57 53
x 58 54
x 59 55
x 61 57
x 62 59
x 63 62
x 66 63
x 68 64
x 70 66
x 71 67
x 73 68
x 74 70
x 76 71
x 77 73
x 78 74
x 79 75
x 80 76
x 81 77
x 83 79
x 84 80
x 85 81
x 86 83
x 90 86
x 91 89
x 93 91
x 94 92
+ 95 9
+ 95 81
+ 95 87
o 95 93
+ 96 28
+ 96 56
+ 96 62
+ 96 68
+ 96 74
x 96 94
+ 97 5
+ 97 9
+ 97 15
+ 97 21
+ 97 81
+ 97 87
+ 97 93
x 97 95
+ 98 18
+ 98 24
+ 98 28
+ 98 34
+ 98 46
+ 98 56
+ 98 62
+ 98 68
+ 98 74
x 98 96
+ 99 9
+ 99 15
+ 99 21
+ 99 37
+ 99 43
+ 99 49
+ 99 51
+ 99 81
+ 99 87
+ 99 93
x 99 97
+ 100 3
+ 100 5
+ 100 7
+ 100 9
+ 100 11
+ 100 13
+ 100 15
+ 100 17
+ 100 19
+ 100 21
+ 100 23
+ 100 25
+ 100 27
+ 100 28
+ 100 29
+ 100 31
+ 100 33
+ 100 34
+ 100 35
+ 100 37
+ 100 39
+ 100 40
+ 100 41
+ 100 43
+ 100 45
+ 100 46
+ 100 47
+ 100 49
+ 100 51
+ 100 53
+ 100 55
+ 100 56
+ 100 57
+ 100 59
+ 100 61
+ 100 62
+ 100 63
+ 100 65
+ 100 67
+ 100 68
+ 100 69
+ 100 71
+ 100 73
+ 100 74
+ 100 75
+ 100 77
+ 100 79
+ 100 81
+ 100 83
+ 100 85
+ 100 87
+ 100 89
+ 100 91
+ 100 93
+ 100 95
+ 100 97
o 100 99
Case #18: 298 0
Case #19: 256 141
+ 1 2
+ 1 4
+ 1 5
+ 1 8
+ 1 10
+ 1 11
+ 1 12
+ 1 14
+ 1 17
+ 1 19
+ 1 20
+ 1 21
+ 1 23
+ 1 26
+ 1 27
+ 1 32
+ 1 37
+ 1 38
+ 1 41
+ 1 44
+ 1 46
+ 1 50
+ 1 52
+ 1 60
+ 1 61
+ 1 67
+ 1 68
+ 1 72
+ 1 75
+ 1 76
+ 1 77
+ 1 79
+ 1 81
+ 1 82
+ 1 83
+ 1 84
+ 1 88
o 1 89
+ 1 93
+ 2 41
+ 2 48
+ 2 95
+ 3 26
+ 3 60
x 4 1
+ 4 3
+ 4 94
+ 4 95
x 5 3
x 6 4
+ 6 95
+ 7 1
x 7 5
+ 7 79
+ 11 3
+ 12 7
x 13 11
+ 15 1
+ 15 8
x 15 12
+ 15 94
x 16 14
+ 18 88
+ 18 95
x 20 16
+ 20 88
+ 21 5
+ 21 10
x 22 17
+ 22 95
+ 23 87
x 24 18
x 25 20
+ 26 4
x 26 21
x 27 22
+ 29 3
x 31 25
+ 33 95
+ 34 1
x 36 26
+ 37 95
x 40 28
x 41 29
+ 42 2
x 43 33
x 44 35
+ 44 94
x 47 36
+ 48 1
x 50 43
+ 50 94
x 52 44
x 53 45
x 54 46
+ 55 90
+ 56 2
x 56 47
x 57 48
+ 57 95
x 58 49
x 60 51
x 61 53
+ 62 3
x 62 56
x 63 57
x 64 59
o 66 63
x 68 64
x 70 65
x 75 74
x 76 77
x 80 78
x 81 85
x 82 86
x 83 87
+ 84 65
x 85 88
+ 86 73
+ 87 64
x 87 90
+ 90 37
+ 90 63
x 90 91
+ 91 25
x 91 93
+ 92 42
+ 92 43
+ 92 48
+ 92 56
x 92 95
+ 93 29
+ 93 38
+ 93 50
+ 93 64
+ 93 65
+ 94 42
+ 94 60
+ 95 35
+ 95 38
+ 95 65
Case #20: 237 123
x 1 1
+ 1 3
+ 1 5
+ 1 7
+ 1 8
+ 1 10
+ 1 13
+ 1 16
+ 1 18
+ 1 19
+ 1 21
+ 1 23
+ 1 24
+ 1 30
+ 1 34
+ 1 35
+ 1 37
+ 1 38
+ 1 39
+ 1 41
+ 1 43
+ 1 44
+ 1 45
+ 1 46
+ 1 49
+ 1 50
+ 1 52
+ 1 59
+ 1 69
+ 1 72
+ 1 81
+ 1 82
+ 1 83
+ 1 86
+ 1 87
+ 1 89
+ 2 1
+ 2 55
+ 2 75
+ 2 89
x 3 2
+ 3 55
+ 4 1
+ 4 82
+ 5 74
+ 6 4
+ 6 53
+ 6 89
x 7 3
+ 9 3
x 9 5
+ 9 88
+ 10 3
+ 11 87
x 12 6
x 13 7
x 16 10
+ 16 83
x 17 12
+ 18 3
x 18 13
+ 18 83
x 20 14
+ 21 5
x 21 17
+ 21 84
+ 22 5
x 22 19
+ 24 85
+ 25 3
x 26 23
x 28 24
+ 29 1
x 30 25
+ 32 1
x 32 26
x 34 28
x 38 29
x 41 35
x 42 37
+ 42 88
x 43 38
x 45 39
x 48 45
+ 48 89
x 49 48
x 50 49
x 51 53
+ 53 11
x 53 55
+ 56 6
+ 57 89
x 58 59
+ 60 1
x 61 61
x 62 63
x 70 67
x 71 72
x 74 78
x 76 79
x 77 81
x 78 82
+ 82 33
+ 82 39
+ 83 46
+ 84 57
+ 85 46
x 85 83
+ 86 31
+ 86 42
+ 86 67
+ 87 40
+ 87 51
+ 87 52
x 87 86
+ 88 25
+ 88 47
+ 88 54
+ 88 56
x 88 89
+ 89 51
+ 89 60
+ 89 66
Case #21: 199 107
+ 1 1
o 1 2
+ 1 3
+ 1 4
+ 1 6
+ 1 10
+ 1 12
+ 1 14
+ 1 16
+ 1 21
+ 1 25
+ 1 29
+ 1 31
+ 1 34
+ 1 37
+ 1 41
+ 1 53
+ 1 57
+ 1 64
+ 1 67
+ 1 68
+ 1 69
+ 1 72
+ 1 73
x 2 5
+ 2 16
+ 2 29
+ 2 45
+ 2 51
+ 2 75
+ 4 36
+ 4 74
x 5 8
+ 5 15
+ 6 3
+ 9 73
+ 9 74
x 11 9
+ 11 73
+ 12 7
o 14 7
+ 14 74
x 16 11
+ 16 74
+ 18 7
x 18 17
x 19 18
+ 19 73
+ 20 75
+ 21 6
x 21 19
x 22 20
+ 22 75
+ 23 1
x 24 28
x 25 30
+ 26 73
+ 27 6
x 27 31
x 28 32
x 29 35
x 30 37
x 33 41
x 34 44
x 36 47
+ 36 75
x 37 49
+ 38 1
x 38 52
x 39 53
+ 42 2
x 43 54
+ 46 2
+ 48 2
x 48 55
+ 49 75
x 50 57
x 52 58
x 61 60
x 62 62
x 63 65
x 64 66
x 67 67
x 68 68
+ 70 47
x 70 70
+ 71 55
+ 71 61
x 71 71
+ 73 21
+ 73 37
+ 73 43
+ 73 49
+ 73 61
x 73 72
+ 74 29
+ 74 39
+ 74 40
+ 74 46
x 74 73
+ 75 25
+ 75 26
+ 75 27
+ 75 43
+ 75 55
+ 75 61
x 75 74
Case #22: 298 297
o 1 1
+ 1 2
+ 1 3
+ 1 4
+ 1 5
+ 1 6
+ 1 7
+ 1 8
+ 1 9
+ 1 10
+ 1 11
+ 1 12
+ 1 13
+ 1 14
+ 1 15
+ 1 16
+ 1 17
+ 1 18
+ 1 19
+ 1 20
+ 1 21
+ 1 22
+ 1 23
+ 1 24
+ 1 25
+ 1 26
+ 1 27
+ 1 28
+ 1 29
+ 1 30
+ 1 31
+ 1 32
+ 1 33
+ 1 34
+ 1 35
+ 1 36
+ 1 37
+ 1 38
+ 1 39
+ 1 40
+ 1 41
+ 1 42
+ 1 43
+ 1 44
+ 1 45
+ 1 46
+ 1 47
+ 1 48
+ 1 49
+ 1 50
+ 1 51
+ 1 52
+ 1 53
+ 1 54
+ 1 55
+ 1 56
+ 1 57
+ 1 58
+ 1 59
+ 1 60
+ 1 61
+ 1 62
+ 1 63
+ 1 64
+ 1 65
+ 1 66
+ 1 67
+ 1 68
+ 1 69
+ 1 70
+ 1 71
+ 1 72
+ 1 73
+ 1 74
+ 1 75
+ 1 76
+ 1 77
+ 1 78
+ 1 79
+ 1 80
+ 1 81
+ 1 82
+ 1 83
+ 1 84
+ 1 85
+ 1 86
+ 1 87
+ 1 88
+ 1 89
+ 1 90
+ 1 91
+ 1 92
+ 1 93
+ 1 94
+ 1 95
+ 1 96
+ 1 97
+ 1 98
+ 1 99
+ 1 100
x 2 2
x 3 3
x 4 4
x 5 5
x 6 6
x 7 7
x 8 8
x 9 9
x 10 10
x 11 11
x 12 12
x 13 13
x 14 14
x 15 15
x 16 16
x 17 17
x 18 18
x 19 19
x 20 20
x 21 21
x 22 22
x 23 23
x 24 24
x 25 25
x 26 26
x 27 27
x 28 28
x 29 29
x 30 30
x 31 31
x 32 32
x 33 33
x 34 34
x 35 35
x 36 36
x 37 37
x 38 38
x 39 39
x 40 40
x 41 41
x 42 42
x 43 43
x 44 44
x 45 45
x 46 46
x 47 47
x 48 48
x 49 49
x 50 50
x 51 51
x 52 52
x 53 53
x 54 54
x 55 55
x 56 56
x 57 57
x 58 58
x 59 59
x 60 60
x 61 61
x 62 62
x 63 63
x 64 64
x 65 65
x 66 66
x 67 67
x 68 68
x 69 69
x 70 70
x 71 71
x 72 72
x 73 73
x 74 74
x 75 75
x 76 76
x 77 77
x 78 78
x 79 79
x 80 80
x 81 81
x 82 82
x 83 83
x 84 84
x 85 85
x 86 86
x 87 87
x 88 88
x 89 89
x 90 90
x 91 91
x 92 92
x 93 93
x 94 94
x 95 95
x 96 96
x 97 97
x 98 98
x 99 99
+ 100 2
+ 100 3
+ 100 4
+ 100 5
+ 100 6
+ 100 7
+ 100 8
+ 100 9
+ 100 10
+ 100 11
+ 100 12
+ 100 13
+ 100 14
+ 100 15
+ 100 16
+ 100 17
+ 100 18
+ 100 19
+ 100 20
+ 100 21
+ 100 22
+ 100 23
+ 100 24
+ 100 25
+ 100 26
+ 100 27
+ 100 28
+ 100 29
+ 100 30
+ 100 31
+ 100 32
+ 100 33
+ 100 34
+ 100 35
+ 100 36
+ 100 37
+ 100 38
+ 100 39
+ 100 40
+ 100 41
+ 100 42
+ 100 43
+ 100 44
+ 100 45
+ 100 46
+ 100 47
+ 100 48
+ 100 49
+ 100 50
+ 100 51
+ 100 52
+ 100 53
+ 100 54
+ 100 55
+ 100 56
+ 100 57
+ 100 58
+ 100 59
+ 100 60
+ 100 61
+ 100 62
+ 100 63
+ 100 64
+ 100 65
+ 100 66
+ 100 67
+ 100 68
+ 100 69
+ 100 70
+ 100 71
+ 100 72
+ 100 73
+ 100 74
+ 100 75
+ 100 76
+ 100 77
+ 100 78
+ 100 79
+ 100 80
+ 100 81
+ 100 82
+ 100 83
+ 100 84
+ 100 85
+ 100 86
+ 100 87
+ 100 88
+ 100 89
+ 100 90
+ 100 91
+ 100 92
+ 100 93
+ 100 94
+ 100 95
+ 100 96
+ 100 97
+ 100 98
+ 100 99
x 100 100
Case #23: 298 214
+ 1 1
+ 1 2
+ 1 3
+ 1 4
+ 1 5
+ 1 6
+ 1 7
+ 1 8
+ 1 9
+ 1 10
+ 1 11
+ 1 12
+ 1 13
+ 1 14
+ 1 15
+ 1 16
+ 1 17
+ 1 18
+ 1 19
+ 1 20
+ 1 21
+ 1 22
+ 1 23
+ 1 24
+ 1 25
+ 1 26
+ 1 27
+ 1 28
+ 1 29
+ 1 30
+ 1 31
+ 1 32
+ 1 33
+ 1 34
+ 1 35
+ 1 36
+ 1 37
+ 1 38
+ 1 39
+ 1 40
+ 1 41
+ 1 42
+ 1 43
+ 1 44
+ 1 45
+ 1 46
+ 1 47
+ 1 48
+ 1 49
+ 1 50
+ 1 51
+ 1 52
+ 1 53
+ 1 54
+ 1 55
+ 1 56
+ 1 57
+ 1 58
+ 1 59
+ 1 60
+ 1 61
o 1 62
+ 1 63
+ 1 64
+ 1 65
+ 1 66
+ 1 67
+ 1 68
+ 1 69
+ 1 70
+ 1 71
+ 1 72
+ 1 73
+ 1 74
+ 1 75
+ 1 76
+ 1 77
+ 1 78
+ 1 79
+ 1 80
+ 1 81
+ 1 82
+ 1 83
+ 1 84
+ 1 85
+ 1 86
+ 1 87
+ 1 88
+ 1 89
+ 1 90
+ 1 91
+ 1 92
+ 1 93
+ 1 94
+ 1 95
+ 1 96
+ 1 97
+ 1 98
+ 1 99
+ 1 100
x 3 3
x 8 9
x 11 13
x 26 15
x 30 20
x 31 25
x 35 35
x 36 37
x 38 51
x 50 55
x 54 67
x 56 68
x 62 69
x 65 75
x 67 77
x 87 97
+ 100 2
+ 100 3
+ 100 4
+ 100 5
+ 100 6
+ 100 7
+ 100 8
+ 100 9
+ 100 10
+ 100 11
+ 100 12
+ 100 13
+ 100 14
+ 100 15
+ 100 16
+ 100 17
+ 100 18
+ 100 19
+ 100 20
+ 100 21
+ 100 22
+ 100 23
+ 100 24
+ 100 25
+ 100 26
+ 100 27
+ 100 28
+ 100 29
+ 100 30
+ 100 31
+ 100 32
+ 100 33
+ 100 34
+ 100 35
+ 100 36
+ 100 37
+ 100 38
+ 100 39
+ 100 40
+ 100 41
+ 100 42
+ 100 43
+ 100 44
+ 100 45
+ 100 46
+ 100 47
+ 100 48
+ 100 49
+ 100 50
+ 100 51
+ 100 52
+ 100 53
+ 100 54
+ 100 55
+ 100 56
+ 100 57
+ 100 58
+ 100 59
+ 100 60
+ 100 61
+ 100 62
+ 100 63
+ 100 64
+ 100 65
+ 100 66
+ 100 67
+ 100 68
+ 100 69
+ 100 70
+ 100 71
+ 100 72
+ 100 73
+ 100 74
+ 100 75
+ 100 76
+ 100 77
+ 100 78
+ 100 79
+ 100 80
+ 100 81
+ 100 82
+ 100 83
+ 100 84
+ 100 85
+ 100 86
+ 100 87
+ 100 88
+ 100 89
+ 100 90
+ 100 91
+ 100 92
+ 100 93
+ 100 94
+ 100 95
+ 100 96
+ 100 97
o 100 98
+ 100 99
Case #24: 267 171
o 1 1
x 2 2
+ 2 100
x 3 3
+ 3 100
x 4 4
+ 4 100
x 5 5
+ 5 100
x 6 6
+ 6 100
x 7 7
+ 7 100
x 8 8
+ 8 100
x 9 9
+ 9 100
x 10 10
+ 10 100
x 11 11
+ 11 100
x 12 12
x 13 13
+ 13 99
+ 13 100
x 14 14
x 15 15
+ 15 99
+ 15 100
x 16 16
x 17 17
+ 17 99
+ 17 100
x 18 18
x 19 19
+ 19 99
+ 19 100
x 20 20
x 21 21
+ 21 99
+ 21 100
x 22 22
x 23 23
+ 23 99
x 24 24
+ 24 99
x 25 25
+ 25 99
x 26 26
+ 26 99
x 27 27
x 28 28
+ 28 98
+ 28 99
x 29 29
x 30 30
+ 30 99
x 31 31
+ 31 97
x 32 32
x 33 33
+ 33 97
+ 33 98
x 34 34
x 35 35
+ 35 97
+ 35 98
x 36 36
x 37 37
+ 37 97
x 38 38
x 39 39
+ 39 96
x 40 40
x 41 41
+ 41 95
+ 41 96
x 42 42
x 43 43
x 44 44
x 45 45
x 46 46
+ 46 94
x 47 47
+ 47 100
x 48 48
+ 48 100
x 49 49
+ 49 100
x 50 50
x 51 51
x 52 52
+ 52 99
x 53 53
x 54 54
x 55 55
+ 55 99
+ 55 100
x 56 56
x 57 57
+ 57 99
x 58 58
+ 58 99
x 59 59
+ 59 99
x 60 60
x 61 61
x 62 62
x 63 63
+ 63 98
x 64 64
x 65 65
+ 65 98
x 66 66
x 67 67
+ 67 99
x 68 68
x 69 69
+ 69 99
+ 69 100
x 70 70
x 71 71
x 72 72
x 73 73
+ 73 99
x 74 74
x 75 75
x 76 76
x 77 77
x 78 78
x 79 79
x 80 80
+ 80 87
x 81 81
x 82 82
x 83 83
x 84 84
x 85 85
x 86 86
x 87 87
x 88 88
x 89 89
x 90 90
x 91 91
x 92 92
x 93 93
x 94 94
+ 95 79
x 95 95
+ 96 46
+ 96 54
x 96 96
+ 97 46
x 97 97
+ 98 40
+ 98 41
+ 98 46
+ 98 54
x 98 98
+ 99 60
x 99 99
+ 100 41
+ 100 45
+ 100 46
+ 100 53
+ 100 60
+ 100 62
+ 100 64
+ 100 65
+ 100 70
x 100 100
Case #25: 19 0
Case #26: 48 0
Case #27: 151 0
Case #28: 17 9
+ 1 1
+ 1 2
o 1 3
+ 1 5
+ 1 6
+ 1 7
x 2 4
x 3 5
x 4 7
Case #29: 139 78
+ 1 1
x 1 2
+ 1 3
+ 1 4
+ 1 5
+ 1 7
+ 1 11
+ 1 13
+ 1 16
+ 1 17
+ 1 20
+ 1 23
+ 1 25
+ 1 26
+ 1 33
+ 1 35
+ 1 39
+ 1 40
+ 1 41
+ 1 42
+ 1 44
+ 1 53
x 2 4
+ 2 33
+ 2 37
+ 3 53
+ 4 40
+ 5 2
+ 6 4
x 6 5
+ 8 1
x 8 6
+ 10 1
x 10 8
+ 11 5
x 11 9
+ 12 1
x 12 10
x 13 12
+ 14 1
+ 14 6
+ 16 6
x 16 13
+ 17 2
x 17 14
x 18 16
+ 18 45
x 19 19
+ 21 51
+ 22 1
x 23 23
x 24 29
x 25 30
+ 25 53
x 27 31
x 28 32
+ 29 52
x 30 34
x 31 36
x 32 38
x 34 42
x 37 43
x 41 44
+ 42 4
x 42 45
x 43 49
+ 46 34
+ 47 15
+ 48 25
x 48 51
+ 50 32
+ 51 17
+ 51 18
x 51 53
+ 52 22
+ 53 17
+ 53 22
+ 53 31
Case #30: 122 66
o 1 1
+ 1 3
+ 1 4
+ 1 5
+ 1 9
+ 1 10
+ 1 11
+ 1 13
+ 1 16
+ 1 24
+ 1 32
+ 1 41
+ 1 43
+ 1 44
+ 2 1
x 2 2
+ 2 13
+ 2 46
x 4 7
+ 4 25
+ 4 45
+ 5 2
+ 6 44
+ 6 45
x 7 11
+ 8 1
x 8 12
+ 8 44
+ 8 45
x 9 13
+ 11 45
x 12 16
x 13 17
+ 13 45
x 14 18
+ 14 43
x 15 21
+ 15 45
+ 16 6
x 16 22
x 17 23
+ 18 44
x 19 24
x 21 25
x 25 26
x 26 27
x 28 28
x 29 29
x 30 30
x 33 31
x 34 32
x 35 37
x 36 38
x 37 39
+ 41 32
x 41 40
+ 42 28
x 42 41
+ 43 31
x 43 42
+ 44 28
x 44 44
+ 45 16
+ 45 23
+ 45 30
+ 46 19
Case #31: 281 214
o 1 1
+ 1 2
+ 1 3
+ 1 8
+ 1 10
+ 1 11
+ 1 15
+ 1 16
+ 1 17
+ 1 18
+ 1 20
+ 1 21
+ 1 22
+ 1 23
+ 1 25
+ 1 26
+ 1 27
+ 1 28
+ 1 29
+ 1 31
+ 1 33
+ 1 34
+ 1 37
+ 1 40
+ 1 41
+ 1 42
+ 1 43
+ 1 44
+ 1 46
+ 1 49
+ 1 53
+ 1 54
+ 1 60
+ 1 63
+ 1 64
+ 1 65
+ 1 66
+ 1 67
+ 1 68
+ 1 69
+ 1 70
+ 1 74
+ 1 75
+ 1 76
+ 1 77
+ 1 79
+ 1 80
+ 1 81
+ 1 84
+ 1 87
+ 1 91
+ 1 92
+ 1 93
+ 1 94
+ 1 95
+ 1 97
+ 1 98
+ 1 100
x 2 2
+ 2 5
+ 2 46
+ 2 100
x 3 3
+ 4 2
x 4 5
+ 4 16
+ 4 27
+ 4 99
x 5 6
+ 6 2
x 6 7
x 7 9
+ 8 5
x 8 10
+ 8 96
+ 8 97
+ 10 23
+ 10 97
x 11 14
+ 11 95
+ 12 97
x 13 15
+ 13 95
x 14 16
+ 15 96
x 16 17
x 18 20
+ 18 95
x 19 22
x 22 26
x 23 27
x 24 28
x 26 30
+ 26 98
x 27 31
+ 28 98
x 30 32
x 31 33
x 32 35
x 33 36
x 37 37
+ 37 97
x 38 38
x 39 39
+ 39 100
x 40 40
+ 40 96
x 41 41
x 42 42
+ 42 99
x 43 44
x 44 46
+ 44 99
x 46 47
+ 46 100
+ 47 98
x 48 48
x 49 49
+ 49 98
x 50 50
+ 51 1
x 51 51
+ 51 98
x 52 54
x 53 55
x 55 56
x 56 57
x 59 59
x 60 60
x 61 62
+ 61 99
x 63 63
x 64 64
+ 64 99
x 65 65
x 66 66
x 67 68
x 69 70
x 72 71
x 73 74
x 74 75
x 75 76
x 77 77
x 78 79
x 79 80
x 80 84
x 82 85
x 84 86
x 86 87
x 88 88
+ 89 40
x 89 89
+ 90 81
+ 91 40
+ 91 83
+ 92 25
+ 92 81
+ 93 83
x 93 90
+ 94 22
o 94 25
+ 94 81
+ 95 15
+ 95 38
+ 95 89
+ 96 19
+ 96 22
+ 96 25
+ 96 31
+ 96 34
+ 96 71
+ 96 82
x 96 91
+ 97 15
+ 97 38
+ 97 59
+ 97 80
x 97 92
+ 98 22
+ 98 25
+ 98 30
+ 98 40
+ 98 44
+ 98 52
+ 98 57
+ 98 61
+ 98 72
+ 98 74
+ 98 82
x 98 96
+ 99 15
+ 99 33
+ 99 38
+ 99 52
+ 99 54
+ 99 55
+ 99 63
+ 99 65
+ 99 67
+ 99 69
+ 99 70
+ 100 22
+ 100 25
+ 100 40
+ 100 44
+ 100 48
+ 100 52
+ 100 57
+ 100 58
+ 100 61
+ 100 65
+ 100 79
+ 100 82
x 100 99
Case #32: 79 44
+ 1 2
+ 1 4
+ 1 5
+ 1 13
+ 1 14
+ 1 21
+ 1 22
+ 1 24
+ 1 25
+ 1 27
x 2 1
+ 2 11
+ 2 30
+ 3 1
x 3 2
+ 3 30
x 5 3
+ 6 1
+ 6 2
+ 7 29
+ 8 2
+ 10 28
+ 12 28
x 13 5
+ 15 1
x 15 8
x 16 9
x 19 10
+ 19 29
x 20 14
x 21 20
x 23 21
x 24 22
x 26 23
+ 28 9
+ 29 14
+ 29 17
+ 29 21
x 29 28
+ 30 9
+ 30 12
+ 30 17
+ 30 19
x 30 29
Case #33: 295 289
o 1 1
+ 1 2
+ 1 3
+ 1 4
+ 1 5
+ 1 6
+ 1 7
+ 1 8
+ 1 9
+ 1 10
+ 1 11
+ 1 12
+ 1 13
+ 1 14
+ 1 15
+ 1 16
+ 1 17
+ 1 18
+ 1 19
+ 1 20
+ 1 21
+ 1 22
+ 1 23
+ 1 24
+ 1 25
+ 1 26
+ 1 27
+ 1 28
+ 1 29
+ 1 30
+ 1 31
+ 1 32
+ 1 33
+ 1 35
+ 1 36
+ 1 37
+ 1 38
+ 1 39
+ 1 40
+ 1 41
+ 1 42
+ 1 43
+ 1 44
+ 1 45
+ 1 46
+ 1 47
+ 1 48
+ 1 49
+ 1 50
+ 1 52
+ 1 53
+ 1 54
+ 1 55
+ 1 56
+ 1 57
+ 1 58
+ 1 59
+ 1 60
+ 1 61
+ 1 62
+ 1 63
+ 1 64
+ 1 66
+ 1 67
+ 1 69
+ 1 70
+ 1 71
+ 1 72
+ 1 73
+ 1 74
+ 1 75
+ 1 76
+ 1 78
+ 1 79
+ 1 80
+ 1 81
+ 1 82
+ 1 83
+ 1 84
+ 1 85
+ 1 86
+ 1 87
+ 1 88
+ 1 89
+ 1 91
+ 1 92
+ 1 93
+ 1 94
+ 1 95
+ 1 96
+ 1 97
+ 1 99
+ 1 100
x 2 2
x 3 3
+ 3 100
x 4 4
x 5 5
x 6 6
x 7 7
x 8 8
x 9 9
x 10 10
+ 10 99
x 11 11
x 12 12
x 13 13
x 14 14
x 15 15
x 16 16
x 17 17
x 18 18
x 19 19
x 20 20
x 21 21
x 22 22
x 23 23
+ 23 99
x 24 24
x 25 25
x 26 26
x 27 27
x 28 28
x 29 29
x 30 30
x 31 31
x 32 32
x 33 33
x 34 34
x 35 35
x 36 36
x 37 37
x 38 38
x 39 39
x 40 40
x 41 41
x 42 42
x 43 43
x 44 44
x 45 45
x 46 46
x 47 47
x 48 48
+ 48 98
x 49 49
x 50 50
x 51 51
x 52 52
x 53 53
x 54 54
x 55 55
x 56 56
x 57 57
x 58 58
x 59 59
x 60 60
x 61 61
x 62 62
x 63 63
x 64 64
+ 65 1
x 65 65
x 66 66
+ 66 99
x 67 67
+ 68 1
x 68 68
x 69 69
x 70 70
x 71 71
x 72 72
x 73 73
x 74 74
x 75 75
x 76 76
x 77 77
x 78 78
x 79 79
x 80 80
x 81 81
x 82 82
x 83 83
x 84 84
x 85 85
x 86 86
x 87 87
x 88 88
x 89 89
x 90 90
x 91 91
x 92 92
x 93 93
x 94 94
x 95 95
x 96 96
+ 97 88
+ 97 94
x 97 97
+ 98 4
+ 98 10
+ 98 14
+ 98 18
+ 98 38
+ 98 41
+ 98 42
+ 98 47
+ 98 51
+ 98 55
+ 98 60
+ 98 61
+ 98 66
+ 98 72
+ 98 78
+ 98 84
+ 98 90
+ 98 91
+ 98 96
+ 98 97
x 98 98
+ 99 6
+ 99 7
+ 99 8
+ 99 21
+ 99 34
+ 99 36
+ 99 38
+ 99 44
+ 99 45
+ 99 55
+ 99 57
+ 99 58
+ 99 63
+ 99 64
+ 99 69
+ 99 75
+ 99 81
+ 99 87
+ 99 88
+ 99 93
+ 99 94
x 99 99
+ 100 4
+ 100 10
+ 100 11
+ 100 13
+ 100 14
+ 100 15
+ 100 17
+ 100 18
+ 100 19
+ 100 21
+ 100 23
+ 100 24
+ 100 25
+ 100 26
+ 100 27
+ 100 28
+ 100 29
+ 100 30
+ 100 31
+ 100 32
+ 100 34
+ 100 38
+ 100 41
+ 100 42
+ 100 47
+ 100 48
+ 100 50
+ 100 51
+ 100 52
+ 100 55
+ 100 60
+ 100 61
+ 100 66
+ 100 67
+ 100 69
+ 100 71
+ 100 72
+ 100 73
+ 100 75
+ 100 77
+ 100 78
+ 100 79
+ 100 81
+ 100 83
+ 100 84
+ 100 90
+ 100 96
x 100 100
Case #34: 269 169
o 1 1
+ 1 53
+ 1 65
+ 1 75
+ 1 80
x 2 2
+ 2 22
+ 2 28
+ 2 100
x 3 3
+ 3 100
x 4 4
+ 4 100
x 5 6
+ 5 100
x 6 8
+ 6 100
x 7 9
+ 7 100
x 8 10
+ 8 100
o 9 11
+ 9 100
x 10 12
+ 10 100
x 11 13
+ 11 100
x 12 14
+ 12 100
x 13 15
x 14 16
+ 14 99
+ 14 100
x 15 17
x 16 19
+ 16 99
+ 16 100
x 17 20
+ 18 99
+ 18 100
x 20 21
+ 20 100
+ 21 2
x 21 22
+ 21 98
x 22 23
+ 22 100
x 23 25
+ 23 98
x 24 28
+ 24 100
x 25 29
+ 25 98
x 26 30
x 27 31
+ 27 99
+ 28 1
x 28 32
+ 28 97
x 29 33
+ 29 99
+ 30 97
x 31 34
+ 31 99
x 32 36
+ 32 97
x 33 37
+ 33 99
x 35 38
x 36 40
x 37 41
+ 37 97
x 38 42
x 39 43
+ 39 94
x 40 44
x 41 45
+ 41 97
+ 41 100
x 42 46
+ 42 100
x 43 47
+ 43 97
x 44 48
+ 45 1
x 45 49
x 47 50
x 48 51
+ 48 99
x 49 52
+ 49 99
x 50 53
+ 50 99
x 51 54
x 52 55
x 54 56
+ 54 97
+ 54 100
x 55 57
x 56 58
x 58 59
+ 58 100
x 59 60
+ 59 100
x 60 61
x 61 62
+ 61 100
+ 62 100
x 63 63
+ 63 100
x 64 64
+ 64 100
x 65 65
x 66 67
x 67 68
x 68 69
+ 68 100
x 69 71
+ 69 100
x 70 73
x 71 74
+ 71 100
x 72 75
x 73 76
x 74 77
x 75 78
x 76 79
x 77 80
x 78 81
x 79 82
+ 79 93
x 80 83
x 81 84
x 82 85
x 83 86
x 84 87
x 85 88
x 86 89
x 87 90
x 88 91
x 90 92
x 91 93
x 92 94
x 93 95
+ 94 49
x 94 96
+ 95 40
+ 96 35
x 96 97
+ 97 40
+ 97 47
+ 97 58
x 97 98
+ 98 38
+ 98 47
+ 98 52
+ 98 55
x 98 99
+ 99 40
+ 99 57
+ 99 58
+ 100 46
+ 100 52
+ 100 60
+ 100 65
+ 100 66
+ 100 67
+ 100 70
x 100 100
Case #35: 271 171
+ 1 3
+ 1 21
+ 1 52
+ 1 61
+ 1 62
+ 1 71
+ 1 77
+ 1 94
x 2 1
+ 2 19
+ 2 58
+ 2 65
+ 2 100
x 3 3
+ 3 86
+ 3 100
x 4 4
+ 4 100
x 5 5
+ 5 100
x 6 6
+ 7 99
x 8 7
+ 8 99
+ 9 1
+ 9 99
x 10 8
+ 10 99
x 11 9
+ 11 99
x 12 10
x 13 11
x 14 12
+ 14 98
+ 15 5
x 15 13
+ 15 96
x 16 14
+ 16 98
x 17 16
+ 17 96
+ 18 98
x 19 17
+ 19 96
x 20 20
+ 20 98
+ 21 96
x 22 21
x 23 22
+ 23 96
+ 23 97
x 24 24
x 25 25
+ 25 96
+ 25 97
x 26 27
x 27 28
+ 27 96
x 29 29
+ 29 95
+ 29 96
x 30 30
x 31 31
+ 31 95
x 32 32
x 33 34
+ 33 95
x 34 36
x 35 37
x 36 38
+ 37 2
x 37 41
x 38 42
+ 39 92
x 40 43
+ 41 100
x 42 44
x 43 45
+ 43 100
x 44 47
x 45 48
x 46 49
x 47 51
+ 47 99
x 48 53
x 49 54
x 50 55
+ 50 98
+ 50 99
x 51 56
x 52 57
+ 52 99
x 53 58
+ 53 97
+ 54 99
x 55 59
x 56 60
+ 58 100
+ 59 100
x 60 61
+ 60 100
x 61 62
+ 62 100
x 63 63
x 64 64
x 65 65
x 66 66
+ 66 100
x 67 68
+ 67 100
x 68 69
+ 68 95
x 69 70
+ 69 100
x 70 71
x 71 74
x 73 75
x 74 76
x 75 77
+ 75 100
x 76 78
x 77 79
+ 77 100
x 78 80
x 79 81
+ 79 100
x 81 82
x 82 84
x 83 85
x 85 87
x 86 88
x 87 89
x 88 90
x 89 91
+ 90 46
x 90 92
x 92 94
+ 93 40
+ 93 45
x 93 95
+ 94 36
x 94 96
+ 95 40
+ 95 45
+ 95 57
+ 96 31
+ 96 36
+ 96 49
+ 96 76
+ 97 40
+ 97 57
+ 97 71
+ 97 74
x 97 97
+ 98 31
+ 98 36
+ 98 44
x 98 98
+ 99 48
+ 99 57
+ 99 66
+ 99 71
x 99 99
+ 100 39
+ 100 44
+ 100 55
+ 100 57
+ 100 61
+ 100 64
+ 100 73
x 100 100
Case #36: 16 10
+ 1 2
+ 1 6
x 2 3
+ 2 6
x 3 4
+ 4 6
x 5 5
+ 6 3
+ 6 5
x 6 6
Case #37: 265 167
o 1 1
x 2 2
+ 2 100
x 3 3
+ 3 100
x 4 4
+ 4 100
x 5 5
+ 5 100
x 6 6
+ 6 100
x 7 7
+ 7 100
x 8 8
+ 8 100
x 9 9
+ 9 100
x 10 10
+ 10 100
x 11 11
+ 11 100
x 12 12
+ 12 100
x 13 13
+ 13 100
x 14 14
+ 14 100
x 15 15
+ 15 100
x 16 16
+ 16 100
x 17 17
+ 17 100
x 18 18
+ 18 100
x 19 19
x 20 20
+ 20 100
x 21 21
+ 21 98
x 22 22
x 23 23
+ 23 98
x 24 24
+ 24 98
x 25 25
+ 25 98
x 26 26
+ 26 98
x 27 27
+ 27 98
x 28 28
+ 28 98
x 29 29
+ 29 98
x 30 30
x 31 31
+ 31 97
+ 31 98
x 32 32
x 33 33
+ 33 97
+ 33 98
x 34 34
x 35 35
+ 35 98
x 36 36
+ 36 96
x 37 37
+ 37 98
x 38 38
x 39 39
x 40 40
+ 40 96
x 41 41
+ 41 100
x 42 42
+ 42 96
+ 42 100
x 43 43
x 44 44
x 45 45
x 46 46
+ 46 99
x 47 47
x 48 48
x 49 49
+ 49 98
x 50 50
+ 50 100
x 51 51
x 52 52
+ 52 100
x 53 53
+ 53 100
x 54 54
x 55 55
+ 55 100
x 56 56
+ 56 100
x 57 57
x 58 58
x 59 59
x 60 60
x 61 61
x 62 62
x 63 63
x 64 64
+ 64 97
x 65 65
x 66 66
+ 66 97
x 67 67
x 68 68
x 69 69
x 70 70
+ 70 94
+ 70 97
x 71 71
+ 71 100
x 72 72
x 73 73
x 74 74
x 75 75
x 76 76
x 77 77
x 78 78
x 79 79
x 80 80
x 81 81
x 82 82
x 83 83
x 84 84
x 85 85
x 86 86
x 87 87
x 88 88
x 89 89
x 90 90
x 91 91
x 92 92
x 93 93
x 94 94
+ 95 49
x 95 95
+ 96 64
x 96 96
+ 97 37
+ 97 46
+ 97 49
+ 97 52
+ 97 62
+ 97 72
x 97 97
+ 98 42
+ 98 67
x 98 98
+ 99 38
+ 99 40
+ 99 49
+ 99 55
x 99 99
+ 100 51
+ 100 57
+ 100 58
+ 100 62
x 100 100
Case #38: 139 0
Case #39: 285 214
+ 1 3
+ 1 4
+ 1 6
+ 1 9
+ 1 10
+ 1 12
+ 1 13
+ 1 14
+ 1 17
+ 1 18
+ 1 21
+ 1 22
+ 1 26
+ 1 27
+ 1 29
+ 1 33
+ 1 38
+ 1 44
+ 1 45
+ 1 47
+ 1 49
+ 1 50
+ 1 51
+ 1 52
+ 1 53
+ 1 54
+ 1 55
+ 1 58
+ 1 62
+ 1 63
+ 1 67
+ 1 68
+ 1 69
+ 1 70
+ 1 71
+ 1 72
+ 1 74
+ 1 75
+ 1 77
+ 1 79
+ 1 83
+ 1 87
+ 1 90
+ 1 91
+ 1 92
+ 1 94
+ 1 95
+ 1 97
+ 1 98
+ 1 99
+ 1 100
x 2 1
+ 2 6
+ 2 36
+ 2 83
+ 3 21
+ 3 58
+ 3 59
+ 3 87
+ 4 99
x 5 2
+ 5 12
+ 5 97
x 7 3
+ 8 4
x 9 5
+ 9 96
x 10 6
o 11 96
x 12 7
x 13 9
x 14 10
x 15 13
+ 15 94
x 16 14
x 17 15
+ 17 94
x 19 18
+ 19 94
+ 20 1
x 20 20
+ 20 100
x 21 21
+ 23 2
x 23 22
x 24 24
x 25 26
+ 25 97
x 26 27
x 28 29
x 29 31
x 30 32
+ 31 1
+ 31 96
x 33 35
+ 33 96
x 34 37
+ 35 2
x 36 38
+ 36 100
x 37 39
x 39 40
x 41 41
x 42 43
o 44 45
x 45 46
x 46 48
x 47 49
x 48 53
x 49 55
+ 51 98
x 53 57
+ 53 98
x 54 58
x 55 59
x 57 60
x 58 61
+ 58 99
+ 58 100
+ 60 99
+ 60 100
x 63 63
x 64 65
x 67 68
x 68 69
+ 69 100
x 70 70
x 71 72
+ 71 100
x 72 73
x 73 74
+ 73 100
x 74 75
x 75 77
+ 75 99
x 76 78
x 77 79
x 78 80
x 82 82
x 83 84
x 84 86
x 89 87
x 91 88
+ 92 18
x 92 90
+ 93 84
+ 93 90
+ 94 10
+ 94 18
+ 94 49
x 94 91
+ 95 38
x 95 93
+ 96 10
+ 96 18
+ 96 19
+ 96 25
+ 96 43
+ 96 69
+ 96 83
+ 96 88
+ 96 89
x 96 95
+ 97 29
+ 97 35
+ 97 48
+ 97 56
x 97 98
+ 98 10
+ 98 18
+ 98 19
+ 98 25
+ 98 26
+ 98 32
+ 98 37
+ 98 40
+ 98 43
+ 98 50
+ 98 54
+ 98 58
+ 98 63
+ 98 69
+ 98 72
+ 98 83
+ 98 88
x 98 99
+ 99 29
+ 99 35
+ 99 43
+ 99 45
+ 99 47
+ 99 48
+ 99 56
+ 99 76
+ 99 83
+ 100 18
+ 100 19
+ 100 25
+ 100 31
+ 100 37
+ 100 40
+ 100 50
+ 100 54
+ 100 62
+ 100 63
+ 100 64
+ 100 66
+ 100 68
+ 100 72
+ 100 76
+ 100 78
+ 100 80
+ 100 88
x 100 100
Case #40: 62 0
Case #41: 130 71
x 1 3
+ 1 5
+ 1 7
+ 1 9
+ 1 11
+ 1 19
+ 1 21
+ 1 22
+ 1 24
+ 1 26
+ 1 32
+ 1 34
+ 1 35
+ 1 37
+ 1 41
+ 1 45
+ 1 48
+ 2 9
+ 2 43
x 3 4
+ 3 48
+ 3 49
+ 4 1
x 5 6
x 6 7
+ 7 49
+ 8 6
x 8 8
+ 8 47
x 9 10
+ 10 3
+ 10 48
x 11 12
+ 11 48
+ 12 3
x 13 14
x 15 15
+ 17 1
+ 17 2
x 18 16
+ 18 47
+ 20 47
x 21 17
+ 21 49
x 22 19
x 24 20
x 30 21
x 36 22
x 37 23
x 39 30
x 40 31
x 41 33
x 42 34
+ 43 37
x 43 38
x 44 39
+ 45 37
x 45 41
+ 46 18
+ 46 28
+ 46 42
x 46 44
+ 47 30
+ 47 37
+ 48 14
+ 48 28
x 48 45
+ 49 11
+ 49 17
+ 49 23
+ 49 37
Case #42: 200 109
o 1 1
+ 1 2
+ 1 5
+ 1 6
+ 1 8
+ 1 9
+ 1 11
+ 1 12
+ 1 17
+ 1 20
+ 1 21
+ 1 22
+ 1 24
+ 1 28
+ 1 29
+ 1 31
+ 1 35
+ 1 36
+ 1 40
+ 1 44
+ 1 45
+ 1 51
+ 1 52
+ 1 54
+ 1 55
+ 1 56
+ 1 58
+ 1 64
+ 1 65
+ 1 70
+ 1 72
+ 1 73
+ 2 40
+ 2 49
+ 3 2
+ 3 35
x 5 2
+ 5 22
+ 5 75
x 6 4
x 7 5
+ 7 75
+ 9 75
+ 10 1
x 10 6
+ 10 75
x 11 7
+ 12 4
x 12 8
+ 12 74
+ 13 2
x 14 10
+ 14 73
+ 14 74
x 15 11
+ 16 4
+ 16 74
x 17 15
x 19 18
+ 19 75
+ 20 4
+ 22 4
x 22 22
+ 22 67
+ 22 74
x 23 23
+ 27 1
x 27 24
+ 27 75
x 28 26
x 29 27
x 32 29
x 36 31
+ 36 73
x 38 32
x 39 33
x 40 36
x 41 38
+ 42 75
x 45 40
+ 47 1
x 47 48
x 50 51
x 51 52
x 53 53
x 55 54
x 57 56
x 60 58
x 62 61
x 64 63
x 67 68
x 69 70
+ 71 32
+ 71 39
x 71 71
+ 72 34
+ 73 51
+ 73 53
+ 74 24
+ 74 34
+ 74 37
+ 74 44
+ 75 26
+ 75 32
+ 75 41
+ 75 46
+ 75 47
+ 75 48
x 75 73
Case #43: 123 0
Case #44: 268 171
o 1 1
x 2 2
+ 2 100
x 3 3
+ 3 100
x 4 4
+ 4 100
x 5 5
+ 5 100
x 6 6
+ 6 100
x 7 7
+ 7 100
x 8 8
+ 8 100
x 9 9
+ 9 100
x 10 10
+ 10 100
x 11 11
+ 11 100
x 12 12
+ 12 100
x 13 13
+ 13 100
x 14 14
+ 14 100
x 15 15
+ 15 100
x 16 16
+ 16 100
x 17 17
+ 17 100
x 18 18
+ 18 100
x 19 19
x 20 20
+ 20 99
+ 20 100
x 21 21
x 22 22
x 23 23
+ 23 98
+ 23 99
x 24 24
x 25 25
+ 25 99
x 26 26
+ 26 97
x 27 27
+ 27 99
x 28 28
+ 28 97
x 29 29
+ 29 99
x 30 30
+ 30 97
x 31 31
+ 31 99
x 32 32
x 33 33
+ 33 96
+ 33 99
x 34 34
x 35 35
x 36 36
x 37 37
x 38 38
+ 38 93
+ 38 96
x 39 39
x 40 40
+ 40 96
x 41 41
x 42 42
x 43 43
x 44 44
x 45 45
x 46 46
x 47 47
x 48 48
x 49 49
+ 49 99
x 50 50
+ 50 99
x 51 51
+ 51 99
x 52 52
x 53 53
+ 53 98
x 54 54
x 55 55
+ 55 98
x 56 56
x 57 57
x 58 58
+ 58 98
x 59 59
x 60 60
x 61 61
x 62 62
x 63 63
+ 63 100
x 64 64
+ 64 100
x 65 65
+ 65 100
x 66 66
+ 66 96
+ 66 100
x 67 67
+ 67 100
x 68 68
x 69 69
+ 69 100
x 70 70
x 71 71
x 72 72
+ 72 99
x 73 73
x 74 74
x 75 75
x 76 76
x 77 77
x 78 78
x 79 79
x 80 80
x 81 81
x 82 82
x 83 83
+ 83 94
x 84 84
x 85 85
x 86 86
x 87 87
x 88 88
x 89 89
+ 90 49
x 90 90
x 91 91
x 92 92
+ 93 62
x 93 93
+ 94 39
+ 94 47
x 94 94
+ 95 80
x 95 95
+ 96 42
+ 96 47
+ 96 61
x 96 96
+ 97 38
+ 97 47
x 97 97
+ 98 42
+ 98 47
+ 98 56
+ 98 60
+ 98 61
x 98 98
+ 99 47
+ 99 74
x 99 99
+ 100 37
+ 100 42
+ 100 47
+ 100 52
+ 100 60
+ 100 61
x 100 100
Case #45: 264 167
o 1 1
x 2 2
+ 2 100
x 3 3
+ 3 100
x 4 4
+ 4 100
x 5 5
+ 5 100
x 6 6
+ 6 100
x 7 7
+ 7 100
x 8 8
x 9 9
+ 9 99
+ 9 100
x 10 10
x 11 11
+ 11 99
+ 11 100
x 12 12
x 13 13
+ 13 100
x 14 14
+ 14 98
x 15 15
+ 15 100
x 16 16
+ 16 98
x 17 17
+ 17 100
x 18 18
+ 18 98
x 19 19
x 20 20
x 21 21
+ 21 97
+ 21 98
x 22 22
x 23 23
+ 23 97
+ 23 98
x 24 24
x 25 25
+ 25 97
+ 25 98
x 26 26
x 27 27
+ 27 97
x 28 28
x 29 29
+ 29 96
+ 29 97
x 30 30
x 31 31
+ 31 97
x 32 32
x 33 33
+ 33 94
x 34 34
+ 34 96
x 35 35
x 36 36
+ 36 93
+ 36 96
x 37 37
x 38 38
+ 38 93
+ 38 96
x 39 39
x 40 40
+ 40 96
x 41 41
x 42 42
+ 42 96
x 43 43
x 44 44
x 45 45
x 46 46
+ 46 96
x 47 47
+ 47 100
x 48 48
+ 48 96
+ 48 100
x 49 49
x 50 50
+ 50 99
x 51 51
x 52 52
+ 52 99
x 53 53
x 54 54
+ 54 100
x 55 55
+ 55 100
x 56 56
x 57 57
+ 57 99
x 58 58
x 59 59
+ 59 98
x 60 60
x 61 61
+ 61 98
x 62 62
x 63 63
+ 63 98
+ 63 99
x 64 64
x 65 65
+ 65 99
x 66 66
x 67 67
+ 67 98
+ 67 100
x 68 68
x 69 69
x 70 70
x 71 71
x 72 72
x 73 73
x 74 74
x 75 75
x 76 76
x 77 77
x 78 78
+ 78 88
x 79 79
x 80 80
x 81 81
x 82 82
x 83 83
x 84 84
x 85 85
x 86 86
x 87 87
x 88 88
x 89 89
x 90 90
x 91 91
x 92 92
+ 93 46
x 93 93
+ 94 39
x 94 94
+ 95 46
x 95 95
+ 96 39
x 96 96
+ 97 46
+ 97 61
x 97 97
+ 98 39
+ 98 48
+ 98 52
x 98 98
+ 99 41
+ 99 46
+ 99 54
x 99 99
+ 100 52
+ 100 60
+ 100 63
+ 100 68
x 100 100
Case #46: 238 0
Case #47: 267 167
o 1 1
+ 1 67
+ 1 94
x 2 2
+ 2 100
x 3 3
+ 3 100
x 4 4
+ 5 99
+ 5 100
x 6 5
x 7 6
+ 7 99
x 8 7
+ 8 99
x 9 8
+ 9 99
x 10 9
+ 10 99
+ 11 99
x 12 10
+ 12 99
x 13 11
+ 13 99
x 14 12
+ 14 99
x 15 13
+ 15 99
x 16 14
+ 16 99
x 17 15
x 18 16
+ 18 98
+ 18 99
x 19 17
+ 20 98
+ 20 99
x 21 18
x 22 19
+ 22 98
+ 22 99
x 23 20
x 24 21
+ 24 98
+ 24 99
x 25 22
x 26 24
+ 26 98
+ 26 99
x 27 25
x 28 26
+ 28 98
+ 28 99
x 29 27
x 30 28
+ 30 98
+ 30 99
x 31 29
x 32 30
x 33 31
x 34 32
+ 34 97
x 35 33
+ 35 97
+ 35 99
x 36 34
x 37 35
+ 37 96
x 38 36
x 39 37
x 40 38
x 41 39
x 42 40
x 43 41
x 44 42
+ 44 99
x 45 43
x 46 44
+ 46 99
x 47 45
+ 47 99
x 48 46
x 49 47
+ 49 99
+ 49 100
x 50 48
x 51 49
x 52 50
x 53 51
+ 53 99
x 54 52
x 55 53
+ 55 100
x 57 54
x 58 55
+ 58 100
x 59 56
+ 59 100
x 60 58
x 61 59
+ 61 100
x 62 61
x 63 62
x 64 63
x 65 64
x 66 65
x 67 66
x 68 67
x 69 68
x 71 69
x 72 70
+ 72 99
x 73 71
x 74 72
x 75 73
x 76 74
x 77 75
x 78 76
x 79 78
+ 79 91
x 80 79
x 81 81
x 82 82
x 83 83
x 84 84
x 85 85
x 86 86
x 87 87
+ 88 74
x 88 88
x 89 89
+ 90 75
x 90 90
x 91 91
+ 92 75
x 92 92
+ 93 71
x 93 93
x 94 94
+ 95 71
+ 95 74
x 95 95
+ 96 43
x 96 96
+ 97 38
+ 97 57
x 97 97
+ 98 38
+ 98 43
+ 98 44
+ 98 59
+ 98 62
+ 98 70
x 98 98
+ 99 31
+ 99 38
+ 99 41
+ 99 48
x 99 99
+ 100 38
+ 100 44
+ 100 50
+ 100 51
+ 100 53
+ 100 56
+ 100 63
x 100 100
Case #48: 111 59
x 1 1
+ 1 2
+ 1 3
+ 1 4
+ 1 9
+ 1 11
+ 1 13
+ 1 15
+ 1 19
+ 1 26
+ 1 28
+ 1 31
+ 1 33
+ 1 37
+ 1 38
+ 1 39
+ 1 42
x 2 3
+ 2 15
+ 4 3
x 5 4
+ 6 3
+ 6 41
x 7 5
x 8 8
x 9 12
+ 9 37
+ 9 42
+ 12 1
x 12 13
+ 12 41
x 14 14
+ 15 3
x 15 15
x 18 16
+ 19 3
x 20 17
+ 22 1
+ 23 42
x 26 21
x 27 22
x 29 23
x 30 27
x 31 33
x 32 34
+ 34 40
x 36 35
x 37 37
+ 39 15
+ 39 31
x 39 39
+ 41 19
+ 41 26
+ 41 31
+ 41 35
+ 42 10
+ 42 14
+ 42 24
x 42 41
Case #49: 194 0
Case #50: 13 6
+ 1 1
+ 1 2
+ 1 5
+ 3 5
x 4 5
+ 5 4
Case #51: 276 176
+ 1 11
+ 1 15
+ 1 22
+ 1 24
+ 1 33
+ 1 35
+ 1 42
+ 1 49
+ 1 51
+ 1 57
+ 1 59
+ 1 62
+ 1 65
+ 1 72
+ 1 73
+ 1 74
+ 1 79
+ 1 83
+ 1 84
+ 1 85
+ 1 94
+ 1 95
+ 1 96
+ 1 97
+ 2 8
+ 2 31
+ 2 45
+ 2 51
+ 2 57
+ 2 100
+ 3 25
+ 3 100
x 4 3
+ 5 22
x 6 4
+ 6 98
x 7 6
+ 7 98
+ 8 98
x 9 8
+ 9 98
+ 10 98
x 11 9
+ 11 98
x 12 12
+ 12 98
+ 13 9
+ 13 98
x 15 15
x 16 17
+ 16 96
x 17 19
+ 17 96
x 18 21
x 19 23
+ 19 95
+ 19 96
x 20 25
+ 21 96
x 22 27
x 23 29
x 24 30
x 27 31
x 28 32
+ 28 90
+ 29 99
x 30 33
+ 31 1
+ 31 99
+ 31 100
x 32 35
x 33 37
+ 33 100
x 34 38
x 36 39
x 37 40
x 38 41
x 39 42
+ 40 99
+ 40 100
x 42 43
x 43 44
x 44 45
+ 44 98
x 46 46
x 47 47
x 48 50
x 49 51
+ 49 95
x 51 52
+ 51 95
+ 51 98
x 52 53
x 53 56
x 55 57
x 56 59
+ 58 100
+ 60 100
x 62 60
+ 62 100
x 63 64
+ 63 100
x 64 65
x 66 67
+ 66 99
x 67 68
x 68 70
x 69 71
x 70 73
x 71 74
x 73 75
+ 75 1
x 76 76
x 79 77
x 80 81
x 81 82
x 83 83
x 84 84
+ 85 90
x 86 85
x 87 86
x 89 87
+ 92 28
+ 92 40
x 92 88
+ 93 30
+ 94 28
+ 94 86
x 94 89
+ 95 30
+ 95 57
+ 95 81
x 95 91
+ 96 20
+ 96 23
+ 96 38
+ 96 39
+ 96 47
x 96 92
+ 97 27
+ 97 30
+ 97 57
+ 97 81
x 97 94
+ 98 23
+ 98 38
+ 98 43
+ 98 47
+ 98 50
+ 98 53
+ 98 71
+ 98 72
+ 98 76
x 98 95
+ 99 27
+ 99 38
+ 99 56
+ 99 58
+ 99 60
+ 99 62
+ 99 74
+ 99 78
x 99 97
+ 100 29
+ 100 38
+ 100 47
+ 100 50
+ 100 53
+ 100 56
+ 100 64
+ 100 66
+ 100 67
+ 100 68
+ 100 71
+ 100 72
x 100 100
Case #52: 86 0
Case #53: 172 95
+ 1 2
+ 1 3
o 1 4
+ 1 5
+ 1 6
+ 1 9
+ 1 11
+ 1 13
+ 1 18
+ 1 22
+ 1 24
+ 1 28
+ 1 30
+ 1 33
+ 1 38
+ 1 39
+ 1 41
+ 1 47
+ 1 50
+ 1 56
+ 1 58
+ 1 59
+ 1 61
+ 1 62
+ 1 64
+ 1 65
x 2 5
+ 2 36
+ 2 43
+ 2 54
x 3 6
+ 3 65
x 5 10
+ 5 64
x 6 11
+ 7 1
+ 7 2
+ 8 64
+ 9 62
x 10 12
+ 12 63
+ 14 2
x 14 13
+ 14 64
+ 15 62
+ 16 1
x 16 15
+ 16 64
x 17 16
+ 17 62
+ 18 2
+ 21 60
+ 22 5
+ 23 3
x 24 17
x 25 18
x 28 19
x 29 21
x 30 22
+ 31 2
x 31 27
x 32 29
+ 32 65
x 33 30
x 35 31
x 36 32
+ 36 62
x 38 33
x 39 34
x 40 35
+ 43 3
x 44 36
x 45 39
x 47 43
x 49 45
x 50 49
o 51 50
x 54 51
x 55 52
x 56 54
+ 60 23
x 60 55
+ 61 30
x 61 56
x 62 60
+ 63 27
+ 64 25
+ 64 31
+ 64 42
+ 65 27
+ 65 31
+ 65 35
+ 65 39
+ 65 40
x 65 65
Case #54: 264 169
o 1 1
x 2 2
+ 2 100
x 3 3
+ 3 100
x 4 4
+ 4 100
x 5 5
+ 5 100
x 6 6
+ 6 100
x 7 7
+ 7 100
x 8 8
+ 8 100
x 9 9
+ 9 100
x 10 10
+ 10 100
x 11 11
+ 11 100
x 12 12
+ 12 100
x 13 13
+ 13 100
x 14 14
+ 14 100
x 15 15
+ 15 100
x 16 16
+ 16 100
x 17 17
+ 17 100
x 18 18
x 19 19
+ 19 99
+ 19 100
x 20 20
x 21 21
+ 21 99
+ 21 100
x 22 22
x 23 23
+ 23 99
x 24 24
+ 24 99
x 25 25
+ 25 99
x 26 26
+ 26 99
x 27 27
+ 27 99
x 28 28
+ 28 99
x 29 29
+ 29 99
x 30 30
+ 30 99
x 31 31
+ 31 99
x 32 32
+ 32 99
x 33 33
+ 33 99
x 34 34
+ 34 99
x 35 35
+ 35 99
x 36 36
+ 36 99
x 37 37
x 38 38
+ 38 98
x 39 39
+ 39 98
x 40 40
x 41 41
+ 41 97
+ 41 98
x 42 42
x 43 43
x 44 44
x 45 45
+ 45 100
x 46 46
+ 46 97
+ 46 100
x 47 47
x 48 48
x 49 49
+ 49 99
x 50 50
x 51 51
+ 51 100
x 52 52
x 53 53
x 54 54
+ 54 99
x 55 55
+ 55 99
x 56 56
x 57 57
x 58 58
+ 58 99
+ 58 100
x 59 59
x 60 60
x 61 61
x 62 62
x 63 63
+ 63 99
x 64 64
x 65 65
x 66 66
x 67 67
x 68 68
+ 68 95
x 69 69
x 70 70
+ 70 95
x 71 71
x 72 72
x 73 73
x 74 74
+ 74 96
x 75 75
x 76 76
x 77 77
x 78 78
x 79 79
x 80 80
x 81 81
x 82 82
x 83 83
x 84 84
x 85 85
x 86 86
x 87 87
x 88 88
x 89 89
x 90 90
x 91 91
x 92 92
+ 93 71
+ 93 74
x 93 93
+ 94 65
x 94 94
+ 95 71
x 95 95
+ 96 73
x 96 96
+ 97 47
+ 97 64
x 97 97
+ 98 42
+ 98 49
+ 98 52
x 98 98
x 99 99
+ 100 41
+ 100 42
+ 100 49
+ 100 52
+ 100 55
+ 100 56
+ 100 60
+ 100 68
x 100 100
Case #55: 153 89
+ 1 2
+ 1 4
+ 1 5
+ 1 7
+ 1 8
+ 1 9
+ 1 10
+ 1 13
+ 1 14
+ 1 19
+ 1 23
+ 1 25
+ 1 27
+ 1 28
+ 1 33
+ 1 37
+ 1 38
+ 1 44
+ 1 45
+ 1 47
+ 1 48
+ 1 49
+ 1 50
+ 1 51
+ 1 52
+ 1 53
+ 1 55
+ 1 56
+ 1 57
x 2 3
+ 2 25
x 3 5
+ 3 13
+ 3 44
+ 4 3
x 4 6
+ 4 57
x 5 7
+ 5 26
+ 8 5
o 8 10
x 9 11
+ 10 52
x 11 12
+ 13 4
+ 13 53
x 15 13
+ 15 54
+ 16 3
+ 16 54
+ 19 2
x 19 14
x 20 15
+ 20 55
x 21 17
x 22 19
+ 22 52
+ 23 56
x 24 22
x 26 26
+ 29 1
x 30 28
+ 32 1
x 35 31
x 36 34
x 37 36
x 38 37
x 39 38
x 40 39
x 43 41
x 45 44
x 48 45
x 51 47
+ 53 45
x 53 52
+ 54 50
x 54 54
+ 55 25
+ 55 34
+ 55 37
+ 55 45
+ 56 31
+ 56 40
x 56 55
+ 57 25
+ 57 31
+ 57 33
+ 57 37
+ 57 45
Case #56: 178 0
Case #57: 293 234
o 1 2
+ 1 3
+ 1 4
+ 1 5
+ 1 6
+ 1 7
+ 1 8
+ 1 11
+ 1 12
+ 1 13
+ 1 14
+ 1 15
+ 1 16
+ 1 18
+ 1 19
+ 1 20
+ 1 21
+ 1 22
+ 1 23
+ 1 24
+ 1 25
+ 1 26
+ 1 27
+ 1 28
+ 1 29
+ 1 30
+ 1 31
+ 1 32
+ 1 33
+ 1 34
+ 1 35
+ 1 36
+ 1 38
+ 1 39
+ 1 40
+ 1 41
+ 1 42
+ 1 43
+ 1 44
+ 1 46
+ 1 47
+ 1 48
+ 1 49
+ 1 50
+ 1 51
+ 1 52
+ 1 53
+ 1 54
+ 1 55
+ 1 56
+ 1 57
+ 1 58
+ 1 59
+ 1 60
+ 1 61
+ 1 62
+ 1 63
+ 1 65
+ 1 66
+ 1 67
+ 1 68
+ 1 69
+ 1 70
+ 1 71
+ 1 72
+ 1 73
+ 1 74
+ 1 75
+ 1 76
+ 1 77
+ 1 78
+ 1 79
+ 1 80
+ 1 81
+ 1 82
+ 1 83
+ 1 84
+ 1 85
+ 1 86
+ 1 87
+ 1 88
+ 1 90
+ 1 91
+ 1 94
+ 1 95
+ 1 96
+ 1 97
+ 1 98
+ 1 99
+ 1 100
x 2 3
x 3 4
x 4 8
+ 5 97
+ 6 4
x 6 10
+ 6 97
+ 10 1
x 10 12
x 11 15
+ 11 99
x 13 16
x 15 17
x 16 18
+ 17 1
x 19 19
x 21 20
x 24 21
x 25 24
x 33 25
x 34 27
x 37 28
+ 37 100
x 38 29
x 40 30
x 43 32
x 49 33
x 50 34
x 51 36
x 52 42
x 54 43
+ 54 98
x 55 49
x 56 52
x 57 53
+ 62 98
x 64 58
x 65 59
x 68 65
x 70 66
x 71 68
x 72 69
x 74 70
x 75 74
x 78 77
x 79 78
x 81 79
x 83 80
x 84 81
x 85 83
x 86 84
x 89 88
x 90 89
x 93 91
x 94 92
+ 96 10
+ 96 16
+ 96 22
+ 96 28
+ 96 34
+ 96 40
+ 96 46
o 96 93
+ 97 51
+ 97 85
+ 97 91
+ 98 6
+ 98 7
+ 98 10
+ 98 13
+ 98 16
+ 98 19
+ 98 22
+ 98 25
+ 98 28
+ 98 31
+ 98 34
+ 98 35
+ 98 40
+ 98 46
+ 98 56
+ 98 65
+ 98 71
+ 98 75
+ 98 81
+ 98 87
+ 98 88
+ 98 93
o 98 94
+ 98 97
+ 99 10
+ 99 16
+ 99 22
+ 99 28
+ 99 51
+ 99 59
+ 99 68
+ 99 75
+ 99 77
+ 99 78
+ 99 79
+ 99 81
+ 99 84
+ 99 85
+ 99 91
x 99 99
+ 100 7
+ 100 13
+ 100 16
+ 100 19
+ 100 22
+ 100 25
+ 100 28
+ 100 31
+ 100 34
+ 100 35
+ 100 39
+ 100 40
+ 100 41
+ 100 43
+ 100 45
+ 100 46
+ 100 47
+ 100 49
+ 100 51
+ 100 53
+ 100 55
+ 100 56
+ 100 57
+ 100 59
+ 100 61
+ 100 62
+ 100 64
+ 100 65
+ 100 66
+ 100 68
+ 100 70
+ 100 71
+ 100 72
+ 100 75
+ 100 81
+ 100 87
+ 100 93
x 100 100
Case #58: 137 72
+ 1 1
x 1 2
+ 1 3
+ 1 4
+ 1 5
+ 1 6
+ 1 9
+ 1 12
+ 1 14
+ 1 16
+ 1 17
+ 1 23
+ 1 26
+ 1 28
+ 1 29
+ 1 32
+ 1 34
+ 1 35
+ 1 38
+ 1 39
+ 1 40
+ 1 43
+ 1 46
+ 1 48
+ 1 49
+ 1 51
+ 3 20
+ 3 35
+ 4 50
+ 5 3
+ 8 1
+ 8 4
+ 10 4
x 10 10
+ 10 51
+ 11 51
x 13 11
x 14 13
+ 14 49
x 17 14
+ 17 47
x 21 18
x 22 19
+ 24 50
x 26 20
x 27 25
+ 28 3
+ 28 51
x 29 31
x 31 32
+ 31 49
x 32 34
x 34 35
+ 34 48
x 36 37
+ 36 45
x 37 38
x 38 39
x 39 42
x 42 50
+ 43 30
+ 47 28
+ 47 31
+ 47 37
+ 48 20
+ 48 37
+ 49 16
x 49 51
+ 50 16
+ 50 20
+ 50 21
+ 50 27
Case #59: 298 198
+ 1 1
+ 1 2
+ 1 3
+ 1 4
+ 1 5
+ 1 6
+ 1 7
+ 1 8
+ 1 9
+ 1 10
+ 1 11
+ 1 12
+ 1 13
+ 1 14
+ 1 15
+ 1 16
+ 1 17
+ 1 18
+ 1 19
+ 1 20
+ 1 21
+ 1 22
+ 1 23
+ 1 24
+ 1 25
+ 1 26
+ 1 27
+ 1 28
+ 1 29
+ 1 30
+ 1 31
+ 1 32
+ 1 33
+ 1 34
+ 1 35
+ 1 36
+ 1 37
+ 1 38
+ 1 39
+ 1 40
+ 1 41
+ 1 42
+ 1 43
+ 1 44
+ 1 45
+ 1 46
+ 1 47
+ 1 48
+ 1 49
+ 1 50
+ 1 51
+ 1 52
+ 1 53
+ 1 54
+ 1 55
+ 1 56
+ 1 57
+ 1 58
+ 1 59
+ 1 60
+ 1 61
+ 1 62
+ 1 63
+ 1 64
+ 1 65
+ 1 66
+ 1 67
+ 1 68
o 1 69
+ 1 70
+ 1 71
+ 1 72
+ 1 73
+ 1 74
+ 1 75
+ 1 76
+ 1 77
+ 1 78
+ 1 79
+ 1 80
+ 1 81
+ 1 82
+ 1 83
+ 1 84
+ 1 85
+ 1 86
+ 1 87
+ 1 88
+ 1 89
+ 1 90
+ 1 91
+ 1 92
+ 1 93
+ 1 94
+ 1 95
+ 1 96
+ 1 97
+ 1 98
+ 1 99
+ 1 100
+ 100 2
+ 100 3
+ 100 4
+ 100 5
+ 100 6
+ 100 7
o 100 8
+ 100 9
+ 100 10
+ 100 11
+ 100 12
+ 100 13
+ 100 14
+ 100 15
+ 100 16
+ 100 17
+ 100 18
+ 100 19
+ 100 20
+ 100 21
+ 100 22
+ 100 23
+ 100 24
+ 100 25
+ 100 26
+ 100 27
+ 100 28
+ 100 29
+ 100 30
+ 100 31
+ 100 32
+ 100 33
+ 100 34
+ 100 35
+ 100 36
+ 100 37
+ 100 38
+ 100 39
+ 100 40
+ 100 41
+ 100 42
+ 100 43
+ 100 44
+ 100 45
+ 100 46
+ 100 47
+ 100 48
+ 100 49
+ 100 50
+ 100 51
+ 100 52
+ 100 53
+ 100 54
+ 100 55
+ 100 56
+ 100 57
+ 100 58
+ 100 59
+ 100 60
+ 100 61
+ 100 62
+ 100 63
+ 100 64
+ 100 65
+ 100 66
+ 100 67
+ 100 68
+ 100 69
+ 100 70
+ 100 71
+ 100 72
+ 100 73
+ 100 74
+ 100 75
+ 100 76
+ 100 77
+ 100 78
+ 100 79
+ 100 80
+ 100 81
+ 100 82
+ 100 83
+ 100 84
+ 100 85
+ 100 86
+ 100 87
+ 100 88
+ 100 89
+ 100 90
+ 100 91
+ 100 92
+ 100 93
+ 100 94
+ 100 95
+ 100 96
+ 100 97
+ 100 98
+ 100 99
Case #60: 159 84
+ 1 5
+ 1 8
+ 1 9
+ 1 11
+ 1 16
+ 1 18
+ 1 19
+ 1 20
+ 1 21
+ 1 25
+ 1 29
+ 1 32
+ 1 33
+ 1 35
+ 1 36
+ 1 37
+ 1 39
+ 1 41
+ 1 45
+ 1 47
+ 1 51
+ 1 60
o 2 1
+ 2 55
+ 2 60
+ 3 1
+ 3 29
+ 3 50
+ 4 25
+ 4 46
+ 4 60
+ 6 1
+ 6 2
+ 9 2
x 10 2
+ 10 4
+ 11 56
+ 12 1
x 12 5
+ 13 3
x 13 8
x 14 10
+ 15 58
x 16 11
+ 17 1
x 17 12
+ 18 57
x 20 13
x 21 14
+ 21 58
x 23 22
x 26 25
x 27 28
x 29 29
+ 31 60
x 35 30
+ 35 57
x 37 33
x 38 37
x 40 38
x 42 39
x 44 42
x 47 45
x 49 48
x 50 49
x 53 50
+ 55 38
x 55 51
+ 56 24
+ 56 30
x 56 52
+ 57 13
x 57 53
+ 58 18
+ 58 24
+ 58 36
+ 58 40
x 58 57
+ 59 45
+ 59 47
+ 60 14
+ 60 18
+ 60 30
+ 60 36
Case #61: 270 175
o 1 1
x 2 2
+ 2 100
x 3 3
+ 3 100
x 4 4
+ 4 100
x 5 5
+ 5 100
x 6 6
x 7 7
+ 7 99
+ 7 100
x 8 8
x 9 9
+ 9 99
+ 9 100
x 10 10
x 11 11
+ 11 99
+ 11 100
x 12 12
x 13 13
+ 13 99
+ 13 100
x 14 14
x 15 15
+ 15 99
+ 15 100
x 16 16
x 17 17
+ 17 99
x 18 18
x 19 19
+ 19 99
x 20 20
x 21 21
+ 21 96
x 22 22
+ 22 98
x 23 23
x 24 24
+ 24 98
x 25 25
+ 25 94
x 26 26
x 27 27
+ 27 94
+ 27 97
x 28 28
x 29 29
+ 29 94
x 30 30
+ 30 96
x 31 31
+ 31 94
x 32 32
x 33 33
+ 33 94
x 34 34
+ 34 96
x 35 35
x 36 36
+ 36 100
x 37 37
+ 37 95
x 38 38
x 39 39
x 40 40
x 41 41
+ 41 92
x 42 42
+ 42 99
x 43 43
x 44 44
+ 44 100
x 45 45
+ 45 98
x 46 46
+ 46 100
x 47 47
x 48 48
+ 48 100
x 49 49
x 50 50
x 51 51
+ 51 100
x 52 52
x 53 53
+ 53 100
x 54 54
x 55 55
+ 55 100
x 56 56
x 57 57
+ 57 99
+ 57 100
x 58 58
x 59 59
+ 59 100
x 60 60
+ 60 100
x 61 61
x 62 62
x 63 63
x 64 64
x 65 65
x 66 66
x 67 67
x 68 68
+ 68 100
x 69 69
x 70 70
+ 70 97
x 71 71
x 72 72
x 73 73
x 74 74
x 75 75
+ 75 99
x 76 76
+ 76 99
x 77 77
x 78 78
x 79 79
x 80 80
x 81 81
+ 81 96
x 82 82
x 83 83
x 84 84
x 85 85
x 86 86
x 87 87
x 88 88
x 89 89
x 90 90
+ 91 78
x 91 91
x 92 92
+ 93 42
x 93 93
+ 94 51
+ 94 77
x 94 94
+ 95 42
x 95 95
+ 96 33
+ 96 42
+ 96 51
x 96 96
+ 97 31
+ 97 55
x 97 97
+ 98 33
+ 98 42
+ 98 51
x 98 98
+ 99 35
+ 99 40
+ 99 51
+ 99 59
+ 99 73
x 99 99
+ 100 42
+ 100 54
+ 100 61
+ 100 62
+ 100 63
+ 100 64
+ 100 65
+ 100 66
+ 100 70
+ 100 73
x 100 100
Case #62: 292 284
o 1 1
+ 1 2
+ 1 3
+ 1 5
+ 1 6
+ 1 7
+ 1 8
+ 1 9
+ 1 10
+ 1 11
+ 1 12
+ 1 14
+ 1 15
+ 1 16
+ 1 17
+ 1 18
+ 1 19
+ 1 20
+ 1 21
+ 1 22
+ 1 23
+ 1 24
+ 1 25
+ 1 26
+ 1 27
+ 1 28
+ 1 29
+ 1 30
+ 1 31
+ 1 32
+ 1 33
+ 1 34
+ 1 35
+ 1 36
+ 1 37
+ 1 38
+ 1 39
+ 1 40
+ 1 41
+ 1 42
+ 1 43
+ 1 44
+ 1 45
+ 1 46
+ 1 47
+ 1 48
+ 1 49
+ 1 50
+ 1 51
+ 1 52
+ 1 53
+ 1 55
+ 1 56
+ 1 57
+ 1 58
+ 1 59
+ 1 60
+ 1 61
+ 1 62
+ 1 63
+ 1 64
+ 1 65
+ 1 66
+ 1 67
+ 1 68
+ 1 69
+ 1 72
+ 1 73
+ 1 74
+ 1 75
+ 1 76
+ 1 77
+ 1 78
+ 1 79
+ 1 80
+ 1 81
+ 1 82
+ 1 83
+ 1 85
+ 1 86
+ 1 87
+ 1 89
+ 1 90
+ 1 91
+ 1 92
+ 1 94
+ 1 95
+ 1 96
+ 1 97
+ 1 98
+ 1 99
x 2 2
+ 3 2
x 3 3
x 4 4
x 5 5
+ 5 97
x 6 6
x 7 7
x 8 8
x 9 9
x 10 10
x 11 11
+ 11 94
x 12 12
x 13 13
+ 13 100
x 14 14
x 15 15
x 16 16
x 17 17
x 18 18
x 19 19
x 20 20
x 21 21
x 22 22
x 23 23
x 24 24
x 25 25
x 26 26
x 27 27
x 28 28
x 29 29
+ 29 99
x 30 30
+ 30 99
x 31 31
x 32 32
x 33 33
x 34 34
x 35 35
x 36 36
x 37 37
x 38 38
x 39 39
x 40 40
x 41 41
x 42 42
x 43 43
x 44 44
x 45 45
x 46 46
x 47 47
x 48 48
x 49 49
x 50 50
x 51 51
x 52 52
+ 53 2
x 53 53
x 54 54
x 55 55
x 56 56
x 57 57
x 58 58
x 59 59
x 60 60
x 61 61
x 62 62
x 63 63
x 64 64
x 65 65
x 66 66
x 67 67
x 68 68
x 69 69
x 70 70
x 71 71
x 72 72
x 73 73
x 74 74
x 75 75
x 76 76
x 77 77
x 78 78
x 79 79
x 80 80
x 81 81
x 82 82
x 83 83
x 84 84
x 85 85
x 86 86
x 87 87
x 88 88
+ 88 100
x 89 89
x 90 90
x 91 91
x 92 92
x 93 93
x 94 94
x 95 95
+ 96 11
+ 96 88
+ 96 91
+ 96 94
x 96 96
+ 97 6
+ 97 57
+ 97 63
+ 97 69
+ 97 75
+ 97 78
+ 97 81
+ 97 84
+ 97 94
x 97 97
+ 98 6
+ 98 11
+ 98 12
+ 98 17
+ 98 18
+ 98 23
+ 98 24
+ 98 42
+ 98 48
+ 98 55
+ 98 60
+ 98 61
+ 98 66
+ 98 67
+ 98 72
+ 98 75
+ 98 78
+ 98 81
+ 98 84
+ 98 87
+ 98 88
+ 98 94
x 98 98
+ 99 9
+ 99 15
+ 99 20
+ 99 21
+ 99 26
+ 99 27
+ 99 28
+ 99 45
+ 99 50
+ 99 51
+ 99 52
+ 99 53
+ 99 58
+ 99 63
+ 99 64
+ 99 69
+ 99 70
+ 99 72
+ 99 75
+ 99 78
+ 99 81
+ 99 84
+ 99 90
x 99 99
+ 100 6
+ 100 11
+ 100 12
+ 100 17
+ 100 18
+ 100 23
+ 100 24
+ 100 30
+ 100 31
+ 100 32
+ 100 33
+ 100 34
+ 100 35
+ 100 36
+ 100 37
+ 100 38
+ 100 39
+ 100 41
+ 100 42
+ 100 43
+ 100 45
+ 100 47
+ 100 48
+ 100 55
+ 100 56
+ 100 61
+ 100 67
+ 100 94
x 100 100
Case #63: 270 172
o 1 1
x 2 2
+ 2 100
x 3 3
+ 3 100
x 4 4
+ 4 100
x 5 5
+ 5 100
x 6 6
+ 6 100
x 7 7
+ 7 100
x 8 8
+ 8 100
x 9 9
+ 9 100
x 10 10
+ 10 100
x 11 11
x 12 12
+ 12 100
x 13 13
+ 13 98
x 14 14
+ 14 100
x 15 15
+ 15 98
x 16 16
+ 16 100
x 17 17
+ 17 98
x 18 18
+ 18 100
x 19 19
+ 19 98
x 20 20
+ 20 100
x 21 21
+ 21 98
x 22 22
+ 22 100
x 23 23
+ 23 98
x 24 24
+ 24 100
x 25 25
+ 25 98
x 26 26
x 27 27
+ 27 98
+ 27 99
x 28 28
x 29 29
+ 29 98
+ 29 99
x 30 30
x 31 31
+ 31 99
x 32 32
x 33 33
x 34 34
+ 34 97
+ 34 100
x 35 35
+ 35 100
x 36 36
x 37 37
+ 37 99
x 38 38
x 39 39
x 40 40
+ 40 100
x 41 41
+ 41 100
x 42 42
x 43 43
x 44 44
x 45 45
+ 45 100
x 46 46
+ 46 98
x 47 47
x 48 48
x 49 49
+ 49 97
x 50 50
x 51 51
x 52 52
+ 52 99
x 53 53
x 54 54
+ 54 99
+ 54 100
x 55 55
+ 55 93
x 56 56
+ 56 100
x 57 57
+ 57 100
x 58 58
+ 58 100
x 59 59
+ 59 100
x 60 60
x 61 61
x 62 62
+ 62 99
x 63 63
x 64 64
+ 64 99
x 65 65
x 66 66
x 67 67
x 68 68
x 69 69
x 70 70
x 71 71
x 72 72
+ 72 96
x 73 73
+ 73 92
x 74 74
x 75 75
+ 75 95
x 76 76
x 77 77
+ 77 95
x 78 78
+ 78 89
x 79 79
+ 79 95
x 80 80
x 81 81
x 82 82
x 83 83
+ 83 86
x 84 84
x 85 85
x 86 86
x 87 87
x 88 88
x 89 89
x 90 90
+ 91 69
x 91 91
x 92 92
x 93 93
x 94 94
+ 95 60
+ 95 67
x 95 95
+ 96 54
x 96 96
+ 97 79
x 97 97
+ 98 31
+ 98 35
+ 98 39
+ 98 44
+ 98 66
x 98 98
+ 99 53
x 99 99
+ 100 32
+ 100 38
+ 100 39
+ 100 43
+ 100 47
+ 100 49
+ 100 66
x 100 100
Case #64: 211 117
+ 1 1
+ 1 3
+ 1 5
+ 1 6
+ 1 8
+ 1 9
+ 1 12
+ 1 18
+ 1 19
+ 1 21
+ 1 25
+ 1 26
+ 1 28
+ 1 31
+ 1 32
+ 1 33
+ 1 36
+ 1 38
+ 1 42
+ 1 43
+ 1 46
+ 1 49
+ 1 51
+ 1 57
+ 1 58
+ 1 61
+ 1 62
+ 1 63
+ 1 65
+ 1 67
+ 1 68
+ 1 71
+ 1 77
x 2 2
+ 2 3
+ 2 77
x 3 5
+ 3 22
+ 4 77
x 5 7
+ 5 77
+ 6 2
+ 6 77
x 7 9
+ 8 23
+ 9 6
x 11 11
+ 12 2
x 12 14
x 13 16
+ 13 71
+ 14 77
+ 16 70
x 18 18
x 19 19
x 21 20
+ 21 73
+ 21 76
+ 22 2
+ 23 12
x 23 22
x 25 24
+ 26 73
x 27 27
+ 28 72
x 29 28
x 30 29
+ 30 76
x 31 31
+ 35 1
+ 37 77
x 38 33
+ 38 77
x 39 34
x 40 36
+ 40 76
+ 43 2
x 44 37
x 47 39
x 49 43
x 50 46
x 52 48
x 54 50
x 56 51
x 57 52
x 60 55
x 62 57
x 63 59
x 64 63
x 65 65
x 66 68
+ 67 54
x 67 70
x 68 72
+ 69 54
+ 74 37
x 74 73
+ 75 21
+ 75 27
+ 75 28
+ 75 33
+ 75 45
+ 75 50
x 75 74
+ 76 25
+ 76 33
+ 76 48
+ 76 60
x 76 77
+ 77 27
+ 77 28
+ 77 33
+ 77 41
+ 77 50
+ 77 51
+ 77 53
+ 77 55
Case #65: 251 141
+ 1 2
+ 1 3
+ 1 4
+ 1 5
+ 1 6
+ 1 9
+ 1 12
+ 1 13
+ 1 14
+ 1 16
+ 1 17
+ 1 22
+ 1 25
+ 1 26
+ 1 27
+ 1 34
+ 1 35
+ 1 40
+ 1 41
+ 1 42
+ 1 45
+ 1 47
+ 1 49
+ 1 52
+ 1 53
+ 1 54
o 1 62
+ 1 64
+ 1 72
+ 1 74
+ 1 76
+ 1 79
+ 1 82
+ 1 83
+ 1 84
+ 1 86
+ 1 87
+ 1 88
+ 1 89
+ 1 90
+ 1 91
x 2 6
+ 2 29
+ 2 37
+ 2 66
+ 2 74
x 3 7
+ 3 68
x 4 10
+ 5 3
+ 5 4
x 5 11
+ 6 90
+ 7 4
x 8 12
+ 9 88
+ 9 89
+ 11 1
x 12 14
+ 12 88
+ 13 8
x 14 17
+ 16 9
+ 16 86
x 17 18
x 18 19
+ 19 87
+ 20 2
x 20 23
+ 22 2
x 22 24
+ 23 10
x 23 25
+ 23 85
x 25 26
+ 26 86
+ 28 2
x 29 28
+ 30 2
x 30 29
+ 32 15
x 32 30
+ 32 82
x 33 31
x 34 32
x 35 33
x 36 34
+ 36 93
x 38 35
+ 38 93
x 41 36
+ 42 3
x 42 39
x 43 41
x 44 43
x 46 44
x 47 53
x 48 54
+ 50 1
x 50 56
x 52 58
x 54 61
x 55 64
+ 57 89
+ 60 1
x 61 66
x 62 67
x 64 68
x 66 70
x 68 73
x 72 74
x 73 75
x 76 76
x 77 78
x 79 79
+ 80 59
+ 82 34
+ 83 49
+ 84 61
+ 84 69
x 84 81
x 85 82
x 86 84
+ 87 35
+ 87 49
x 87 85
+ 88 47
+ 88 59
x 88 90
x 89 91
+ 90 50
+ 90 59
x 90 92
+ 92 25
+ 92 27
+ 92 31
+ 92 45
+ 93 40
+ 93 51
+ 93 58
+ 93 61
Case #66: 39 0
Case #67: 224 122
+ 1 1
x 1 2
+ 1 3
+ 1 5
+ 1 6
+ 1 7
+ 1 8
+ 1 9
+ 1 12
+ 1 14
+ 1 15
+ 1 20
+ 1 25
+ 1 30
+ 1 32
+ 1 36
+ 1 38
+ 1 39
+ 1 42
+ 1 43
+ 1 44
+ 1 51
+ 1 55
+ 1 56
+ 1 57
+ 1 58
+ 1 59
+ 1 60
+ 1 62
+ 1 64
+ 1 65
+ 1 67
+ 1 70
+ 1 71
+ 1 74
+ 1 76
+ 1 82
+ 1 83
+ 2 1
x 2 4
+ 2 22
+ 2 25
+ 2 46
x 3 8
+ 3 51
+ 4 1
+ 4 66
+ 4 83
+ 6 84
+ 7 5
x 7 9
+ 7 84
+ 8 84
+ 10 4
x 10 11
x 11 12
x 12 15
+ 12 83
+ 12 84
x 13 18
+ 14 3
+ 15 3
+ 16 3
x 16 19
+ 17 3
x 20 21
x 22 24
x 23 27
+ 24 6
x 24 29
x 26 30
+ 26 79
+ 28 79
+ 29 3
x 29 31
+ 31 3
x 32 32
+ 33 3
+ 34 1
x 34 33
x 37 34
x 38 37
+ 40 2
x 42 38
x 43 39
x 46 41
+ 47 2
o 47 42
x 50 43
x 52 44
x 53 52
x 54 53
+ 55 82
+ 56 6
x 56 54
x 58 56
x 61 58
x 62 59
x 65 61
x 66 64
x 68 65
x 69 67
x 70 70
x 72 71
x 73 72
x 74 73
+ 75 23
x 76 74
x 77 75
+ 78 41
+ 79 25
+ 79 54
+ 80 41
+ 81 54
+ 82 33
+ 82 36
+ 82 40
x 82 82
+ 83 43
+ 84 33
+ 84 41
+ 84 48
Case #68: 271 173
o 1 1
x 2 2
+ 2 100
x 3 3
+ 3 100
x 4 4
+ 4 100
x 5 5
+ 5 100
x 6 6
+ 6 100
x 7 7
+ 7 100
x 8 8
+ 8 100
x 9 9
+ 9 100
x 10 10
+ 10 100
x 11 11
+ 11 100
x 12 12
+ 12 100
x 13 13
+ 13 100
x 14 14
+ 14 100
x 15 15
x 16 16
+ 16 99
+ 16 100
x 17 17
x 18 18
+ 18 99
+ 18 100
x 19 19
x 20 20
+ 20 99
+ 20 100
x 21 21
x 22 22
+ 22 100
x 23 23
+ 23 98
x 24 24
+ 24 100
x 25 25
+ 25 98
x 26 26
+ 26 100
x 27 27
+ 27 98
x 28 28
x 29 29
+ 29 98
+ 29 99
x 30 30
x 31 31
+ 31 99
x 32 32
x 33 33
x 34 34
+ 34 98
x 35 35
x 36 36
+ 36 95
+ 36 98
x 37 37
+ 37 98
x 38 38
x 39 39
x 40 40
+ 40 98
+ 40 100
x 41 41
x 42 42
x 43 43
+ 43 94
x 44 44
+ 44 99
+ 44 100
x 45 45
x 46 46
+ 46 99
+ 46 100
x 47 47
x 48 48
x 49 49
x 50 50
+ 50 100
x 51 51
x 52 52
+ 52 99
+ 52 100
x 53 53
x 54 54
+ 54 99
+ 54 100
x 55 55
x 56 56
+ 56 99
+ 56 100
x 57 57
x 58 58
x 59 59
x 60 60
x 61 61
x 62 62
x 63 63
+ 63 100
x 64 64
x 65 65
x 66 66
+ 66 98
+ 66 99
x 67 67
x 68 68
x 69 69
+ 69 98
x 70 70
x 71 71
x 72 72
+ 72 100
x 73 73
x 74 74
x 75 75
x 76 76
+ 76 92
x 77 77
x 78 78
x 79 79
x 80 80
x 81 81
x 82 82
x 83 83
x 84 84
x 85 85
x 86 86
x 87 87
x 88 88
x 89 89
x 90 90
x 91 91
x 92 92
x 93 93
x 94 94
+ 95 64
+ 95 76
+ 95 80
x 95 95
+ 96 43
+ 96 51
+ 96 74
x 96 96
+ 97 36
x 97 97
+ 98 31
x 98 98
+ 99 37
+ 99 42
+ 99 43
+ 99 61
+ 99 63
+ 99 70
x 99 99
+ 100 48
+ 100 49
+ 100 57
+ 100 58
+ 100 61
+ 100 66
+ 100 73
x 100 100
Case #69: 14 0
Case #70: 243 136
+ 1 8
+ 1 9
+ 1 10
+ 1 11
+ 1 15
+ 1 16
+ 1 17
+ 1 18
+ 1 20
+ 1 21
+ 1 26
o 1 32
+ 1 34
+ 1 35
+ 1 41
+ 1 44
+ 1 45
+ 1 46
+ 1 49
+ 1 50
+ 1 57
+ 1 61
+ 1 62
+ 1 64
+ 1 67
+ 1 68
+ 1 69
+ 1 70
+ 1 71
+ 1 72
+ 1 74
+ 1 78
+ 1 79
+ 1 84
+ 1 85
+ 1 86
+ 1 91
o 2 1
+ 2 91
+ 3 1
+ 3 49
+ 4 1
+ 4 25
+ 5 1
+ 5 91
+ 6 1
x 6 5
x 7 6
+ 8 89
x 9 7
+ 9 91
x 10 9
+ 10 89
+ 11 2
x 11 11
+ 13 1
+ 13 2
+ 15 90
x 16 12
x 17 15
+ 18 2
+ 19 91
x 20 17
x 21 20
+ 22 2
x 23 22
+ 24 2
+ 24 7
x 25 24
x 26 25
+ 26 90
x 27 28
+ 27 82
x 30 29
+ 31 3
x 31 31
+ 31 90
x 32 35
+ 33 90
+ 34 4
x 34 38
+ 34 88
+ 35 2
x 35 39
x 36 40
x 38 41
+ 38 91
x 40 42
x 41 43
+ 42 1
x 45 45
+ 48 1
x 48 50
+ 48 90
+ 51 3
+ 52 1
x 52 51
x 53 52
+ 53 90
x 54 54
x 56 56
x 57 57
x 62 58
x 64 59
+ 65 2
x 66 61
x 67 63
x 68 72
x 71 74
x 77 75
x 78 76
x 80 77
x 81 79
x 83 81
+ 84 29
x 84 85
+ 86 21
+ 86 29
+ 87 37
+ 87 52
+ 87 58
x 87 87
+ 88 29
x 88 89
+ 89 22
+ 89 37
+ 89 53
x 89 91
+ 90 29
+ 90 45
+ 90 47
+ 90 51
+ 91 42
+ 91 49
+ 91 60
+ 91 68
Case #71: 294 286
o 1 1
+ 1 2
+ 1 3
+ 1 4
+ 1 6
+ 1 7
+ 1 8
+ 1 9
+ 1 10
+ 1 11
+ 1 12
+ 1 13
+ 1 14
+ 1 15
+ 1 16
+ 1 18
+ 1 19
+ 1 20
+ 1 21
+ 1 22
+ 1 23
+ 1 24
+ 1 25
+ 1 27
+ 1 28
+ 1 29
+ 1 31
+ 1 32
+ 1 33
+ 1 34
+ 1 35
+ 1 36
+ 1 37
+ 1 39
+ 1 40
+ 1 41
+ 1 42
+ 1 43
+ 1 44
+ 1 45
+ 1 46
+ 1 47
+ 1 48
+ 1 49
+ 1 50
+ 1 51
+ 1 52
+ 1 53
+ 1 54
+ 1 55
+ 1 56
+ 1 57
+ 1 58
+ 1 59
+ 1 60
+ 1 61
+ 1 62
+ 1 63
+ 1 64
+ 1 65
+ 1 66
+ 1 67
+ 1 68
+ 1 69
+ 1 72
+ 1 73
+ 1 74
+ 1 76
+ 1 77
+ 1 78
+ 1 79
+ 1 80
+ 1 81
+ 1 82
+ 1 83
+ 1 84
+ 1 85
+ 1 86
+ 1 87
+ 1 88
+ 1 89
+ 1 90
+ 1 91
+ 1 92
+ 1 93
+ 1 94
+ 1 95
+ 1 96
+ 1 97
+ 1 98
+ 1 99
+ 1 100
x 2 2
x 3 3
+ 4 2
x 4 4
x 5 5
x 6 6
x 7 7
x 8 8
x 9 9
x 10 10
x 11 11
x 12 12
x 13 13
x 14 14
x 15 15
x 16 16
x 18 17
x 19 18
x 20 19
x 21 20
x 22 21
x 23 22
x 24 24
+ 25 2
x 25 25
x 26 26
+ 26 100
x 27 27
x 28 28
x 29 29
x 30 30
+ 30 99
x 31 31
x 32 32
x 33 33
x 34 34
x 35 35
x 36 36
x 37 37
x 38 38
x 39 39
x 40 40
x 41 41
x 42 42
x 43 43
x 44 44
x 45 45
x 46 46
x 47 47
x 48 49
x 49 50
x 50 51
x 51 52
x 52 53
x 53 54
x 54 55
x 55 56
x 57 57
x 58 58
x 59 59
x 60 60
x 61 61
x 62 62
+ 62 99
x 63 63
x 64 64
x 65 65
x 66 66
x 67 67
x 68 68
x 69 69
+ 69 98
x 70 70
+ 71 1
x 71 71
x 72 72
x 73 73
x 74 74
x 75 75
x 76 76
x 77 77
x 78 78
x 79 79
x 80 80
x 81 81
x 82 82
x 83 83
x 84 84
+ 84 100
x 85 85
x 86 86
x 87 87
x 88 88
x 89 89
x 90 90
x 91 91
x 92 92
x 93 93
+ 94 27
x 94 94
+ 95 8
+ 95 14
+ 95 20
x 95 95
+ 96 27
+ 96 35
+ 96 45
+ 96 51
+ 96 59
x 96 96
+ 97 8
+ 97 14
+ 97 20
+ 97 40
+ 97 96
x 97 97
+ 98 4
+ 98 10
+ 98 16
+ 98 22
+ 98 27
+ 98 34
+ 98 35
+ 98 40
+ 98 45
+ 98 46
+ 98 50
+ 98 51
+ 98 54
+ 98 55
+ 98 59
+ 98 60
+ 98 65
+ 98 66
+ 98 72
+ 98 78
+ 98 79
+ 98 82
+ 98 85
+ 98 91
x 98 98
+ 99 7
+ 99 8
+ 99 13
+ 99 14
+ 99 19
+ 99 20
+ 99 25
+ 99 31
+ 99 37
+ 99 40
+ 99 43
+ 99 57
+ 99 63
+ 99 69
+ 99 75
+ 99 82
+ 99 88
x 99 99
+ 100 4
+ 100 10
+ 100 16
+ 100 22
+ 100 27
+ 100 28
+ 100 34
+ 100 35
+ 100 40
+ 100 45
+ 100 46
+ 100 50
+ 100 51
+ 100 54
+ 100 59
+ 100 60
+ 100 65
+ 100 66
+ 100 69
+ 100 71
+ 100 72
+ 100 73
+ 100 75
+ 100 78
+ 100 79
+ 100 82
+ 100 85
+ 100 86
+ 100 88
+ 100 90
+ 100 91
+ 100 92
+ 100 94
+ 100 96
x 100 100
Case #72: 282 190
+ 1 2
+ 1 8
+ 1 9
+ 1 10
+ 1 11
+ 1 13
+ 1 14
+ 1 15
+ 1 19
+ 1 20
+ 1 21
+ 1 23
+ 1 24
+ 1 26
+ 1 27
+ 1 28
+ 1 31
+ 1 32
+ 1 34
+ 1 36
+ 1 37
+ 1 38
+ 1 39
+ 1 41
+ 1 42
+ 1 51
+ 1 52
+ 1 53
+ 1 55
+ 1 57
+ 1 58
+ 1 63
+ 1 67
+ 1 69
+ 1 72
+ 1 73
+ 1 74
+ 1 75
+ 1 80
+ 1 81
+ 1 83
+ 1 85
+ 1 87
+ 1 90
+ 1 91
+ 1 93
+ 1 94
+ 1 95
+ 1 97
+ 1 98
+ 1 99
+ 1 100
x 3 1
+ 3 20
x 4 3
+ 4 99
+ 5 1
x 5 5
x 6 7
+ 6 12
+ 7 95
+ 7 98
x 8 8
x 9 11
+ 10 97
+ 12 97
x 13 12
x 14 15
+ 14 97
x 15 20
x 16 22
+ 16 97
x 17 24
x 19 31
+ 19 96
x 21 35
x 22 37
+ 22 98
x 23 40
+ 25 100
+ 26 96
x 27 41
x 28 43
x 30 45
+ 31 100
+ 33 100
x 34 46
+ 34 98
+ 35 100
x 36 48
+ 37 97
+ 38 99
+ 39 2
+ 39 97
x 40 49
o 42 2
+ 44 2
+ 44 99
x 45 50
+ 46 99
+ 48 1
x 52 52
+ 52 100
x 54 55
+ 54 100
x 55 58
+ 55 100
x 59 62
+ 60 1
x 60 63
x 61 64
x 65 68
+ 65 99
x 67 70
+ 67 99
x 69 71
+ 70 98
x 71 72
x 74 75
+ 75 99
x 76 76
x 77 77
+ 79 94
x 82 78
+ 82 93
x 83 79
x 87 82
+ 89 19
x 89 85
x 90 87
+ 91 19
x 91 88
+ 92 85
x 92 89
+ 93 11
+ 93 19
+ 93 31
+ 93 74
+ 93 85
x 93 90
+ 94 85
+ 95 11
+ 95 19
+ 95 31
+ 95 63
+ 95 74
+ 95 89
x 95 91
+ 96 23
+ 96 31
x 96 93
+ 97 19
+ 97 31
+ 97 42
o 97 51
+ 97 63
+ 97 66
+ 97 68
+ 97 73
+ 97 83
+ 98 19
+ 98 23
+ 98 40
+ 98 46
+ 98 73
+ 98 78
+ 98 83
x 98 95
+ 99 19
+ 99 30
+ 99 31
+ 99 42
+ 99 43
+ 99 54
+ 99 73
+ 99 83
+ 100 23
+ 100 40
+ 100 46
+ 100 47
+ 100 49
+ 100 50
+ 100 51
+ 100 56
+ 100 57
+ 100 59
+ 100 61
+ 100 62
+ 100 83
x 100 97
Case #73: 269 173
x 1 1
x 2 2
+ 2 100
x 3 3
+ 3 100
x 4 4
+ 4 100
x 5 5
+ 5 100
x 6 6
+ 6 100
x 7 7
+ 7 100
x 8 8
+ 8 100
x 9 9
x 10 10
+ 10 99
+ 10 100
x 11 11
x 12 12
+ 12 99
+ 12 100
o 13 13
x 14 14
+ 14 99
x 15 15
+ 15 99
x 16 16
+ 16 99
x 17 18
+ 17 99
x 18 19
+ 18 99
x 19 20
+ 19 99
x 20 21
+ 20 99
x 21 22
+ 21 99
x 22 23
+ 22 99
x 23 24
+ 23 99
x 24 26
+ 24 99
x 25 27
x 26 28
+ 26 99
x 27 29
+ 27 97
x 28 30
x 29 31
+ 29 98
x 30 32
+ 30 96
x 31 33
+ 31 98
x 32 34
+ 32 96
x 33 35
x 34 36
+ 34 96
x 35 37
x 36 38
+ 36 96
x 37 39
+ 38 95
+ 38 96
x 39 40
x 40 41
+ 40 99
x 41 42
+ 41 95
x 42 43
x 43 44
x 44 45
x 45 46
+ 45 100
x 46 48
x 47 49
+ 47 95
+ 47 100
x 48 50
+ 48 100
x 49 51
+ 49 100
x 50 52
+ 50 100
x 51 53
x 52 54
x 53 55
x 54 56
+ 54 99
+ 54 100
x 55 57
x 56 58
+ 56 99
x 57 59
x 58 60
+ 58 98
+ 58 99
x 59 61
x 60 62
+ 60 98
+ 60 99
x 61 63
x 62 64
x 63 65
x 64 66
x 65 67
x 66 68
+ 66 99
+ 66 100
x 67 69
x 68 70
x 69 71
+ 69 100
x 70 72
x 71 73
+ 71 97
+ 71 100
x 72 74
x 73 75
x 74 76
+ 74 96
x 75 77
x 76 78
+ 76 99
x 77 79
x 78 80
+ 78 99
x 79 81
+ 79 93
x 80 82
x 81 83
x 82 84
x 83 85
x 84 86
x 86 87
x 87 88
x 88 89
x 89 90
x 90 91
x 91 92
+ 92 70
x 92 93
x 93 94
x 94 95
x 95 96
+ 96 39
+ 96 42
+ 96 45
+ 96 48
+ 96 78
x 96 97
+ 97 34
x 97 98
+ 98 48
+ 98 78
+ 99 38
+ 99 44
+ 99 52
+ 99 53
+ 99 62
+ 99 64
x 99 99
+ 100 40
+ 100 60
+ 100 64
+ 100 67
+ 100 73
x 100 100
Case #74: 279 179
o 1 1
+ 1 8
+ 1 10
+ 1 12
+ 1 14
+ 1 16
+ 1 19
+ 1 33
+ 1 34
+ 1 38
+ 1 42
+ 1 45
+ 1 46
+ 1 47
+ 1 48
+ 1 51
+ 1 52
+ 1 53
+ 1 57
+ 1 58
+ 1 59
+ 1 60
+ 1 63
+ 1 64
+ 1 66
+ 1 68
+ 1 70
+ 1 73
+ 1 74
+ 1 75
+ 1 76
+ 1 80
+ 1 81
+ 1 82
+ 1 84
+ 1 88
+ 1 89
+ 1 92
+ 1 93
+ 1 94
+ 1 95
+ 1 97
+ 1 99
+ 1 100
+ 2 4
x 3 2
+ 3 15
+ 3 41
+ 3 100
x 4 4
x 5 6
x 6 9
+ 6 96
x 8 10
+ 8 97
+ 9 95
x 11 11
+ 11 95
+ 11 96
+ 13 95
x 14 13
+ 15 4
x 15 15
+ 16 93
+ 16 94
+ 17 4
x 18 17
x 19 21
+ 20 91
+ 22 1
x 22 22
x 23 23
+ 24 2
x 24 24
x 25 25
+ 26 1
x 26 27
+ 26 90
x 29 28
+ 29 99
x 30 29
x 32 35
+ 32 98
x 33 36
x 38 41
+ 38 99
x 39 43
+ 39 99
x 40 45
+ 42 97
+ 43 97
x 44 46
+ 44 97
+ 47 96
+ 50 98
x 52 47
x 53 49
x 57 50
+ 58 97
x 59 52
x 60 53
x 61 54
+ 61 96
x 63 56
x 64 59
+ 64 100
x 65 62
x 66 64
+ 66 100
x 67 70
+ 68 95
+ 69 100
+ 71 100
x 72 71
+ 72 100
x 73 76
x 74 78
x 76 79
+ 77 100
x 78 80
x 79 83
+ 80 100
x 83 85
+ 89 36
+ 90 23
+ 91 36
x 91 86
+ 92 23
+ 92 26
+ 93 36
+ 93 81
+ 94 18
+ 94 23
+ 94 26
+ 94 55
+ 95 36
+ 95 37
+ 95 81
x 95 88
+ 96 18
+ 96 23
+ 96 26
+ 96 62
+ 96 72
x 96 90
+ 97 48
+ 97 57
+ 97 62
+ 97 68
x 97 91
+ 98 23
+ 98 26
+ 98 35
+ 98 36
+ 98 44
+ 98 53
+ 98 62
+ 98 80
+ 98 81
+ 98 83
x 98 92
+ 99 47
+ 99 48
+ 99 57
+ 99 62
+ 99 68
+ 99 76
x 99 94
+ 100 23
+ 100 26
+ 100 35
+ 100 36
+ 100 44
+ 100 50
+ 100 52
+ 100 53
+ 100 62
+ 100 70
+ 100 73
Case #75: 298 236
+ 1 1
+ 1 2
+ 1 3
+ 1 4
+ 1 5
+ 1 6
+ 1 7
+ 1 8
+ 1 9
+ 1 10
+ 1 11
+ 1 12
+ 1 13
+ 1 14
+ 1 15
+ 1 16
+ 1 17
+ 1 18
+ 1 19
+ 1 20
+ 1 21
+ 1 22
+ 1 23
+ 1 24
+ 1 25
+ 1 26
+ 1 27
+ 1 28
+ 1 29
+ 1 30
+ 1 31
+ 1 32
+ 1 33
+ 1 34
+ 1 35
+ 1 36
+ 1 37
+ 1 38
+ 1 39
+ 1 40
+ 1 41
+ 1 42
+ 1 43
+ 1 44
+ 1 45
o 1 46
+ 1 47
+ 1 48
+ 1 49
+ 1 50
+ 1 51
+ 1 52
+ 1 53
+ 1 54
+ 1 55
+ 1 56
+ 1 57
+ 1 58
+ 1 59
+ 1 60
+ 1 61
+ 1 62
+ 1 63
+ 1 64
+ 1 65
+ 1 66
+ 1 67
+ 1 68
+ 1 69
+ 1 70
+ 1 71
+ 1 72
+ 1 73
+ 1 74
+ 1 75
+ 1 76
+ 1 77
+ 1 78
+ 1 79
+ 1 80
+ 1 81
+ 1 82
+ 1 83
+ 1 84
+ 1 85
+ 1 86
+ 1 87
+ 1 88
+ 1 89
+ 1 90
+ 1 91
+ 1 92
+ 1 93
+ 1 94
+ 1 95
+ 1 96
+ 1 97
+ 1 98
+ 1 99
+ 1 100
x 3 4
x 14 7
x 16 8
x 19 12
x 21 13
x 24 14
x 26 16
x 35 17
x 38 18
x 39 28
x 40 29
x 41 30
x 42 31
x 46 33
x 47 41
x 50 42
x 53 45
x 57 47
x 58 48
x 59 50
x 62 51
x 64 53
x 66 54
x 67 62
x 68 63
x 70 66
x 72 74
x 75 76
x 77 82
x 81 83
x 82 84
x 84 85
x 89 87
x 94 88
x 95 92
x 96 93
x 97 94
x 99 99
+ 100 2
+ 100 3
+ 100 4
+ 100 5
o 100 6
+ 100 7
+ 100 8
+ 100 9
+ 100 10
+ 100 11
+ 100 12
+ 100 13
+ 100 14
+ 100 15
+ 100 16
+ 100 17
+ 100 18
+ 100 19
+ 100 20
+ 100 21
+ 100 22
+ 100 23
+ 100 24
+ 100 25
+ 100 26
+ 100 27
+ 100 28
+ 100 29
+ 100 30
+ 100 31
+ 100 32
+ 100 33
+ 100 34
+ 100 35
+ 100 36
+ 100 37
+ 100 38
+ 100 39
+ 100 40
+ 100 41
+ 100 42
+ 100 43
+ 100 44
+ 100 45
+ 100 46
+ 100 47
+ 100 48
+ 100 49
+ 100 50
+ 100 51
+ 100 52
+ 100 53
+ 100 54
+ 100 55
+ 100 56
+ 100 57
+ 100 58
+ 100 59
+ 100 60
+ 100 61
+ 100 62
+ 100 63
+ 100 64
+ 100 65
+ 100 66
+ 100 67
+ 100 68
+ 100 69
+ 100 70
+ 100 71
+ 100 72
+ 100 73
+ 100 74
+ 100 75
+ 100 76
+ 100 77
+ 100 78
+ 100 79
+ 100 80
+ 100 81
+ 100 82
+ 100 83
+ 100 84
+ 100 85
+ 100 86
+ 100 87
+ 100 88
+ 100 89
+ 100 90
+ 100 91
+ 100 92
+ 100 93
+ 100 94
+ 100 95
+ 100 96
+ 100 97
+ 100 98
+ 100 99
Case #76: 276 176
+ 1 3
+ 1 4
+ 1 12
+ 1 19
+ 1 23
+ 1 25
+ 1 26
+ 1 28
+ 1 31
+ 1 35
+ 1 43
+ 1 44
+ 1 47
+ 1 50
+ 1 56
+ 1 59
+ 1 64
+ 1 66
+ 1 67
+ 1 69
+ 1 70
+ 1 72
+ 1 73
+ 1 75
+ 1 76
+ 1 77
+ 1 78
+ 1 80
+ 1 81
+ 1 86
+ 1 92
+ 1 97
x 2 2
+ 2 9
+ 2 19
+ 2 86
+ 2 100
x 3 4
+ 3 35
+ 3 81
+ 3 100
+ 4 3
+ 5 99
+ 5 100
x 6 6
+ 7 3
x 7 7
+ 7 99
+ 9 98
+ 9 99
+ 10 7
x 10 8
+ 11 98
+ 11 99
x 12 10
x 13 15
x 14 16
+ 14 97
x 15 17
+ 16 7
x 16 20
+ 16 97
x 19 22
x 20 23
x 21 27
+ 21 94
x 22 28
x 24 29
+ 25 89
x 27 30
x 28 32
+ 28 98
+ 29 2
x 30 33
+ 31 98
x 32 36
x 34 37
x 35 38
x 37 40
+ 38 100
x 39 43
+ 39 100
x 40 45
+ 40 100
x 41 48
+ 41 100
x 42 49
x 43 50
+ 44 98
+ 45 2
x 45 53
+ 45 98
x 46 55
+ 46 98
+ 47 98
x 48 56
x 50 57
x 51 58
x 52 59
+ 52 99
+ 55 99
x 56 62
x 57 64
+ 59 100
x 60 65
x 62 67
+ 62 100
+ 63 100
x 64 72
x 66 73
+ 66 99
x 67 75
x 68 77
x 69 78
+ 69 100
x 71 79
x 72 81
x 73 82
x 75 84
x 76 85
+ 76 96
+ 77 100
x 78 86
x 83 87
x 84 88
x 85 89
x 87 92
x 89 93
+ 90 26
+ 91 37
x 91 95
+ 92 26
+ 92 79
+ 93 28
+ 93 37
+ 94 18
+ 94 39
+ 94 80
+ 95 22
+ 95 25
+ 95 28
+ 95 37
+ 95 71
+ 96 39
+ 96 77
+ 96 80
+ 97 22
+ 97 25
+ 97 28
+ 97 34
+ 97 37
+ 97 53
+ 97 58
+ 97 71
+ 98 48
+ 98 51
+ 98 58
+ 98 63
+ 98 66
+ 99 25
+ 99 28
+ 99 37
+ 99 38
+ 99 48
+ 99 53
+ 99 54
+ 99 58
+ 99 61
+ 99 76
x 99 96
+ 100 48
+ 100 58
+ 100 67
+ 100 70
+ 100 78
x 100 99
Case #77: 259 140
o 1 2
+ 1 3
+ 1 5
+ 1 6
+ 1 9
+ 1 10
+ 1 13
+ 1 16
+ 1 17
+ 1 18
+ 1 25
+ 1 26
+ 1 29
+ 1 31
+ 1 32
+ 1 33
+ 1 39
+ 1 42
+ 1 43
+ 1 44
+ 1 46
+ 1 48
+ 1 53
+ 1 57
+ 1 61
+ 1 62
+ 1 64
+ 1 70
+ 1 71
+ 1 78
+ 1 79
+ 1 82
+ 1 83
+ 1 84
+ 1 87
+ 1 89
+ 1 91
+ 1 94
+ 1 95
+ 1 96
+ 2 13
+ 2 29
+ 3 47
x 4 3
+ 4 62
+ 4 69
+ 4 95
+ 4 96
x 6 5
+ 7 1
x 7 6
+ 7 96
+ 8 1
x 8 9
+ 10 2
x 10 10
+ 10 94
+ 10 97
x 11 11
+ 14 2
+ 14 94
+ 15 6
x 17 12
+ 18 2
x 18 17
+ 18 94
+ 18 97
+ 19 4
x 20 18
+ 20 94
+ 21 4
+ 21 96
x 22 20
+ 22 94
+ 23 1
x 23 25
+ 23 96
+ 26 2
x 26 27
+ 26 94
+ 28 9
x 28 28
x 29 29
x 30 30
+ 30 96
+ 31 8
x 31 31
+ 31 90
+ 32 4
+ 33 8
+ 34 4
x 36 32
x 40 35
+ 41 96
x 42 37
+ 43 96
x 44 43
x 45 45
x 46 46
+ 47 4
x 48 47
x 49 48
+ 54 2
x 54 50
+ 54 94
x 56 56
x 57 57
x 65 58
x 66 60
x 67 62
x 69 66
x 70 68
x 71 71
x 75 73
x 76 75
x 77 80
x 78 84
x 80 89
x 86 90
x 87 91
+ 89 53
+ 90 63
+ 92 33
+ 93 37
+ 93 38
+ 93 61
x 93 92
x 94 93
+ 95 38
+ 95 56
+ 95 60
+ 95 61
o 95 94
+ 96 33
x 96 96
+ 97 43
+ 97 46
+ 97 49
+ 97 50
x 97 97
Case #78: 136 0
Case #79: 171 98
+ 1 1
+ 1 4
+ 1 6
+ 1 7
+ 1 8
+ 1 12
+ 1 13
+ 1 15
+ 1 17
+ 1 18
+ 1 20
+ 1 23
+ 1 24
+ 1 26
+ 1 27
+ 1 29
+ 1 33
+ 1 35
+ 1 36
+ 1 37
+ 1 41
+ 1 42
+ 1 43
+ 1 48
+ 1 50
+ 1 51
+ 1 53
+ 1 54
+ 1 55
+ 1 58
+ 1 59
+ 1 62
+ 1 63
o 2 1
+ 2 20
+ 2 39
+ 3 1
x 4 4
+ 4 64
+ 5 53
+ 6 61
+ 8 2
+ 8 3
x 10 5
x 11 6
+ 12 58
x 13 14
+ 13 58
+ 14 1
+ 16 1
x 16 16
+ 17 60
x 18 17
x 19 18
+ 21 2
x 22 19
+ 23 3
+ 25 63
+ 27 2
x 29 20
x 32 23
x 33 24
+ 34 64
x 35 25
+ 35 64
x 36 26
x 40 33
+ 45 1
x 46 34
x 48 38
x 50 42
x 51 45
+ 51 61
x 53 48
x 55 49
x 57 50
+ 58 20
x 58 54
+ 59 13
+ 59 22
+ 60 20
+ 61 22
x 61 55
+ 62 30
+ 62 46
x 62 58
+ 63 21
+ 63 22
+ 63 27
+ 63 32
+ 63 34
x 63 60
+ 64 29
+ 64 30
+ 64 36
+ 64 38
+ 64 42
x 64 64
Case #80: 295 294
o 1 1
+ 1 2
+ 1 3
+ 1 4
+ 1 5
+ 1 6
+ 1 7
+ 1 8
+ 1 9
+ 1 10
+ 1 11
+ 1 12
+ 1 13
+ 1 14
+ 1 15
+ 1 16
+ 1 17
+ 1 18
+ 1 19
+ 1 20
+ 1 21
+ 1 22
+ 1 23
+ 1 24
+ 1 25
+ 1 26
+ 1 27
+ 1 28
+ 1 29
+ 1 30
+ 1 31
+ 1 32
+ 1 33
+ 1 34
+ 1 35
+ 1 36
+ 1 37
+ 1 38
+ 1 39
+ 1 40
+ 1 41
+ 1 42
+ 1 43
+ 1 44
+ 1 45
+ 1 46
+ 1 47
+ 1 48
+ 1 49
+ 1 50
+ 1 51
+ 1 52
+ 1 53
+ 1 54
+ 1 55
+ 1 56
+ 1 57
+ 1 58
+ 1 59
+ 1 60
+ 1 61
+ 1 62
+ 1 63
+ 1 64
+ 1 65
+ 1 66
+ 1 67
+ 1 68
+ 1 69
+ 1 70
+ 1 71
+ 1 72
+ 1 73
+ 1 74
+ 1 75
+ 1 76
+ 1 77
+ 1 78
+ 1 79
+ 1 80
+ 1 81
+ 1 82
+ 1 83
+ 1 84
+ 1 85
+ 1 86
+ 1 87
+ 1 88
+ 1 89
+ 1 90
+ 1 91
+ 1 92
+ 1 93
+ 1 94
+ 1 95
+ 1 96
+ 1 97
+ 1 98
+ 1 99
x 2 2
x 3 3
x 4 4
x 5 5
x 6 6
x 7 7
x 8 8
x 9 9
x 10 10
x 11 11
x 12 12
x 13 13
x 14 14
x 15 15
x 16 16
x 17 17
x 18 18
x 19 19
x 20 20
x 21 21
x 22 22
x 23 23
x 24 24
x 25 25
x 26 26
x 27 27
x 28 28
x 29 29
x 30 30
x 31 31
x 32 32
x 33 33
x 34 34
x 35 35
x 36 36
x 37 37
x 38 38
x 39 39
x 40 40
x 41 41
x 42 42
x 43 43
x 44 44
x 45 45
x 46 46
x 47 47
x 48 48
x 49 49
x 50 50
x 51 51
x 52 52
x 53 53
x 54 54
x 55 55
x 56 56
x 57 57
x 58 58
x 59 59
x 60 60
x 61 61
x 62 62
x 63 63
x 64 64
x 65 65
x 66 66
x 67 67
x 68 68
x 69 69
x 70 70
x 71 71
x 72 72
x 73 73
x 74 74
x 75 75
x 76 76
x 77 77
x 78 78
x 79 79
x 80 80
x 81 81
x 82 82
x 83 83
x 84 84
x 85 85
x 86 86
x 87 87
x 88 88
x 89 89
x 90 90
x 91 91
x 92 92
x 93 93
x 94 94
x 95 95
x 96 96
x 97 97
x 98 98
+ 99 2
+ 99 3
+ 99 4
+ 99 5
+ 99 6
+ 99 7
+ 99 8
+ 99 9
+ 99 10
+ 99 11
+ 99 12
+ 99 13
+ 99 14
+ 99 15
+ 99 16
+ 99 17
+ 99 18
+ 99 19
+ 99 20
+ 99 21
+ 99 22
+ 99 23
+ 99 24
+ 99 25
+ 99 26
+ 99 27
+ 99 28
+ 99 29
+ 99 30
+ 99 31
+ 99 32
+ 99 33
+ 99 34
+ 99 35
+ 99 36
+ 99 37
+ 99 38
+ 99 39
+ 99 40
+ 99 41
+ 99 42
+ 99 43
+ 99 44
+ 99 45
+ 99 46
+ 99 47
+ 99 48
+ 99 49
+ 99 50
+ 99 51
+ 99 52
+ 99 53
+ 99 54
+ 99 55
+ 99 56
+ 99 57
+ 99 58
+ 99 59
+ 99 60
+ 99 61
+ 99 62
+ 99 63
+ 99 64
+ 99 65
+ 99 66
+ 99 67
+ 99 68
+ 99 69
+ 99 70
+ 99 71
+ 99 72
+ 99 73
+ 99 74
+ 99 75
+ 99 76
+ 99 77
+ 99 78
+ 99 79
+ 99 80
+ 99 81
+ 99 82
+ 99 83
+ 99 84
+ 99 85
+ 99 86
+ 99 87
+ 99 88
+ 99 89
+ 99 90
+ 99 91
+ 99 92
+ 99 93
+ 99 94
+ 99 95
+ 99 96
+ 99 97
+ 99 98
x 99 99
Case #81: 172 89
+ 1 1
+ 1 4
+ 1 5
+ 1 7
+ 1 9
+ 1 12
+ 1 13
+ 1 14
+ 1 19
+ 1 20
+ 1 22
+ 1 25
+ 1 28
+ 1 31
+ 1 34
+ 1 37
+ 1 39
+ 1 46
+ 1 49
+ 1 51
+ 1 57
+ 1 60
+ 1 61
+ 1 62
+ 1 63
+ 2 28
+ 2 66
+ 3 13
+ 3 66
+ 4 21
+ 4 50
+ 5 2
x 6 1
+ 6 64
x 7 4
+ 8 3
x 8 6
+ 9 66
+ 10 64
+ 13 4
x 14 10
+ 16 6
x 16 11
+ 16 60
+ 17 66
+ 18 6
x 18 15
+ 18 60
x 19 18
+ 20 60
+ 21 6
x 21 20
+ 22 65
+ 24 65
x 25 26
x 26 29
x 27 39
+ 27 66
+ 28 9
x 28 42
x 29 44
x 30 45
+ 31 2
x 31 46
+ 31 65
x 33 47
x 34 48
+ 34 66
x 41 49
x 42 50
x 44 51
x 45 55
x 46 56
x 47 61
x 58 63
+ 61 29
+ 61 36
+ 61 43
+ 61 44
x 61 64
+ 62 46
+ 63 23
o 63 36
+ 63 43
+ 65 29
+ 65 37
x 65 65
+ 66 22
x 66 66
Case #82: 277 177
+ 1 4
+ 1 10
+ 1 23
+ 1 26
+ 1 27
+ 1 32
+ 1 35
+ 1 41
+ 1 44
+ 1 46
+ 1 48
+ 1 50
+ 1 51
+ 1 52
+ 1 56
+ 1 57
+ 1 63
+ 1 65
o 1 68
+ 1 71
+ 1 72
+ 1 73
+ 1 75
+ 1 80
+ 1 83
+ 1 84
+ 1 88
+ 1 89
+ 1 91
+ 1 94
+ 1 95
+ 1 97
+ 1 100
x 2 1
+ 2 8
+ 2 100
+ 3 23
+ 3 41
+ 3 100
+ 5 1
+ 5 41
+ 5 100
x 6 2
+ 6 98
+ 8 1
+ 8 99
x 9 3
x 10 6
+ 10 96
+ 10 99
+ 11 1
+ 12 96
x 13 9
+ 13 98
x 14 10
+ 15 2
x 15 11
+ 15 95
x 16 14
+ 16 97
x 17 16
+ 17 95
x 18 18
+ 19 95
+ 19 96
x 20 19
x 21 22
+ 21 96
x 22 25
x 23 26
+ 23 96
x 26 27
+ 26 92
x 27 28
x 28 29
x 29 31
+ 29 94
+ 30 98
+ 31 100
x 32 35
x 34 36
x 35 37
x 37 38
x 38 39
+ 38 99
x 39 40
+ 39 99
x 40 41
+ 40 99
x 41 44
+ 41 99
+ 42 99
x 45 50
x 46 53
+ 46 99
+ 46 100
x 47 56
+ 49 1
x 50 57
x 51 58
+ 53 1
x 53 59
+ 54 100
x 55 60
x 56 62
x 57 63
x 58 65
x 59 66
x 60 67
x 61 70
+ 61 98
+ 62 94
x 64 71
+ 64 94
+ 65 98
+ 65 100
x 66 76
x 67 78
x 69 81
+ 70 99
x 71 83
x 72 85
+ 73 100
x 74 86
x 76 87
+ 76 99
+ 78 96
+ 79 100
x 81 88
+ 81 95
x 84 89
x 86 91
x 87 93
+ 92 74
+ 93 27
+ 94 36
+ 94 54
+ 95 21
+ 95 27
+ 95 30
+ 95 73
+ 96 36
+ 96 54
+ 96 64
+ 96 82
+ 97 24
+ 97 27
+ 97 30
+ 97 36
+ 97 73
x 97 95
+ 98 36
+ 98 64
+ 98 73
+ 98 79
+ 98 83
x 98 98
+ 99 27
+ 99 30
+ 99 36
+ 99 43
+ 99 45
+ 99 53
+ 100 36
+ 100 43
+ 100 47
+ 100 49
+ 100 51
+ 100 53
+ 100 55
+ 100 57
+ 100 61
+ 100 64
+ 100 67
+ 100 72
+ 100 83
x 100 100
Case #83: 298 206
+ 1 1
+ 1 2
+ 1 3
+ 1 4
+ 1 5
+ 1 6
+ 1 7
+ 1 8
o 1 9
+ 1 10
+ 1 11
+ 1 12
+ 1 13
+ 1 14
+ 1 15
+ 1 16
+ 1 17
+ 1 18
+ 1 19
+ 1 20
+ 1 21
+ 1 22
+ 1 23
+ 1 24
+ 1 25
+ 1 26
+ 1 27
+ 1 28
+ 1 29
+ 1 30
+ 1 31
+ 1 32
+ 1 33
+ 1 34
+ 1 35
+ 1 36
+ 1 37
+ 1 38
+ 1 39
+ 1 40
+ 1 41
+ 1 42
+ 1 43
+ 1 44
+ 1 45
+ 1 46
+ 1 47
+ 1 48
+ 1 49
+ 1 50
+ 1 51
+ 1 52
+ 1 53
+ 1 54
+ 1 55
+ 1 56
+ 1 57
+ 1 58
+ 1 59
+ 1 60
+ 1 61
+ 1 62
+ 1 63
+ 1 64
+ 1 65
+ 1 66
+ 1 67
+ 1 68
+ 1 69
+ 1 70
+ 1 71
+ 1 72
+ 1 73
+ 1 74
+ 1 75
+ 1 76
+ 1 77
+ 1 78
+ 1 79
+ 1 80
+ 1 81
+ 1 82
+ 1 83
+ 1 84
+ 1 85
+ 1 86
+ 1 87
+ 1 88
+ 1 89
+ 1 90
+ 1 91
+ 1 92
+ 1 93
+ 1 94
+ 1 95
+ 1 96
+ 1 97
+ 1 98
+ 1 99
+ 1 100
x 5 22
x 6 32
x 28 36
x 35 56
x 42 58
x 56 76
x 79 82
x 94 89
+ 100 2
+ 100 3
+ 100 4
+ 100 5
+ 100 6
+ 100 7
+ 100 8
+ 100 9
+ 100 10
+ 100 11
+ 100 12
+ 100 13
o 100 14
+ 100 15
+ 100 16
+ 100 17
+ 100 18
+ 100 19
+ 100 20
+ 100 21
+ 100 22
+ 100 23
+ 100 24
+ 100 25
+ 100 26
+ 100 27
+ 100 28
+ 100 29
+ 100 30
+ 100 31
+ 100 32
+ 100 33
+ 100 34
+ 100 35
+ 100 36
+ 100 37
+ 100 38
+ 100 39
+ 100 40
+ 100 41
+ 100 42
+ 100 43
+ 100 44
+ 100 45
+ 100 46
+ 100 47
+ 100 48
+ 100 49
+ 100 50
+ 100 51
+ 100 52
+ 100 53
+ 100 54
+ 100 55
+ 100 56
+ 100 57
+ 100 58
+ 100 59
+ 100 60
+ 100 61
+ 100 62
+ 100 63
+ 100 64
+ 100 65
+ 100 66
+ 100 67
+ 100 68
+ 100 69
+ 100 70
+ 100 71
+ 100 72
+ 100 73
+ 100 74
+ 100 75
+ 100 76
+ 100 77
+ 100 78
+ 100 79
+ 100 80
+ 100 81
+ 100 82
+ 100 83
+ 100 84
+ 100 85
+ 100 86
+ 100 87
+ 100 88
+ 100 89
+ 100 90
+ 100 91
+ 100 92
+ 100 93
+ 100 94
+ 100 95
+ 100 96
+ 100 97
+ 100 98
+ 100 99
Case #84: 265 169
o 1 1
x 2 2
+ 2 100
x 3 3
+ 3 100
x 4 4
+ 4 100
x 5 5
+ 5 100
x 6 6
+ 6 100
x 7 7
+ 7 100
x 8 8
+ 8 100
x 9 9
+ 9 100
x 10 10
+ 10 100
x 11 11
+ 11 100
x 12 12
+ 12 100
x 13 13
+ 13 100
x 14 14
+ 14 100
x 15 15
+ 15 100
x 16 16
+ 16 100
x 17 17
+ 17 100
x 18 18
+ 18 100
x 19 19
+ 19 100
x 20 20
+ 20 100
x 21 21
x 22 22
+ 22 99
x 23 23
+ 23 99
x 24 24
+ 24 99
x 25 25
+ 25 99
x 26 26
+ 26 99
x 27 27
x 28 28
+ 28 98
+ 28 99
x 29 29
x 30 30
+ 30 98
+ 30 99
x 31 31
x 32 32
+ 32 98
x 33 33
+ 33 98
x 34 34
+ 34 98
x 35 35
+ 35 98
x 36 36
+ 36 98
x 37 37
x 38 38
+ 38 97
x 39 39
x 40 40
+ 40 96
x 41 41
+ 41 96
x 42 42
x 43 43
x 44 44
+ 44 95
x 45 45
x 46 46
+ 46 100
x 47 47
x 48 48
+ 48 100
x 49 49
x 50 50
+ 50 100
x 51 51
x 52 52
+ 52 99
x 53 53
x 54 54
+ 54 100
x 55 55
x 56 56
x 57 57
x 58 58
x 59 59
x 60 60
+ 60 99
x 61 61
x 62 62
x 63 63
+ 63 97
+ 63 100
x 64 64
x 65 65
x 66 66
x 67 67
x 68 68
x 69 69
x 70 70
x 71 71
+ 71 99
x 72 72
x 73 73
+ 73 94
x 74 74
x 75 75
x 76 76
x 77 77
+ 77 87
x 78 78
x 79 79
x 80 80
x 81 81
x 82 82
x 83 83
x 84 84
x 85 85
x 86 86
x 87 87
x 88 88
x 89 89
x 90 90
x 91 91
x 92 92
x 93 93
x 94 94
x 95 95
+ 96 49
+ 96 70
+ 96 73
x 96 96
+ 97 41
+ 97 44
+ 97 45
+ 97 65
x 97 97
+ 98 49
+ 98 57
+ 98 70
x 98 98
+ 99 44
+ 99 45
+ 99 54
x 99 99
+ 100 40
+ 100 49
+ 100 52
+ 100 56
+ 100 57
+ 100 58
+ 100 61
+ 100 65
x 100 100
Case #85: 61 33
+ 1 1
+ 1 6
+ 1 10
+ 1 12
+ 1 14
+ 1 19
+ 1 21
+ 1 23
+ 2 1
x 2 2
+ 2 23
+ 3 1
+ 5 1
x 5 3
+ 6 20
+ 6 23
+ 8 2
x 9 7
+ 12 2
x 12 9
x 15 10
x 16 11
+ 16 23
x 17 14
x 18 15
+ 21 9
+ 21 14
x 21 16
x 22 18
+ 23 9
+ 23 10
+ 23 14
x 23 21
Case #86: 36 0
Case #87: 229 124
+ 1 1
o 1 2
+ 1 6
+ 1 12
+ 1 13
+ 1 23
+ 1 24
+ 1 25
+ 1 35
+ 1 36
+ 1 37
+ 1 41
+ 1 42
+ 1 45
+ 1 46
+ 1 48
+ 1 55
+ 1 56
+ 1 68
+ 1 70
+ 1 71
+ 1 74
+ 1 76
+ 1 78
+ 1 80
+ 1 82
+ 1 83
x 2 4
+ 2 9
+ 2 28
+ 2 59
+ 2 65
+ 2 87
+ 3 42
+ 3 87
+ 4 1
x 4 5
+ 4 14
+ 4 25
+ 4 36
+ 5 1
+ 6 86
+ 7 1
+ 9 1
x 9 6
x 10 8
x 11 12
+ 11 82
x 12 13
+ 13 2
x 13 16
+ 13 87
+ 15 2
+ 16 4
+ 17 2
+ 18 4
x 19 17
x 20 18
x 21 19
+ 21 87
+ 23 87
x 24 21
x 25 22
+ 25 87
x 28 24
x 29 26
+ 29 87
x 30 27
+ 31 87
+ 32 83
x 33 30
x 34 32
x 35 35
+ 35 84
+ 35 87
x 36 36
x 37 37
+ 38 6
x 38 39
x 39 40
+ 39 87
x 41 41
x 42 42
x 43 45
x 44 47
x 45 49
+ 46 2
x 46 51
x 47 55
+ 48 85
x 49 57
+ 51 84
+ 53 84
x 54 58
x 55 61
+ 56 85
x 58 62
x 59 63
x 61 65
x 62 67
x 63 68
x 66 71
x 68 72
x 69 73
x 76 75
x 77 76
+ 79 18
x 79 81
+ 80 25
x 80 83
+ 81 18
+ 81 44
+ 83 18
+ 84 25
+ 84 39
+ 84 44
+ 84 45
+ 84 50
+ 85 62
x 85 85
+ 86 44
+ 86 45
+ 87 56
x 87 87
Case #88: 7 6
o 1 1
+ 1 2
+ 1 3
x 2 2
+ 3 2
x 3 3
Case #89: 291 202
+ 1 3
+ 1 4
+ 1 5
+ 1 6
+ 1 7
+ 1 10
o 1 11
+ 1 14
+ 1 15
+ 1 16
+ 1 17
+ 1 18
+ 1 21
+ 1 23
+ 1 25
+ 1 26
+ 1 27
+ 1 28
+ 1 29
+ 1 30
+ 1 31
+ 1 32
+ 1 33
+ 1 34
+ 1 35
+ 1 36
+ 1 37
+ 1 38
+ 1 40
+ 1 41
+ 1 42
+ 1 43
+ 1 44
+ 1 45
+ 1 47
+ 1 48
+ 1 49
+ 1 50
+ 1 52
+ 1 54
+ 1 55
+ 1 57
+ 1 58
+ 1 59
+ 1 60
+ 1 61
+ 1 64
+ 1 65
+ 1 66
+ 1 67
+ 1 68
+ 1 70
+ 1 71
+ 1 72
+ 1 73
+ 1 75
+ 1 76
+ 1 77
+ 1 79
+ 1 80
+ 1 81
+ 1 82
+ 1 83
+ 1 84
+ 1 85
+ 1 86
+ 1 87
+ 1 88
+ 1 89
+ 1 91
+ 1 92
+ 1 93
+ 1 95
+ 1 96
+ 1 98
+ 1 99
+ 1 100
+ 2 23
x 3 3
+ 3 99
x 4 6
+ 5 98
+ 6 4
x 6 10
+ 8 97
x 12 12
x 14 13
x 17 14
+ 24 97
x 25 15
x 30 16
x 32 18
+ 32 100
x 34 21
x 36 23
x 38 25
+ 38 100
+ 39 100
x 40 34
+ 45 100
+ 48 100
+ 51 1
x 51 36
x 53 39
x 54 50
x 55 54
x 58 55
+ 62 100
x 64 62
x 70 66
x 71 74
x 73 75
x 77 83
x 79 86
+ 80 99
x 81 89
+ 82 100
x 84 94
+ 85 96
x 87 95
+ 92 77
+ 92 99
+ 94 19
+ 94 77
+ 95 12
+ 96 19
+ 96 31
+ 96 63
+ 96 69
+ 96 77
+ 96 89
x 96 97
+ 97 12
+ 97 26
+ 97 38
x 97 98
+ 98 6
+ 98 12
+ 98 18
+ 98 19
+ 98 24
+ 98 31
+ 98 35
+ 98 43
+ 98 46
+ 98 49
+ 98 52
+ 98 53
+ 98 56
+ 98 57
+ 98 60
+ 98 63
+ 98 77
+ 98 85
+ 98 89
+ 98 92
x 98 100
+ 99 9
+ 99 12
+ 99 15
+ 99 21
+ 99 26
+ 99 27
+ 99 29
+ 99 31
+ 99 38
+ 99 41
+ 99 43
+ 99 68
+ 99 95
+ 100 6
+ 100 12
+ 100 18
+ 100 19
+ 100 24
+ 100 31
+ 100 34
+ 100 36
+ 100 43
+ 100 46
+ 100 49
+ 100 52
+ 100 53
+ 100 56
+ 100 57
+ 100 60
+ 100 63
+ 100 64
+ 100 66
+ 100 68
+ 100 70
+ 100 72
+ 100 74
+ 100 76
+ 100 77
+ 100 78
o 100 80
+ 100 84
+ 100 86
+ 100 88
+ 100 89
+ 100 92
Case #90: 273 173
+ 1 26
+ 1 34
+ 1 36
+ 1 40
+ 1 43
+ 1 50
+ 1 57
+ 1 59
+ 1 63
+ 1 64
+ 1 66
+ 1 70
+ 1 71
+ 1 81
+ 1 87
+ 1 89
+ 1 91
+ 1 94
+ 1 99
+ 1 100
+ 2 77
x 3 1
+ 3 99
+ 3 100
+ 4 35
x 5 2
+ 5 99
+ 5 100
x 6 3
x 7 4
+ 7 99
x 8 6
+ 8 99
x 9 8
x 10 9
+ 10 99
x 11 10
x 12 11
+ 12 96
+ 12 99
x 13 13
x 14 15
+ 14 96
+ 14 99
+ 15 1
x 15 16
x 16 17
+ 16 99
+ 17 95
x 18 18
+ 18 99
x 19 19
+ 19 95
x 20 20
+ 20 99
x 21 21
+ 21 95
x 22 22
x 23 23
+ 23 95
x 24 24
x 25 25
x 26 26
x 27 27
x 28 28
x 29 31
x 30 32
x 32 34
x 33 36
+ 33 99
+ 33 100
x 35 37
+ 35 99
x 36 38
+ 38 97
+ 38 98
x 39 40
x 40 41
x 41 42
x 42 46
x 43 47
+ 43 100
x 44 48
x 45 51
x 46 53
+ 46 99
x 47 54
+ 47 99
x 49 55
x 52 56
+ 52 98
+ 53 100
x 54 57
+ 54 98
x 56 58
x 57 61
x 58 62
+ 59 99
+ 59 100
x 60 63
x 61 64
x 64 65
x 66 66
x 68 67
+ 68 98
x 69 69
x 70 71
x 71 72
x 72 73
+ 72 99
+ 72 100
x 73 74
x 74 76
x 75 77
x 76 78
+ 76 97
x 77 79
x 78 80
+ 78 97
x 79 82
x 80 83
+ 80 98
x 81 84
+ 81 96
x 83 85
x 85 87
x 87 88
+ 90 75
x 90 90
+ 93 32
x 93 91
+ 95 25
+ 95 26
+ 95 31
+ 95 32
+ 95 42
+ 96 71
x 96 92
+ 97 25
+ 97 26
+ 97 31
+ 97 32
+ 97 42
+ 97 64
x 97 93
+ 98 40
+ 98 46
+ 98 51
+ 98 56
x 98 95
+ 99 25
+ 99 31
+ 99 32
+ 99 43
+ 99 48
+ 99 49
+ 99 63
+ 99 65
+ 99 77
x 99 98
+ 100 40
+ 100 41
+ 100 51
+ 100 55
+ 100 56
+ 100 57
+ 100 60
+ 100 63
+ 100 68
+ 100 69
+ 100 70
+ 100 74
x 100 99
Case #91: 2 1
o 1 1
Case #92: 290 191
+ 1 2
+ 1 4
+ 1 5
+ 1 6
+ 1 7
+ 1 8
+ 1 9
+ 1 10
+ 1 12
+ 1 14
+ 1 15
+ 1 16
+ 1 18
+ 1 19
+ 1 20
+ 1 21
+ 1 22
+ 1 23
+ 1 24
+ 1 25
+ 1 26
+ 1 30
+ 1 31
+ 1 32
+ 1 33
+ 1 36
+ 1 37
+ 1 38
+ 1 40
+ 1 41
+ 1 42
+ 1 43
o 1 44
+ 1 45
+ 1 46
+ 1 47
+ 1 49
+ 1 50
+ 1 51
+ 1 52
+ 1 53
+ 1 54
+ 1 56
+ 1 57
+ 1 62
+ 1 63
+ 1 64
+ 1 65
+ 1 66
+ 1 67
+ 1 68
+ 1 73
+ 1 74
+ 1 75
+ 1 76
+ 1 78
+ 1 79
+ 1 80
+ 1 81
+ 1 83
+ 1 84
+ 1 85
+ 1 86
+ 1 87
+ 1 88
+ 1 89
+ 1 90
+ 1 91
+ 1 92
+ 1 93
+ 1 94
+ 1 95
+ 1 96
+ 1 97
+ 1 98
+ 1 99
+ 1 100
+ 2 12
+ 3 1
+ 3 57
+ 4 32
x 6 4
+ 6 22
x 12 14
x 15 15
+ 19 100
+ 21 97
+ 25 96
+ 27 2
+ 27 96
+ 30 100
x 32 34
+ 32 100
x 37 45
+ 37 97
x 38 46
+ 38 97
x 39 47
+ 43 100
x 47 53
+ 53 100
x 57 59
x 59 70
+ 62 100
+ 66 99
x 70 72
x 73 73
x 76 74
x 78 76
x 81 81
+ 90 16
+ 92 16
x 92 83
+ 93 29
+ 93 85
+ 94 8
+ 94 16
+ 94 19
x 94 84
+ 95 10
+ 95 29
+ 95 91
+ 96 8
+ 96 16
+ 96 19
+ 96 24
+ 96 33
+ 96 81
+ 96 84
+ 96 87
+ 96 93
+ 97 6
+ 97 10
+ 97 14
+ 97 29
+ 97 73
+ 97 76
+ 97 77
+ 97 91
+ 98 16
+ 98 19
+ 98 27
+ 98 33
+ 98 38
+ 98 39
+ 98 42
+ 98 46
+ 98 50
+ 98 56
+ 98 59
+ 98 81
+ 98 84
+ 98 87
+ 98 93
x 98 100
+ 99 10
+ 99 29
+ 99 42
+ 99 53
+ 99 59
+ 99 61
+ 99 62
+ 99 64
+ 99 67
+ 99 69
+ 99 76
+ 99 77
+ 100 16
+ 100 27
+ 100 33
+ 100 38
+ 100 39
+ 100 42
+ 100 45
+ 100 46
+ 100 47
+ 100 49
+ 100 50
+ 100 51
+ 100 55
+ 100 56
+ 100 59
+ 100 64
+ 100 67
+ 100 69
+ 100 71
+ 100 72
+ 100 81
+ 100 84
+ 100 87
+ 100 93
Case #93: 268 171
o 1 1
x 2 2
+ 2 100
x 3 3
+ 3 100
x 4 4
+ 4 100
x 5 5
+ 5 100
x 6 6
+ 6 100
x 7 7
+ 7 100
x 8 8
+ 8 100
x 9 9
+ 9 100
x 10 10
+ 10 100
x 11 11
+ 11 100
x 12 12
+ 12 100
x 13 13
+ 13 100
x 14 14
+ 14 100
x 15 15
+ 15 100
x 16 16
+ 16 100
x 17 17
+ 17 100
x 18 18
x 19 19
+ 19 99
+ 19 100
x 20 20
x 21 21
+ 21 99
+ 21 100
x 22 22
x 23 23
+ 23 100
x 24 24
+ 24 98
x 25 25
+ 25 100
x 26 26
+ 26 98
x 27 27
+ 27 100
x 28 28
+ 28 98
x 29 29
+ 29 100
x 30 30
+ 30 98
x 31 31
+ 31 100
x 32 32
+ 32 98
x 33 33
x 34 34
+ 34 98
x 35 35
x 36 36
+ 36 97
+ 36 98
x 37 37
x 38 38
x 39 39
x 40 40
x 41 41
x 42 42
x 43 43
+ 43 95
+ 43 100
x 44 44
+ 44 95
x 45 45
+ 45 100
x 46 46
+ 46 94
+ 46 100
x 47 47
x 48 48
x 49 49
x 50 50
x 51 51
+ 51 100
x 52 52
x 53 53
+ 53 100
x 54 54
+ 54 100
x 55 55
+ 55 100
x 56 56
x 57 57
+ 57 99
x 58 58
x 59 59
x 60 60
x 61 61
+ 61 99
x 62 62
x 63 63
+ 63 100
x 64 64
+ 64 100
x 65 65
+ 65 100
x 66 66
x 67 67
x 68 68
+ 68 98
x 69 69
+ 69 98
x 70 70
x 71 71
x 72 72
x 73 73
x 74 74
x 75 75
x 76 76
+ 76 93
x 77 77
x 78 78
x 79 79
x 80 80
x 81 81
x 82 82
x 83 83
x 84 84
x 85 85
x 86 86
x 87 87
x 88 88
+ 89 68
x 89 89
x 90 90
x 91 91
+ 92 79
x 92 92
x 93 93
x 94 94
+ 95 73
x 95 95
+ 96 40
+ 96 46
+ 96 51
+ 96 52
+ 96 63
+ 96 76
x 96 96
+ 97 38
x 97 97
+ 98 43
+ 98 52
+ 98 63
x 98 98
+ 99 45
+ 99 50
+ 99 71
x 99 99
+ 100 37
+ 100 52
+ 100 58
+ 100 62
x 100 100
Case #94: 122 0
Case #95: 288 218
+ 1 2
+ 1 4
+ 1 6
+ 1 8
+ 1 9
+ 1 10
+ 1 11
+ 1 13
+ 1 19
+ 1 21
+ 1 22
+ 1 24
+ 1 25
+ 1 26
+ 1 29
+ 1 31
+ 1 32
+ 1 33
+ 1 34
+ 1 35
+ 1 36
+ 1 37
+ 1 38
+ 1 39
+ 1 40
+ 1 41
+ 1 44
+ 1 47
+ 1 48
+ 1 49
o 1 50
+ 1 51
+ 1 52
+ 1 53
+ 1 55
+ 1 56
+ 1 57
+ 1 58
+ 1 59
+ 1 61
+ 1 63
+ 1 66
+ 1 67
+ 1 68
+ 1 69
+ 1 70
+ 1 71
+ 1 72
+ 1 73
+ 1 74
+ 1 75
+ 1 76
+ 1 77
+ 1 79
+ 1 80
+ 1 81
+ 1 82
+ 1 85
+ 1 86
+ 1 87
+ 1 88
+ 1 89
+ 1 90
+ 1 91
+ 1 92
+ 1 93
+ 1 95
+ 1 96
+ 1 97
+ 1 98
+ 1 100
x 2 3
+ 2 6
+ 2 13
+ 2 100
x 3 4
x 5 7
+ 5 98
x 7 12
+ 9 8
x 11 13
+ 11 94
x 13 14
x 16 15
x 18 16
x 20 17
x 22 20
+ 22 99
x 23 22
x 25 26
x 27 27
+ 28 1
x 28 33
+ 30 1
x 30 34
x 32 38
+ 32 96
x 33 39
x 34 40
x 35 41
+ 35 98
x 37 42
+ 37 98
x 40 43
+ 41 3
+ 41 100
x 42 48
x 43 51
x 44 52
x 45 53
x 46 54
x 47 55
x 50 57
x 51 58
+ 54 98
x 55 61
+ 55 100
x 59 62
x 61 64
x 65 66
x 66 69
x 69 71
+ 69 95
x 70 72
x 72 73
x 73 75
x 76 78
x 77 80
+ 77 99
+ 79 96
+ 80 4
x 80 83
x 81 85
x 82 86
x 84 87
x 86 88
+ 86 100
x 89 89
x 91 90
+ 92 19
+ 92 26
+ 93 74
+ 94 19
+ 94 26
+ 94 31
+ 94 50
+ 94 85
x 94 91
+ 95 12
+ 95 13
+ 95 39
+ 95 63
+ 95 74
+ 95 92
x 95 95
+ 96 8
+ 96 18
+ 96 19
+ 96 26
+ 96 31
+ 96 34
+ 96 44
+ 96 50
+ 96 53
+ 96 74
+ 96 85
x 96 96
+ 97 12
+ 97 13
+ 97 26
+ 97 39
+ 97 57
+ 97 63
+ 97 66
+ 97 69
+ 97 74
+ 97 80
x 97 98
+ 98 8
+ 98 18
+ 98 19
+ 98 26
+ 98 31
+ 98 34
+ 98 44
+ 98 47
+ 98 50
+ 98 53
+ 98 59
+ 98 63
+ 98 74
+ 98 85
x 98 99
+ 99 13
+ 99 38
+ 99 39
+ 99 40
+ 99 44
+ 99 57
+ 99 63
+ 99 66
+ 99 69
+ 99 74
+ 99 79
+ 99 81
+ 99 83
+ 99 85
+ 100 19
+ 100 26
+ 100 31
+ 100 47
+ 100 50
+ 100 53
+ 100 59
+ 100 74
+ 100 85
+ 100 88
+ 100 90
Case #96: 70 36
+ 1 2
+ 1 3
+ 1 6
+ 1 7
+ 1 8
+ 1 10
+ 1 12
+ 1 18
+ 1 19
+ 1 22
+ 1 27
+ 2 22
+ 2 27
x 3 1
+ 3 2
+ 3 27
x 4 3
x 5 5
x 6 7
+ 7 3
x 7 10
+ 9 3
+ 9 25
x 10 14
x 14 17
x 15 18
x 17 19
x 19 20
+ 20 1
x 20 21
+ 24 17
+ 25 20
x 25 22
+ 26 17
x 26 25
x 27 26
Case #97: 271 192
o 1 1
+ 1 8
+ 1 23
+ 1 24
+ 1 25
+ 1 28
+ 1 61
+ 1 67
+ 1 85
+ 1 86
+ 1 94
+ 1 96
+ 1 99
+ 1 100
x 2 2
+ 2 15
+ 2 71
x 3 3
+ 3 99
x 4 4
x 5 5
+ 5 99
x 6 6
+ 6 26
+ 6 97
x 7 7
+ 7 99
x 8 8
+ 8 97
x 9 9
x 10 10
+ 10 97
+ 10 98
+ 11 1
x 11 11
x 12 12
+ 12 98
x 13 13
+ 13 96
x 14 14
x 15 15
+ 15 96
x 16 16
+ 16 96
x 17 17
+ 17 96
x 18 18
+ 18 96
x 19 19
+ 19 96
x 20 20
+ 20 96
x 21 21
+ 21 96
x 22 22
+ 22 96
x 23 23
+ 23 96
x 24 24
+ 24 96
x 25 25
x 26 26
+ 26 96
x 27 27
+ 27 94
x 28 28
x 29 29
x 30 30
x 31 31
x 32 32
x 33 33
x 34 34
+ 34 91
x 35 35
+ 35 99
x 36 36
+ 36 91
x 37 37
x 38 38
+ 38 97
x 39 39
x 40 40
x 41 41
x 42 42
x 43 43
+ 43 99
x 44 44
x 45 45
x 46 46
x 47 47
+ 47 100
x 48 48
x 49 49
+ 49 95
+ 49 100
x 50 50
+ 50 100
x 51 51
+ 51 100
x 52 52
x 53 53
+ 53 100
x 54 54
+ 55 1
x 55 55
x 56 56
+ 56 100
x 57 57
+ 57 100
x 58 58
x 59 59
x 60 60
+ 60 98
+ 60 99
x 61 61
x 62 62
x 63 63
x 64 64
+ 64 100
x 65 65
x 66 66
x 67 67
+ 67 96
+ 67 98
x 68 68
+ 68 100
x 69 69
x 70 70
x 71 71
x 72 72
x 73 73
x 74 74
x 75 75
x 76 76
x 77 77
x 78 78
x 79 79
x 80 80
x 81 81
x 82 82
x 83 83
x 84 84
x 85 85
x 86 86
x 87 87
x 88 88
x 89 89
x 90 90
+ 91 46
x 91 91
x 92 92
+ 93 46
x 93 93
+ 94 32
+ 94 35
+ 94 73
+ 94 79
x 94 94
+ 95 46
+ 95 77
x 95 95
+ 96 27
+ 96 32
+ 96 40
+ 96 50
x 96 96
+ 97 27
+ 97 34
+ 97 46
+ 97 55
+ 97 72
x 97 97
+ 98 32
+ 98 40
+ 98 76
x 98 98
+ 99 34
+ 99 49
+ 99 55
+ 99 56
+ 99 62
x 99 99
+ 100 32
+ 100 40
+ 100 45
+ 100 60
+ 100 62
+ 100 66
+ 100 70
+ 100 71
+ 100 76
x 100 100
Case #98: 63 35
+ 1 1
x 1 2
+ 1 3
+ 1 4
+ 1 6
+ 1 7
+ 1 13
+ 1 23
+ 1 24
+ 2 17
+ 3 24
+ 4 2
x 4 3
+ 6 24
x 7 5
+ 8 1
+ 8 4
+ 8 21
+ 10 1
x 10 7
x 11 9
x 13 10
+ 13 24
+ 16 2
x 16 12
x 18 13
x 19 14
x 20 15
x 21 18
x 22 22
+ 23 8
+ 24 12
+ 24 14
+ 24 19
x 24 23
Case #99: 265 153
x 1 2
+ 1 3
+ 1 4
+ 1 5
+ 1 11
+ 1 12
+ 1 13
+ 1 19
+ 1 25
+ 1 28
+ 1 29
+ 1 30
+ 1 31
+ 1 32
+ 1 33
+ 1 34
+ 1 35
+ 1 40
+ 1 43
+ 1 45
+ 1 47
+ 1 50
+ 1 53
+ 1 58
+ 1 59
+ 1 60
+ 1 66
+ 1 73
+ 1 75
+ 1 76
+ 1 77
+ 1 79
+ 1 81
+ 1 82
+ 1 83
+ 1 85
+ 1 87
+ 1 88
+ 1 90
+ 1 92
+ 1 96
+ 1 97
+ 2 17
+ 2 62
+ 2 69
+ 3 96
+ 3 97
x 4 3
+ 4 41
+ 4 59
+ 5 2
+ 5 97
+ 6 59
+ 7 2
+ 7 3
x 7 4
+ 7 97
x 8 6
+ 8 93
+ 9 2
x 9 11
+ 10 93
+ 12 4
x 12 17
+ 15 3
x 15 18
+ 15 94
x 17 19
+ 17 94
+ 18 3
x 18 20
x 19 24
+ 19 89
+ 20 2
x 20 25
+ 20 93
x 21 26
x 22 30
+ 22 90
x 24 32
x 25 35
+ 25 91
+ 26 97
+ 27 91
x 30 39
x 32 43
x 33 44
x 35 45
x 39 46
x 40 47
x 42 50
+ 42 96
x 45 51
+ 48 2
x 48 52
x 49 55
+ 49 96
+ 51 1
x 51 56
x 54 57
x 56 58
x 58 60
x 59 61
x 61 62
+ 62 97
x 63 63
x 64 66
x 67 67
+ 69 95
+ 70 95
x 71 68
x 73 70
x 75 73
x 78 74
x 80 76
x 81 77
x 82 80
x 83 82
x 84 86
x 85 88
x 88 89
+ 90 38
+ 90 66
+ 91 26
x 91 90
+ 93 26
+ 93 32
+ 93 42
+ 93 54
+ 93 55
+ 93 67
x 93 91
+ 94 21
+ 94 37
+ 94 40
x 94 94
+ 95 26
+ 95 31
+ 95 32
+ 95 59
x 95 95
+ 96 41
+ 96 54
+ 96 59
+ 96 65
+ 96 66
x 96 96
+ 97 54
+ 97 72
+ 97 74
+ 97 76
+ 97 78
+ 97 80
Case #100: 294 222
+ 1 2
+ 1 3
+ 1 4
+ 1 5
+ 1 6
+ 1 8
+ 1 11
+ 1 12
+ 1 13
+ 1 14
o 1 15
+ 1 16
+ 1 17
+ 1 18
+ 1 19
+ 1 20
+ 1 21
+ 1 22
+ 1 23
+ 1 24
+ 1 25
+ 1 26
+ 1 27
+ 1 28
+ 1 29
+ 1 31
+ 1 32
+ 1 33
+ 1 34
+ 1 36
+ 1 37
+ 1 38
+ 1 39
+ 1 40
+ 1 42
+ 1 43
+ 1 44
+ 1 45
+ 1 46
+ 1 47
+ 1 48
+ 1 49
+ 1 50
+ 1 51
+ 1 52
+ 1 53
+ 1 54
+ 1 55
+ 1 56
+ 1 57
+ 1 58
+ 1 59
+ 1 60
+ 1 61
+ 1 62
+ 1 63
+ 1 64
+ 1 65
+ 1 66
+ 1 67
+ 1 68
+ 1 69
+ 1 70
+ 1 71
+ 1 72
+ 1 73
+ 1 74
+ 1 76
+ 1 77
+ 1 78
+ 1 79
+ 1 80
+ 1 81
+ 1 82
+ 1 83
+ 1 84
+ 1 85
+ 1 86
+ 1 87
+ 1 88
+ 1 89
+ 1 90
+ 1 91
+ 1 92
+ 1 94
+ 1 95
+ 1 96
+ 1 97
+ 1 98
+ 1 99
+ 1 100
+ 5 97
+ 6 4
x 8 2
+ 10 1
x 11 14
x 15 16
x 17 18
x 18 21
x 23 24
x 25 32
+ 25 99
x 26 33
x 27 40
x 29 44
x 32 46
x 33 48
+ 35 1
x 40 49
x 41 50
x 44 51
x 48 55
x 49 56
x 50 57
x 52 58
x 53 60
x 59 62
+ 59 99
x 61 69
x 63 74
x 71 75
+ 71 100
x 75 78
x 79 79
x 81 81
x 82 82
x 88 84
x 90 89
x 92 91
x 93 93
+ 96 16
x 96 96
+ 97 9
+ 97 23
+ 97 79
+ 97 85
+ 97 91
+ 98 5
+ 98 6
+ 98 11
+ 98 12
+ 98 16
+ 98 17
+ 98 20
+ 98 23
+ 98 29
+ 98 32
+ 98 35
+ 98 38
+ 98 41
+ 98 44
+ 98 47
+ 98 50
+ 98 51
+ 98 54
+ 98 55
+ 98 61
+ 98 65
+ 98 70
+ 98 82
+ 98 88
+ 98 93
+ 98 94
+ 98 97
+ 99 8
+ 99 9
+ 99 14
+ 99 20
+ 99 23
+ 99 26
+ 99 27
+ 99 29
+ 99 32
+ 99 35
+ 99 38
+ 99 41
+ 99 44
+ 99 47
+ 99 57
+ 99 58
+ 99 67
+ 99 68
+ 99 70
+ 99 73
+ 99 75
+ 99 79
+ 99 85
+ 99 91
x 99 98
+ 100 5
+ 100 11
+ 100 16
+ 100 17
+ 100 23
+ 100 29
+ 100 32
+ 100 35
+ 100 38
+ 100 41
+ 100 44
+ 100 47
+ 100 50
+ 100 51
+ 100 54
+ 100 55
+ 100 60
+ 100 61
+ 100 62
+ 100 64
+ 100 65
+ 100 70
+ 100 73
+ 100 75
+ 100 77
+ 100 79
+ 100 81
+ 100 83
+ 100 85
+ 100 87
+ 100 89
+ 100 93
+ 100 97
